#
# There is insufficient memory for the Java Runtime Environment to continue.
# Native memory allocation (malloc) failed to allocate 872896 bytes for Chunk::new
# Possible reasons:
#   The system is out of physical RAM or swap space
#   The process is running with CompressedOops enabled, and the Java Heap may be blocking the growth of the native heap
# Possible solutions:
#   Reduce memory load on the system
#   Increase physical memory or swap space
#   Check if swap backing store is full
#   Decrease Java heap size (-Xmx/-Xms)
#   Decrease number of Java threads
#   Decrease Java thread stack sizes (-Xss)
#   Set larger code cache with -XX:ReservedCodeCacheSize=
#   JVM is running with Unscaled Compressed Oops mode in which the Java heap is
#     placed in the first 4GB address space. The Java Heap base address is the
#     maximum limit for the native heap growth. Please use -XX:HeapBaseMinAddress
#     to set the Java Heap base and to place the Java Heap above 4GB virtual address.
# This output file may be truncated or incomplete.
#
#  Out of Memory Error (arena.cpp:189), pid=9484, tid=19280
#
# JRE version: Java(TM) SE Runtime Environment (17.0.8+9) (build 17.0.8+9-LTS-211)
# Java VM: Java HotSpot(TM) 64-Bit Server VM (17.0.8+9-LTS-211, mixed mode, sharing, tiered, compressed oops, compressed class ptrs, g1 gc, windows-amd64)
# No core dump will be written. Minidumps are not enabled by default on client versions of Windows
#

---------------  S U M M A R Y ------------

Command Line: --add-opens=java.base/java.util=ALL-UNNAMED --add-opens=java.base/java.lang=ALL-UNNAMED --add-opens=java.base/java.lang.invoke=ALL-UNNAMED --add-opens=java.prefs/java.util.prefs=ALL-UNNAMED --add-opens=java.base/java.nio.charset=ALL-UNNAMED --add-opens=java.base/java.net=ALL-UNNAMED --add-opens=java.base/java.util.concurrent.atomic=ALL-UNNAMED -XX:MaxMetaspaceSize=384m -XX:+HeapDumpOnOutOfMemoryError -Xms256m -Xmx512m -Dfile.encoding=UTF-8 -Duser.country=KR -Duser.language=ko -Duser.variant -javaagent:C:\Users\user\.gradle\wrapper\dists\gradle-8.5-bin\5t9huq95ubn472n8rpzujfbqh\gradle-8.5\lib\agents\gradle-instrumentation-agent-8.5.jar org.gradle.launcher.daemon.bootstrap.GradleDaemon 8.5

Host: Intel(R) Core(TM) i5-7500 CPU @ 3.40GHz, 4 cores, 7G,  Windows 10 , 64 bit Build 19041 (10.0.19041.3636)
Time: Fri Jan 12 20:57:57 2024  Windows 10 , 64 bit Build 19041 (10.0.19041.3636) elapsed time: 19.367100 seconds (0d 0h 0m 19s)

---------------  T H R E A D  ---------------

Current thread (0x000002197ef29b50):  JavaThread "C2 CompilerThread1" daemon [_thread_in_native, id=19280, stack(0x0000001f3f200000,0x0000001f3f300000)]


Current CompileTask:
C2:  19367 2844       4       java.lang.invoke.MethodType::makeImpl (109 bytes)

Stack: [0x0000001f3f200000,0x0000001f3f300000]
Native frames: (J=compiled Java code, j=interpreted, Vv=VM code, C=native code)
V  [jvm.dll+0x677d0a]
V  [jvm.dll+0x7d8c54]
V  [jvm.dll+0x7da3fe]
V  [jvm.dll+0x7daa63]
V  [jvm.dll+0x245c5f]
V  [jvm.dll+0xaaa6b]
V  [jvm.dll+0xab00c]
V  [jvm.dll+0x2ab5cf]
V  [jvm.dll+0x580435]
V  [jvm.dll+0x220b22]
V  [jvm.dll+0x219bfd]
V  [jvm.dll+0x217329]
V  [jvm.dll+0x1a3af0]
V  [jvm.dll+0x2270be]
V  [jvm.dll+0x22535b]
V  [jvm.dll+0x78e7bc]
V  [jvm.dll+0x788bba]
V  [jvm.dll+0x676b35]
C  [ucrtbase.dll+0x21bb2]
C  [KERNEL32.DLL+0x17344]
C  [ntdll.dll+0x526b1]


---------------  P R O C E S S  ---------------

Threads class SMR info:
_java_thread_list=0x000002197ed58290, length=34, elements={
0x000002196df76720, 0x0000021978fd7c50, 0x0000021978fd8b90, 0x0000021978ff0af0,
0x0000021978ff16a0, 0x0000021978ff2150, 0x0000021978ff2b00, 0x0000021978ff48a0,
0x0000021978ff7a50, 0x0000021979002a50, 0x00000219791038b0, 0x00000219791b5190,
0x000002197ef29b50, 0x00000219244ee9b0, 0x000002197ee9dde0, 0x00000219791fbb30,
0x0000021979929300, 0x000002197ef10cf0, 0x000002197fe69020, 0x000002197fe6a5e0,
0x000002197eb39400, 0x000002197e2d9d60, 0x000002197e2dba40, 0x000002197e2da230,
0x000002197e2dd250, 0x000002197e2dabd0, 0x000002197e2da700, 0x000002197e2dc8b0,
0x000002197e2dd720, 0x000002197e2db0a0, 0x000002197e2dcd80, 0x000002197e2dbf10,
0x000002197e2db570, 0x000002197e2dc3e0
}

Java Threads: ( => current thread )
  0x000002196df76720 JavaThread "main" [_thread_blocked, id=7860, stack(0x0000001f3dc00000,0x0000001f3dd00000)]
  0x0000021978fd7c50 JavaThread "Reference Handler" daemon [_thread_blocked, id=5200, stack(0x0000001f3e300000,0x0000001f3e400000)]
  0x0000021978fd8b90 JavaThread "Finalizer" daemon [_thread_blocked, id=8336, stack(0x0000001f3e400000,0x0000001f3e500000)]
  0x0000021978ff0af0 JavaThread "Signal Dispatcher" daemon [_thread_blocked, id=18784, stack(0x0000001f3e500000,0x0000001f3e600000)]
  0x0000021978ff16a0 JavaThread "Attach Listener" daemon [_thread_blocked, id=6184, stack(0x0000001f3e600000,0x0000001f3e700000)]
  0x0000021978ff2150 JavaThread "Service Thread" daemon [_thread_blocked, id=16216, stack(0x0000001f3e700000,0x0000001f3e800000)]
  0x0000021978ff2b00 JavaThread "Monitor Deflation Thread" daemon [_thread_blocked, id=13676, stack(0x0000001f3e800000,0x0000001f3e900000)]
  0x0000021978ff48a0 JavaThread "C2 CompilerThread0" daemon [_thread_in_native, id=1940, stack(0x0000001f3e900000,0x0000001f3ea00000)]
  0x0000021978ff7a50 JavaThread "C1 CompilerThread0" daemon [_thread_blocked, id=16064, stack(0x0000001f3ea00000,0x0000001f3eb00000)]
  0x0000021979002a50 JavaThread "Sweeper thread" daemon [_thread_blocked, id=17688, stack(0x0000001f3eb00000,0x0000001f3ec00000)]
  0x00000219791038b0 JavaThread "Common-Cleaner" daemon [_thread_blocked, id=6736, stack(0x0000001f3ec00000,0x0000001f3ed00000)]
  0x00000219791b5190 JavaThread "Notification Thread" daemon [_thread_blocked, id=14768, stack(0x0000001f3ed00000,0x0000001f3ee00000)]
=>0x000002197ef29b50 JavaThread "C2 CompilerThread1" daemon [_thread_in_native, id=19280, stack(0x0000001f3f200000,0x0000001f3f300000)]
  0x00000219244ee9b0 JavaThread "Daemon health stats" [_thread_blocked, id=1892, stack(0x0000001f3f300000,0x0000001f3f400000)]
  0x000002197ee9dde0 JavaThread "Incoming local TCP Connector on port 10798" [_thread_in_native, id=4448, stack(0x0000001f3f400000,0x0000001f3f500000)]
  0x00000219791fbb30 JavaThread "Daemon periodic checks" [_thread_blocked, id=4992, stack(0x0000001f3f500000,0x0000001f3f600000)]
  0x0000021979929300 JavaThread "Daemon" [_thread_blocked, id=16012, stack(0x0000001f3f600000,0x0000001f3f700000)]
  0x000002197ef10cf0 JavaThread "Handler for socket connection from /127.0.0.1:10798 to /127.0.0.1:10799" [_thread_in_native, id=10832, stack(0x0000001f3f700000,0x0000001f3f800000)]
  0x000002197fe69020 JavaThread "Cancel handler" [_thread_blocked, id=12752, stack(0x0000001f3f800000,0x0000001f3f900000)]
  0x000002197fe6a5e0 JavaThread "Daemon worker" [_thread_in_Java, id=11888, stack(0x0000001f3f900000,0x0000001f3fa00000)]
  0x000002197eb39400 JavaThread "Asynchronous log dispatcher for DefaultDaemonConnection: socket connection from /127.0.0.1:10798 to /127.0.0.1:10799" [_thread_blocked, id=6204, stack(0x0000001f3fa00000,0x0000001f3fb00000)]
  0x000002197e2d9d60 JavaThread "Stdin handler" [_thread_blocked, id=13112, stack(0x0000001f3fb00000,0x0000001f3fc00000)]
  0x000002197e2dba40 JavaThread "Daemon client event forwarder" [_thread_blocked, id=11808, stack(0x0000001f3fc00000,0x0000001f3fd00000)]
  0x000002197e2da230 JavaThread "Cache worker for journal cache (C:\Users\user\.gradle\caches\journal-1)" [_thread_blocked, id=2376, stack(0x0000001f3fd00000,0x0000001f3fe00000)]
  0x000002197e2dd250 JavaThread "File lock request listener" [_thread_in_native, id=12624, stack(0x0000001f3fe00000,0x0000001f3ff00000)]
  0x000002197e2dabd0 JavaThread "Cache worker for file hash cache (C:\Users\user\.gradle\caches\8.5\fileHashes)" [_thread_blocked, id=17916, stack(0x0000001f3ff00000,0x0000001f40000000)]
  0x000002197e2da700 JavaThread "File watcher server" daemon [_thread_in_native, id=5512, stack(0x0000001f40000000,0x0000001f40100000)]
  0x000002197e2dc8b0 JavaThread "File watcher consumer" daemon [_thread_blocked, id=16644, stack(0x0000001f40100000,0x0000001f40200000)]
  0x000002197e2dd720 JavaThread "Cache worker for checksums cache (C:\wjdahr12\shoppingMall\vue3\gallery\backend\.gradle\8.5\checksums)" [_thread_blocked, id=17068, stack(0x0000001f40200000,0x0000001f40300000)]
  0x000002197e2db0a0 JavaThread "Cache worker for file hash cache (C:\wjdahr12\shoppingMall\vue3\gallery\backend\.gradle\8.5\fileHashes)" [_thread_blocked, id=17076, stack(0x0000001f40300000,0x0000001f40400000)]
  0x000002197e2dcd80 JavaThread "Cache worker for cache directory md-supplier (C:\Users\user\.gradle\caches\8.5\md-supplier)" [_thread_blocked, id=11512, stack(0x0000001f40400000,0x0000001f40500000)]
  0x000002197e2dbf10 JavaThread "Cache worker for cache directory md-rule (C:\Users\user\.gradle\caches\8.5\md-rule)" [_thread_blocked, id=9552, stack(0x0000001f40500000,0x0000001f40600000)]
  0x000002197e2db570 JavaThread "Cache worker for file content cache (C:\Users\user\.gradle\caches\8.5\fileContent)" [_thread_blocked, id=17692, stack(0x0000001f40600000,0x0000001f40700000)]
  0x000002197e2dc3e0 JavaThread "Cache worker for execution history cache (C:\Users\user\.gradle\caches\8.5\executionHistory)" [_thread_blocked, id=17280, stack(0x0000001f40700000,0x0000001f40800000)]

Other Threads:
  0x0000021978fd2f30 VMThread "VM Thread" [stack: 0x0000001f3e200000,0x0000001f3e300000] [id=17348]
  0x0000021979189820 WatcherThread [stack: 0x0000001f3ee00000,0x0000001f3ef00000] [id=16680]
  0x000002196dfa3820 GCTaskThread "GC Thread#0" [stack: 0x0000001f3dd00000,0x0000001f3de00000] [id=15660]
  0x0000021979629570 GCTaskThread "GC Thread#1" [stack: 0x0000001f3ef00000,0x0000001f3f000000] [id=7048]
  0x0000021979629820 GCTaskThread "GC Thread#2" [stack: 0x0000001f3f000000,0x0000001f3f100000] [id=6088]
  0x00000219794978c0 GCTaskThread "GC Thread#3" [stack: 0x0000001f3f100000,0x0000001f3f200000] [id=8692]
  0x000002196dfa8760 ConcurrentGCThread "G1 Main Marker" [stack: 0x0000001f3de00000,0x0000001f3df00000] [id=16436]
  0x000002196dfa9170 ConcurrentGCThread "G1 Conc#0" [stack: 0x0000001f3df00000,0x0000001f3e000000] [id=15020]
  0x0000021978e964c0 ConcurrentGCThread "G1 Refine#0" [stack: 0x0000001f3e000000,0x0000001f3e100000] [id=15920]
  0x0000021978e96ee0 ConcurrentGCThread "G1 Service" [stack: 0x0000001f3e100000,0x0000001f3e200000] [id=17300]

Threads with active compile tasks:
C2 CompilerThread0    19441 2871       4       jdk.internal.org.objectweb.asm.SymbolTable::addType (81 bytes)
C2 CompilerThread1    19442 2844       4       java.lang.invoke.MethodType::makeImpl (109 bytes)

VM state: not at safepoint (normal execution)

VM Mutex/Monitor currently owned by a thread: None

Heap address: 0x00000000e0000000, size: 512 MB, Compressed Oops mode: 32-bit

CDS archive(s) mapped at: [0x000002190f000000-0x000002190fbd0000-0x000002190fbd0000), size 12386304, SharedBaseAddress: 0x000002190f000000, ArchiveRelocationMode: 1.
Compressed class space mapped at: 0x0000021910000000-0x0000021924000000, reserved size: 335544320
Narrow klass base: 0x000002190f000000, Narrow klass shift: 0, Narrow klass range: 0x100000000

GC Precious Log:
 CPUs: 4 total, 4 available
 Memory: 8155M
 Large Page Support: Disabled
 NUMA Support: Disabled
 Compressed Oops: Enabled (32-bit)
 Heap Region Size: 1M
 Heap Min Capacity: 256M
 Heap Initial Capacity: 256M
 Heap Max Capacity: 512M
 Pre-touch: Disabled
 Parallel Workers: 4
 Concurrent Workers: 1
 Concurrent Refinement Workers: 4
 Periodic GC: Disabled

Heap:
 garbage-first heap   total 262144K, used 46380K [0x00000000e0000000, 0x0000000100000000)
  region size 1024K, 36 young (36864K), 12 survivors (12288K)
 Metaspace       used 23749K, committed 24064K, reserved 393216K
  class space    used 3553K, committed 3712K, reserved 327680K

Heap Regions: E=young(eden), S=young(survivor), O=old, HS=humongous(starts), HC=humongous(continues), CS=collection set, F=free, OA=open archive, CA=closed archive, TAMS=top-at-mark-start (previous, next)
|   0|0x00000000e0000000, 0x00000000e0100000, 0x00000000e0100000|100%| O|  |TAMS 0x00000000e0100000, 0x00000000e0000000| Untracked 
|   1|0x00000000e0100000, 0x00000000e0200000, 0x00000000e0200000|100%| O|  |TAMS 0x00000000e0200000, 0x00000000e0100000| Untracked 
|   2|0x00000000e0200000, 0x00000000e0300000, 0x00000000e0300000|100%|HS|  |TAMS 0x00000000e0300000, 0x00000000e0200000| Complete 
|   3|0x00000000e0300000, 0x00000000e0400000, 0x00000000e0400000|100%|HC|  |TAMS 0x00000000e0400000, 0x00000000e0300000| Complete 
|   4|0x00000000e0400000, 0x00000000e0500000, 0x00000000e0500000|100%|HC|  |TAMS 0x00000000e0500000, 0x00000000e0400000| Complete 
|   5|0x00000000e0500000, 0x00000000e0600000, 0x00000000e0600000|100%|HC|  |TAMS 0x00000000e0600000, 0x00000000e0500000| Complete 
|   6|0x00000000e0600000, 0x00000000e0700000, 0x00000000e0700000|100%| O|  |TAMS 0x00000000e0700000, 0x00000000e0600000| Untracked 
|   7|0x00000000e0700000, 0x00000000e0800000, 0x00000000e0800000|100%| O|  |TAMS 0x00000000e0800000, 0x00000000e0700000| Untracked 
|   8|0x00000000e0800000, 0x00000000e0900000, 0x00000000e0900000|100%| O|  |TAMS 0x00000000e0900000, 0x00000000e0800000| Complete 
|   9|0x00000000e0900000, 0x00000000e0a00000, 0x00000000e0a00000|100%| O|  |TAMS 0x00000000e0a00000, 0x00000000e0900000| Untracked 
|  10|0x00000000e0a00000, 0x00000000e0ab8200, 0x00000000e0b00000| 71%| O|  |TAMS 0x00000000e0ab8200, 0x00000000e0a00000| Untracked 
|  11|0x00000000e0b00000, 0x00000000e0b00000, 0x00000000e0c00000|  0%| F|  |TAMS 0x00000000e0b00000, 0x00000000e0b00000| Untracked 
|  12|0x00000000e0c00000, 0x00000000e0c00000, 0x00000000e0d00000|  0%| F|  |TAMS 0x00000000e0c00000, 0x00000000e0c00000| Untracked 
|  13|0x00000000e0d00000, 0x00000000e0d00000, 0x00000000e0e00000|  0%| F|  |TAMS 0x00000000e0d00000, 0x00000000e0d00000| Untracked 
|  14|0x00000000e0e00000, 0x00000000e0e00000, 0x00000000e0f00000|  0%| F|  |TAMS 0x00000000e0e00000, 0x00000000e0e00000| Untracked 
|  15|0x00000000e0f00000, 0x00000000e0f00000, 0x00000000e1000000|  0%| F|  |TAMS 0x00000000e0f00000, 0x00000000e0f00000| Untracked 
|  16|0x00000000e1000000, 0x00000000e1000000, 0x00000000e1100000|  0%| F|  |TAMS 0x00000000e1000000, 0x00000000e1000000| Untracked 
|  17|0x00000000e1100000, 0x00000000e1100000, 0x00000000e1200000|  0%| F|  |TAMS 0x00000000e1100000, 0x00000000e1100000| Untracked 
|  18|0x00000000e1200000, 0x00000000e1200000, 0x00000000e1300000|  0%| F|  |TAMS 0x00000000e1200000, 0x00000000e1200000| Untracked 
|  19|0x00000000e1300000, 0x00000000e1300000, 0x00000000e1400000|  0%| F|  |TAMS 0x00000000e1300000, 0x00000000e1300000| Untracked 
|  20|0x00000000e1400000, 0x00000000e1400000, 0x00000000e1500000|  0%| F|  |TAMS 0x00000000e1400000, 0x00000000e1400000| Untracked 
|  21|0x00000000e1500000, 0x00000000e1500000, 0x00000000e1600000|  0%| F|  |TAMS 0x00000000e1500000, 0x00000000e1500000| Untracked 
|  22|0x00000000e1600000, 0x00000000e1600000, 0x00000000e1700000|  0%| F|  |TAMS 0x00000000e1600000, 0x00000000e1600000| Untracked 
|  23|0x00000000e1700000, 0x00000000e1700000, 0x00000000e1800000|  0%| F|  |TAMS 0x00000000e1700000, 0x00000000e1700000| Untracked 
|  24|0x00000000e1800000, 0x00000000e1800000, 0x00000000e1900000|  0%| F|  |TAMS 0x00000000e1800000, 0x00000000e1800000| Untracked 
|  25|0x00000000e1900000, 0x00000000e1900000, 0x00000000e1a00000|  0%| F|  |TAMS 0x00000000e1900000, 0x00000000e1900000| Untracked 
|  26|0x00000000e1a00000, 0x00000000e1a00000, 0x00000000e1b00000|  0%| F|  |TAMS 0x00000000e1a00000, 0x00000000e1a00000| Untracked 
|  27|0x00000000e1b00000, 0x00000000e1b00000, 0x00000000e1c00000|  0%| F|  |TAMS 0x00000000e1b00000, 0x00000000e1b00000| Untracked 
|  28|0x00000000e1c00000, 0x00000000e1c00000, 0x00000000e1d00000|  0%| F|  |TAMS 0x00000000e1c00000, 0x00000000e1c00000| Untracked 
|  29|0x00000000e1d00000, 0x00000000e1d00000, 0x00000000e1e00000|  0%| F|  |TAMS 0x00000000e1d00000, 0x00000000e1d00000| Untracked 
|  30|0x00000000e1e00000, 0x00000000e1e00000, 0x00000000e1f00000|  0%| F|  |TAMS 0x00000000e1e00000, 0x00000000e1e00000| Untracked 
|  31|0x00000000e1f00000, 0x00000000e1f00000, 0x00000000e2000000|  0%| F|  |TAMS 0x00000000e1f00000, 0x00000000e1f00000| Untracked 
|  32|0x00000000e2000000, 0x00000000e2000000, 0x00000000e2100000|  0%| F|  |TAMS 0x00000000e2000000, 0x00000000e2000000| Untracked 
|  33|0x00000000e2100000, 0x00000000e2100000, 0x00000000e2200000|  0%| F|  |TAMS 0x00000000e2100000, 0x00000000e2100000| Untracked 
|  34|0x00000000e2200000, 0x00000000e2200000, 0x00000000e2300000|  0%| F|  |TAMS 0x00000000e2200000, 0x00000000e2200000| Untracked 
|  35|0x00000000e2300000, 0x00000000e2300000, 0x00000000e2400000|  0%| F|  |TAMS 0x00000000e2300000, 0x00000000e2300000| Untracked 
|  36|0x00000000e2400000, 0x00000000e2400000, 0x00000000e2500000|  0%| F|  |TAMS 0x00000000e2400000, 0x00000000e2400000| Untracked 
|  37|0x00000000e2500000, 0x00000000e2500000, 0x00000000e2600000|  0%| F|  |TAMS 0x00000000e2500000, 0x00000000e2500000| Untracked 
|  38|0x00000000e2600000, 0x00000000e2600000, 0x00000000e2700000|  0%| F|  |TAMS 0x00000000e2600000, 0x00000000e2600000| Untracked 
|  39|0x00000000e2700000, 0x00000000e2700000, 0x00000000e2800000|  0%| F|  |TAMS 0x00000000e2700000, 0x00000000e2700000| Untracked 
|  40|0x00000000e2800000, 0x00000000e2800000, 0x00000000e2900000|  0%| F|  |TAMS 0x00000000e2800000, 0x00000000e2800000| Untracked 
|  41|0x00000000e2900000, 0x00000000e2900000, 0x00000000e2a00000|  0%| F|  |TAMS 0x00000000e2900000, 0x00000000e2900000| Untracked 
|  42|0x00000000e2a00000, 0x00000000e2a00000, 0x00000000e2b00000|  0%| F|  |TAMS 0x00000000e2a00000, 0x00000000e2a00000| Untracked 
|  43|0x00000000e2b00000, 0x00000000e2b00000, 0x00000000e2c00000|  0%| F|  |TAMS 0x00000000e2b00000, 0x00000000e2b00000| Untracked 
|  44|0x00000000e2c00000, 0x00000000e2c00000, 0x00000000e2d00000|  0%| F|  |TAMS 0x00000000e2c00000, 0x00000000e2c00000| Untracked 
|  45|0x00000000e2d00000, 0x00000000e2d00000, 0x00000000e2e00000|  0%| F|  |TAMS 0x00000000e2d00000, 0x00000000e2d00000| Untracked 
|  46|0x00000000e2e00000, 0x00000000e2e00000, 0x00000000e2f00000|  0%| F|  |TAMS 0x00000000e2e00000, 0x00000000e2e00000| Untracked 
|  47|0x00000000e2f00000, 0x00000000e2f00000, 0x00000000e3000000|  0%| F|  |TAMS 0x00000000e2f00000, 0x00000000e2f00000| Untracked 
|  48|0x00000000e3000000, 0x00000000e3000000, 0x00000000e3100000|  0%| F|  |TAMS 0x00000000e3000000, 0x00000000e3000000| Untracked 
|  49|0x00000000e3100000, 0x00000000e3100000, 0x00000000e3200000|  0%| F|  |TAMS 0x00000000e3100000, 0x00000000e3100000| Untracked 
|  50|0x00000000e3200000, 0x00000000e3200000, 0x00000000e3300000|  0%| F|  |TAMS 0x00000000e3200000, 0x00000000e3200000| Untracked 
|  51|0x00000000e3300000, 0x00000000e3300000, 0x00000000e3400000|  0%| F|  |TAMS 0x00000000e3300000, 0x00000000e3300000| Untracked 
|  52|0x00000000e3400000, 0x00000000e3400000, 0x00000000e3500000|  0%| F|  |TAMS 0x00000000e3400000, 0x00000000e3400000| Untracked 
|  53|0x00000000e3500000, 0x00000000e3500000, 0x00000000e3600000|  0%| F|  |TAMS 0x00000000e3500000, 0x00000000e3500000| Untracked 
|  54|0x00000000e3600000, 0x00000000e3600000, 0x00000000e3700000|  0%| F|  |TAMS 0x00000000e3600000, 0x00000000e3600000| Untracked 
|  55|0x00000000e3700000, 0x00000000e3700000, 0x00000000e3800000|  0%| F|  |TAMS 0x00000000e3700000, 0x00000000e3700000| Untracked 
|  56|0x00000000e3800000, 0x00000000e3800000, 0x00000000e3900000|  0%| F|  |TAMS 0x00000000e3800000, 0x00000000e3800000| Untracked 
|  57|0x00000000e3900000, 0x00000000e3900000, 0x00000000e3a00000|  0%| F|  |TAMS 0x00000000e3900000, 0x00000000e3900000| Untracked 
|  58|0x00000000e3a00000, 0x00000000e3a00000, 0x00000000e3b00000|  0%| F|  |TAMS 0x00000000e3a00000, 0x00000000e3a00000| Untracked 
|  59|0x00000000e3b00000, 0x00000000e3b00000, 0x00000000e3c00000|  0%| F|  |TAMS 0x00000000e3b00000, 0x00000000e3b00000| Untracked 
|  60|0x00000000e3c00000, 0x00000000e3c00000, 0x00000000e3d00000|  0%| F|  |TAMS 0x00000000e3c00000, 0x00000000e3c00000| Untracked 
|  61|0x00000000e3d00000, 0x00000000e3d00000, 0x00000000e3e00000|  0%| F|  |TAMS 0x00000000e3d00000, 0x00000000e3d00000| Untracked 
|  62|0x00000000e3e00000, 0x00000000e3e00000, 0x00000000e3f00000|  0%| F|  |TAMS 0x00000000e3e00000, 0x00000000e3e00000| Untracked 
|  63|0x00000000e3f00000, 0x00000000e3f00000, 0x00000000e4000000|  0%| F|  |TAMS 0x00000000e3f00000, 0x00000000e3f00000| Untracked 
|  64|0x00000000e4000000, 0x00000000e4000000, 0x00000000e4100000|  0%| F|  |TAMS 0x00000000e4000000, 0x00000000e4000000| Untracked 
|  65|0x00000000e4100000, 0x00000000e4100000, 0x00000000e4200000|  0%| F|  |TAMS 0x00000000e4100000, 0x00000000e4100000| Untracked 
|  66|0x00000000e4200000, 0x00000000e4200000, 0x00000000e4300000|  0%| F|  |TAMS 0x00000000e4200000, 0x00000000e4200000| Untracked 
|  67|0x00000000e4300000, 0x00000000e4300000, 0x00000000e4400000|  0%| F|  |TAMS 0x00000000e4300000, 0x00000000e4300000| Untracked 
|  68|0x00000000e4400000, 0x00000000e4400000, 0x00000000e4500000|  0%| F|  |TAMS 0x00000000e4400000, 0x00000000e4400000| Untracked 
|  69|0x00000000e4500000, 0x00000000e4500000, 0x00000000e4600000|  0%| F|  |TAMS 0x00000000e4500000, 0x00000000e4500000| Untracked 
|  70|0x00000000e4600000, 0x00000000e4600000, 0x00000000e4700000|  0%| F|  |TAMS 0x00000000e4600000, 0x00000000e4600000| Untracked 
|  71|0x00000000e4700000, 0x00000000e4700000, 0x00000000e4800000|  0%| F|  |TAMS 0x00000000e4700000, 0x00000000e4700000| Untracked 
|  72|0x00000000e4800000, 0x00000000e4800000, 0x00000000e4900000|  0%| F|  |TAMS 0x00000000e4800000, 0x00000000e4800000| Untracked 
|  73|0x00000000e4900000, 0x00000000e4900000, 0x00000000e4a00000|  0%| F|  |TAMS 0x00000000e4900000, 0x00000000e4900000| Untracked 
|  74|0x00000000e4a00000, 0x00000000e4a00000, 0x00000000e4b00000|  0%| F|  |TAMS 0x00000000e4a00000, 0x00000000e4a00000| Untracked 
|  75|0x00000000e4b00000, 0x00000000e4b00000, 0x00000000e4c00000|  0%| F|  |TAMS 0x00000000e4b00000, 0x00000000e4b00000| Untracked 
|  76|0x00000000e4c00000, 0x00000000e4c00000, 0x00000000e4d00000|  0%| F|  |TAMS 0x00000000e4c00000, 0x00000000e4c00000| Untracked 
|  77|0x00000000e4d00000, 0x00000000e4d00000, 0x00000000e4e00000|  0%| F|  |TAMS 0x00000000e4d00000, 0x00000000e4d00000| Untracked 
|  78|0x00000000e4e00000, 0x00000000e4e00000, 0x00000000e4f00000|  0%| F|  |TAMS 0x00000000e4e00000, 0x00000000e4e00000| Untracked 
|  79|0x00000000e4f00000, 0x00000000e4f00000, 0x00000000e5000000|  0%| F|  |TAMS 0x00000000e4f00000, 0x00000000e4f00000| Untracked 
|  80|0x00000000e5000000, 0x00000000e5000000, 0x00000000e5100000|  0%| F|  |TAMS 0x00000000e5000000, 0x00000000e5000000| Untracked 
|  81|0x00000000e5100000, 0x00000000e5100000, 0x00000000e5200000|  0%| F|  |TAMS 0x00000000e5100000, 0x00000000e5100000| Untracked 
|  82|0x00000000e5200000, 0x00000000e5200000, 0x00000000e5300000|  0%| F|  |TAMS 0x00000000e5200000, 0x00000000e5200000| Untracked 
|  83|0x00000000e5300000, 0x00000000e5300000, 0x00000000e5400000|  0%| F|  |TAMS 0x00000000e5300000, 0x00000000e5300000| Untracked 
|  84|0x00000000e5400000, 0x00000000e5400000, 0x00000000e5500000|  0%| F|  |TAMS 0x00000000e5400000, 0x00000000e5400000| Untracked 
|  85|0x00000000e5500000, 0x00000000e5500000, 0x00000000e5600000|  0%| F|  |TAMS 0x00000000e5500000, 0x00000000e5500000| Untracked 
|  86|0x00000000e5600000, 0x00000000e5600000, 0x00000000e5700000|  0%| F|  |TAMS 0x00000000e5600000, 0x00000000e5600000| Untracked 
|  87|0x00000000e5700000, 0x00000000e5700000, 0x00000000e5800000|  0%| F|  |TAMS 0x00000000e5700000, 0x00000000e5700000| Untracked 
|  88|0x00000000e5800000, 0x00000000e5800000, 0x00000000e5900000|  0%| F|  |TAMS 0x00000000e5800000, 0x00000000e5800000| Untracked 
|  89|0x00000000e5900000, 0x00000000e5900000, 0x00000000e5a00000|  0%| F|  |TAMS 0x00000000e5900000, 0x00000000e5900000| Untracked 
|  90|0x00000000e5a00000, 0x00000000e5a00000, 0x00000000e5b00000|  0%| F|  |TAMS 0x00000000e5a00000, 0x00000000e5a00000| Untracked 
|  91|0x00000000e5b00000, 0x00000000e5b00000, 0x00000000e5c00000|  0%| F|  |TAMS 0x00000000e5b00000, 0x00000000e5b00000| Untracked 
|  92|0x00000000e5c00000, 0x00000000e5c00000, 0x00000000e5d00000|  0%| F|  |TAMS 0x00000000e5c00000, 0x00000000e5c00000| Untracked 
|  93|0x00000000e5d00000, 0x00000000e5d00000, 0x00000000e5e00000|  0%| F|  |TAMS 0x00000000e5d00000, 0x00000000e5d00000| Untracked 
|  94|0x00000000e5e00000, 0x00000000e5e00000, 0x00000000e5f00000|  0%| F|  |TAMS 0x00000000e5e00000, 0x00000000e5e00000| Untracked 
|  95|0x00000000e5f00000, 0x00000000e5f00000, 0x00000000e6000000|  0%| F|  |TAMS 0x00000000e5f00000, 0x00000000e5f00000| Untracked 
|  96|0x00000000e6000000, 0x00000000e6000000, 0x00000000e6100000|  0%| F|  |TAMS 0x00000000e6000000, 0x00000000e6000000| Untracked 
|  97|0x00000000e6100000, 0x00000000e6100000, 0x00000000e6200000|  0%| F|  |TAMS 0x00000000e6100000, 0x00000000e6100000| Untracked 
|  98|0x00000000e6200000, 0x00000000e6200000, 0x00000000e6300000|  0%| F|  |TAMS 0x00000000e6200000, 0x00000000e6200000| Untracked 
|  99|0x00000000e6300000, 0x00000000e6300000, 0x00000000e6400000|  0%| F|  |TAMS 0x00000000e6300000, 0x00000000e6300000| Untracked 
| 100|0x00000000e6400000, 0x00000000e6400000, 0x00000000e6500000|  0%| F|  |TAMS 0x00000000e6400000, 0x00000000e6400000| Untracked 
| 101|0x00000000e6500000, 0x00000000e6500000, 0x00000000e6600000|  0%| F|  |TAMS 0x00000000e6500000, 0x00000000e6500000| Untracked 
| 102|0x00000000e6600000, 0x00000000e6600000, 0x00000000e6700000|  0%| F|  |TAMS 0x00000000e6600000, 0x00000000e6600000| Untracked 
| 103|0x00000000e6700000, 0x00000000e6700000, 0x00000000e6800000|  0%| F|  |TAMS 0x00000000e6700000, 0x00000000e6700000| Untracked 
| 104|0x00000000e6800000, 0x00000000e6800000, 0x00000000e6900000|  0%| F|  |TAMS 0x00000000e6800000, 0x00000000e6800000| Untracked 
| 105|0x00000000e6900000, 0x00000000e6900000, 0x00000000e6a00000|  0%| F|  |TAMS 0x00000000e6900000, 0x00000000e6900000| Untracked 
| 106|0x00000000e6a00000, 0x00000000e6a00000, 0x00000000e6b00000|  0%| F|  |TAMS 0x00000000e6a00000, 0x00000000e6a00000| Untracked 
| 107|0x00000000e6b00000, 0x00000000e6b00000, 0x00000000e6c00000|  0%| F|  |TAMS 0x00000000e6b00000, 0x00000000e6b00000| Untracked 
| 108|0x00000000e6c00000, 0x00000000e6c00000, 0x00000000e6d00000|  0%| F|  |TAMS 0x00000000e6c00000, 0x00000000e6c00000| Untracked 
| 109|0x00000000e6d00000, 0x00000000e6d00000, 0x00000000e6e00000|  0%| F|  |TAMS 0x00000000e6d00000, 0x00000000e6d00000| Untracked 
| 110|0x00000000e6e00000, 0x00000000e6e00000, 0x00000000e6f00000|  0%| F|  |TAMS 0x00000000e6e00000, 0x00000000e6e00000| Untracked 
| 111|0x00000000e6f00000, 0x00000000e6f00000, 0x00000000e7000000|  0%| F|  |TAMS 0x00000000e6f00000, 0x00000000e6f00000| Untracked 
| 112|0x00000000e7000000, 0x00000000e7000000, 0x00000000e7100000|  0%| F|  |TAMS 0x00000000e7000000, 0x00000000e7000000| Untracked 
| 113|0x00000000e7100000, 0x00000000e7100000, 0x00000000e7200000|  0%| F|  |TAMS 0x00000000e7100000, 0x00000000e7100000| Untracked 
| 114|0x00000000e7200000, 0x00000000e7200000, 0x00000000e7300000|  0%| F|  |TAMS 0x00000000e7200000, 0x00000000e7200000| Untracked 
| 115|0x00000000e7300000, 0x00000000e7300000, 0x00000000e7400000|  0%| F|  |TAMS 0x00000000e7300000, 0x00000000e7300000| Untracked 
| 116|0x00000000e7400000, 0x00000000e7400000, 0x00000000e7500000|  0%| F|  |TAMS 0x00000000e7400000, 0x00000000e7400000| Untracked 
| 117|0x00000000e7500000, 0x00000000e7500000, 0x00000000e7600000|  0%| F|  |TAMS 0x00000000e7500000, 0x00000000e7500000| Untracked 
| 118|0x00000000e7600000, 0x00000000e7600000, 0x00000000e7700000|  0%| F|  |TAMS 0x00000000e7600000, 0x00000000e7600000| Untracked 
| 119|0x00000000e7700000, 0x00000000e7700000, 0x00000000e7800000|  0%| F|  |TAMS 0x00000000e7700000, 0x00000000e7700000| Untracked 
| 120|0x00000000e7800000, 0x00000000e7800000, 0x00000000e7900000|  0%| F|  |TAMS 0x00000000e7800000, 0x00000000e7800000| Untracked 
| 121|0x00000000e7900000, 0x00000000e7900000, 0x00000000e7a00000|  0%| F|  |TAMS 0x00000000e7900000, 0x00000000e7900000| Untracked 
| 122|0x00000000e7a00000, 0x00000000e7a00000, 0x00000000e7b00000|  0%| F|  |TAMS 0x00000000e7a00000, 0x00000000e7a00000| Untracked 
| 123|0x00000000e7b00000, 0x00000000e7b00000, 0x00000000e7c00000|  0%| F|  |TAMS 0x00000000e7b00000, 0x00000000e7b00000| Untracked 
| 124|0x00000000e7c00000, 0x00000000e7c00000, 0x00000000e7d00000|  0%| F|  |TAMS 0x00000000e7c00000, 0x00000000e7c00000| Untracked 
| 125|0x00000000e7d00000, 0x00000000e7d00000, 0x00000000e7e00000|  0%| F|  |TAMS 0x00000000e7d00000, 0x00000000e7d00000| Untracked 
| 126|0x00000000e7e00000, 0x00000000e7e00000, 0x00000000e7f00000|  0%| F|  |TAMS 0x00000000e7e00000, 0x00000000e7e00000| Untracked 
| 127|0x00000000e7f00000, 0x00000000e7f00000, 0x00000000e8000000|  0%| F|  |TAMS 0x00000000e7f00000, 0x00000000e7f00000| Untracked 
| 128|0x00000000e8000000, 0x00000000e8092f40, 0x00000000e8100000| 57%| S|CS|TAMS 0x00000000e8000000, 0x00000000e8000000| Complete 
| 129|0x00000000e8100000, 0x00000000e8200000, 0x00000000e8200000|100%| S|CS|TAMS 0x00000000e8100000, 0x00000000e8100000| Complete 
| 130|0x00000000e8200000, 0x00000000e8300000, 0x00000000e8300000|100%| S|CS|TAMS 0x00000000e8200000, 0x00000000e8200000| Complete 
| 131|0x00000000e8300000, 0x00000000e8400000, 0x00000000e8400000|100%| S|CS|TAMS 0x00000000e8300000, 0x00000000e8300000| Complete 
| 132|0x00000000e8400000, 0x00000000e8500000, 0x00000000e8500000|100%| S|CS|TAMS 0x00000000e8400000, 0x00000000e8400000| Complete 
| 133|0x00000000e8500000, 0x00000000e8600000, 0x00000000e8600000|100%| S|CS|TAMS 0x00000000e8500000, 0x00000000e8500000| Complete 
| 134|0x00000000e8600000, 0x00000000e8700000, 0x00000000e8700000|100%| S|CS|TAMS 0x00000000e8600000, 0x00000000e8600000| Complete 
| 135|0x00000000e8700000, 0x00000000e8800000, 0x00000000e8800000|100%| S|CS|TAMS 0x00000000e8700000, 0x00000000e8700000| Complete 
| 136|0x00000000e8800000, 0x00000000e8900000, 0x00000000e8900000|100%| S|CS|TAMS 0x00000000e8800000, 0x00000000e8800000| Complete 
| 137|0x00000000e8900000, 0x00000000e8a00000, 0x00000000e8a00000|100%| S|CS|TAMS 0x00000000e8900000, 0x00000000e8900000| Complete 
| 138|0x00000000e8a00000, 0x00000000e8b00000, 0x00000000e8b00000|100%| S|CS|TAMS 0x00000000e8a00000, 0x00000000e8a00000| Complete 
| 139|0x00000000e8b00000, 0x00000000e8c00000, 0x00000000e8c00000|100%| S|CS|TAMS 0x00000000e8b00000, 0x00000000e8b00000| Complete 
| 140|0x00000000e8c00000, 0x00000000e8c00000, 0x00000000e8d00000|  0%| F|  |TAMS 0x00000000e8c00000, 0x00000000e8c00000| Untracked 
| 141|0x00000000e8d00000, 0x00000000e8d00000, 0x00000000e8e00000|  0%| F|  |TAMS 0x00000000e8d00000, 0x00000000e8d00000| Untracked 
| 142|0x00000000e8e00000, 0x00000000e8e00000, 0x00000000e8f00000|  0%| F|  |TAMS 0x00000000e8e00000, 0x00000000e8e00000| Untracked 
| 143|0x00000000e8f00000, 0x00000000e8f00000, 0x00000000e9000000|  0%| F|  |TAMS 0x00000000e8f00000, 0x00000000e8f00000| Untracked 
| 144|0x00000000e9000000, 0x00000000e9000000, 0x00000000e9100000|  0%| F|  |TAMS 0x00000000e9000000, 0x00000000e9000000| Untracked 
| 145|0x00000000e9100000, 0x00000000e9100000, 0x00000000e9200000|  0%| F|  |TAMS 0x00000000e9100000, 0x00000000e9100000| Untracked 
| 146|0x00000000e9200000, 0x00000000e9200000, 0x00000000e9300000|  0%| F|  |TAMS 0x00000000e9200000, 0x00000000e9200000| Untracked 
| 147|0x00000000e9300000, 0x00000000e9300000, 0x00000000e9400000|  0%| F|  |TAMS 0x00000000e9300000, 0x00000000e9300000| Untracked 
| 148|0x00000000e9400000, 0x00000000e9400000, 0x00000000e9500000|  0%| F|  |TAMS 0x00000000e9400000, 0x00000000e9400000| Untracked 
| 149|0x00000000e9500000, 0x00000000e9500000, 0x00000000e9600000|  0%| F|  |TAMS 0x00000000e9500000, 0x00000000e9500000| Untracked 
| 150|0x00000000e9600000, 0x00000000e9600000, 0x00000000e9700000|  0%| F|  |TAMS 0x00000000e9600000, 0x00000000e9600000| Untracked 
| 151|0x00000000e9700000, 0x00000000e9700000, 0x00000000e9800000|  0%| F|  |TAMS 0x00000000e9700000, 0x00000000e9700000| Untracked 
| 152|0x00000000e9800000, 0x00000000e9800000, 0x00000000e9900000|  0%| F|  |TAMS 0x00000000e9800000, 0x00000000e9800000| Untracked 
| 153|0x00000000e9900000, 0x00000000e9900000, 0x00000000e9a00000|  0%| F|  |TAMS 0x00000000e9900000, 0x00000000e9900000| Untracked 
| 154|0x00000000e9a00000, 0x00000000e9a00000, 0x00000000e9b00000|  0%| F|  |TAMS 0x00000000e9a00000, 0x00000000e9a00000| Untracked 
| 155|0x00000000e9b00000, 0x00000000e9b00000, 0x00000000e9c00000|  0%| F|  |TAMS 0x00000000e9b00000, 0x00000000e9b00000| Untracked 
| 156|0x00000000e9c00000, 0x00000000e9c00000, 0x00000000e9d00000|  0%| F|  |TAMS 0x00000000e9c00000, 0x00000000e9c00000| Untracked 
| 157|0x00000000e9d00000, 0x00000000e9d00000, 0x00000000e9e00000|  0%| F|  |TAMS 0x00000000e9d00000, 0x00000000e9d00000| Untracked 
| 158|0x00000000e9e00000, 0x00000000e9e00000, 0x00000000e9f00000|  0%| F|  |TAMS 0x00000000e9e00000, 0x00000000e9e00000| Untracked 
| 159|0x00000000e9f00000, 0x00000000e9f00000, 0x00000000ea000000|  0%| F|  |TAMS 0x00000000e9f00000, 0x00000000e9f00000| Untracked 
| 160|0x00000000ea000000, 0x00000000ea000000, 0x00000000ea100000|  0%| F|  |TAMS 0x00000000ea000000, 0x00000000ea000000| Untracked 
| 161|0x00000000ea100000, 0x00000000ea100000, 0x00000000ea200000|  0%| F|  |TAMS 0x00000000ea100000, 0x00000000ea100000| Untracked 
| 162|0x00000000ea200000, 0x00000000ea200000, 0x00000000ea300000|  0%| F|  |TAMS 0x00000000ea200000, 0x00000000ea200000| Untracked 
| 163|0x00000000ea300000, 0x00000000ea300000, 0x00000000ea400000|  0%| F|  |TAMS 0x00000000ea300000, 0x00000000ea300000| Untracked 
| 164|0x00000000ea400000, 0x00000000ea400000, 0x00000000ea500000|  0%| F|  |TAMS 0x00000000ea400000, 0x00000000ea400000| Untracked 
| 165|0x00000000ea500000, 0x00000000ea500000, 0x00000000ea600000|  0%| F|  |TAMS 0x00000000ea500000, 0x00000000ea500000| Untracked 
| 166|0x00000000ea600000, 0x00000000ea600000, 0x00000000ea700000|  0%| F|  |TAMS 0x00000000ea600000, 0x00000000ea600000| Untracked 
| 167|0x00000000ea700000, 0x00000000ea700000, 0x00000000ea800000|  0%| F|  |TAMS 0x00000000ea700000, 0x00000000ea700000| Untracked 
| 168|0x00000000ea800000, 0x00000000ea800000, 0x00000000ea900000|  0%| F|  |TAMS 0x00000000ea800000, 0x00000000ea800000| Untracked 
| 169|0x00000000ea900000, 0x00000000ea900000, 0x00000000eaa00000|  0%| F|  |TAMS 0x00000000ea900000, 0x00000000ea900000| Untracked 
| 170|0x00000000eaa00000, 0x00000000eaa00000, 0x00000000eab00000|  0%| F|  |TAMS 0x00000000eaa00000, 0x00000000eaa00000| Untracked 
| 171|0x00000000eab00000, 0x00000000eab00000, 0x00000000eac00000|  0%| F|  |TAMS 0x00000000eab00000, 0x00000000eab00000| Untracked 
| 172|0x00000000eac00000, 0x00000000eac00000, 0x00000000ead00000|  0%| F|  |TAMS 0x00000000eac00000, 0x00000000eac00000| Untracked 
| 173|0x00000000ead00000, 0x00000000ead00000, 0x00000000eae00000|  0%| F|  |TAMS 0x00000000ead00000, 0x00000000ead00000| Untracked 
| 174|0x00000000eae00000, 0x00000000eae00000, 0x00000000eaf00000|  0%| F|  |TAMS 0x00000000eae00000, 0x00000000eae00000| Untracked 
| 175|0x00000000eaf00000, 0x00000000eaf00000, 0x00000000eb000000|  0%| F|  |TAMS 0x00000000eaf00000, 0x00000000eaf00000| Untracked 
| 176|0x00000000eb000000, 0x00000000eb000000, 0x00000000eb100000|  0%| F|  |TAMS 0x00000000eb000000, 0x00000000eb000000| Untracked 
| 177|0x00000000eb100000, 0x00000000eb100000, 0x00000000eb200000|  0%| F|  |TAMS 0x00000000eb100000, 0x00000000eb100000| Untracked 
| 178|0x00000000eb200000, 0x00000000eb200000, 0x00000000eb300000|  0%| F|  |TAMS 0x00000000eb200000, 0x00000000eb200000| Untracked 
| 179|0x00000000eb300000, 0x00000000eb300000, 0x00000000eb400000|  0%| F|  |TAMS 0x00000000eb300000, 0x00000000eb300000| Untracked 
| 180|0x00000000eb400000, 0x00000000eb400000, 0x00000000eb500000|  0%| F|  |TAMS 0x00000000eb400000, 0x00000000eb400000| Untracked 
| 181|0x00000000eb500000, 0x00000000eb500000, 0x00000000eb600000|  0%| F|  |TAMS 0x00000000eb500000, 0x00000000eb500000| Untracked 
| 182|0x00000000eb600000, 0x00000000eb600000, 0x00000000eb700000|  0%| F|  |TAMS 0x00000000eb600000, 0x00000000eb600000| Untracked 
| 183|0x00000000eb700000, 0x00000000eb700000, 0x00000000eb800000|  0%| F|  |TAMS 0x00000000eb700000, 0x00000000eb700000| Untracked 
| 184|0x00000000eb800000, 0x00000000eb800000, 0x00000000eb900000|  0%| F|  |TAMS 0x00000000eb800000, 0x00000000eb800000| Untracked 
| 185|0x00000000eb900000, 0x00000000eb900000, 0x00000000eba00000|  0%| F|  |TAMS 0x00000000eb900000, 0x00000000eb900000| Untracked 
| 186|0x00000000eba00000, 0x00000000eba00000, 0x00000000ebb00000|  0%| F|  |TAMS 0x00000000eba00000, 0x00000000eba00000| Untracked 
| 187|0x00000000ebb00000, 0x00000000ebb00000, 0x00000000ebc00000|  0%| F|  |TAMS 0x00000000ebb00000, 0x00000000ebb00000| Untracked 
| 188|0x00000000ebc00000, 0x00000000ebc00000, 0x00000000ebd00000|  0%| F|  |TAMS 0x00000000ebc00000, 0x00000000ebc00000| Untracked 
| 189|0x00000000ebd00000, 0x00000000ebd00000, 0x00000000ebe00000|  0%| F|  |TAMS 0x00000000ebd00000, 0x00000000ebd00000| Untracked 
| 190|0x00000000ebe00000, 0x00000000ebe00000, 0x00000000ebf00000|  0%| F|  |TAMS 0x00000000ebe00000, 0x00000000ebe00000| Untracked 
| 191|0x00000000ebf00000, 0x00000000ebf00000, 0x00000000ec000000|  0%| F|  |TAMS 0x00000000ebf00000, 0x00000000ebf00000| Untracked 
| 192|0x00000000ec000000, 0x00000000ec000000, 0x00000000ec100000|  0%| F|  |TAMS 0x00000000ec000000, 0x00000000ec000000| Untracked 
| 193|0x00000000ec100000, 0x00000000ec100000, 0x00000000ec200000|  0%| F|  |TAMS 0x00000000ec100000, 0x00000000ec100000| Untracked 
| 194|0x00000000ec200000, 0x00000000ec200000, 0x00000000ec300000|  0%| F|  |TAMS 0x00000000ec200000, 0x00000000ec200000| Untracked 
| 195|0x00000000ec300000, 0x00000000ec300000, 0x00000000ec400000|  0%| F|  |TAMS 0x00000000ec300000, 0x00000000ec300000| Untracked 
| 196|0x00000000ec400000, 0x00000000ec400000, 0x00000000ec500000|  0%| F|  |TAMS 0x00000000ec400000, 0x00000000ec400000| Untracked 
| 197|0x00000000ec500000, 0x00000000ec500000, 0x00000000ec600000|  0%| F|  |TAMS 0x00000000ec500000, 0x00000000ec500000| Untracked 
| 198|0x00000000ec600000, 0x00000000ec600000, 0x00000000ec700000|  0%| F|  |TAMS 0x00000000ec600000, 0x00000000ec600000| Untracked 
| 199|0x00000000ec700000, 0x00000000ec700000, 0x00000000ec800000|  0%| F|  |TAMS 0x00000000ec700000, 0x00000000ec700000| Untracked 
| 200|0x00000000ec800000, 0x00000000ec800000, 0x00000000ec900000|  0%| F|  |TAMS 0x00000000ec800000, 0x00000000ec800000| Untracked 
| 201|0x00000000ec900000, 0x00000000ec900000, 0x00000000eca00000|  0%| F|  |TAMS 0x00000000ec900000, 0x00000000ec900000| Untracked 
| 202|0x00000000eca00000, 0x00000000eca00000, 0x00000000ecb00000|  0%| F|  |TAMS 0x00000000eca00000, 0x00000000eca00000| Untracked 
| 203|0x00000000ecb00000, 0x00000000ecb00000, 0x00000000ecc00000|  0%| F|  |TAMS 0x00000000ecb00000, 0x00000000ecb00000| Untracked 
| 204|0x00000000ecc00000, 0x00000000ecc00000, 0x00000000ecd00000|  0%| F|  |TAMS 0x00000000ecc00000, 0x00000000ecc00000| Untracked 
| 205|0x00000000ecd00000, 0x00000000ecd00000, 0x00000000ece00000|  0%| F|  |TAMS 0x00000000ecd00000, 0x00000000ecd00000| Untracked 
| 206|0x00000000ece00000, 0x00000000ece00000, 0x00000000ecf00000|  0%| F|  |TAMS 0x00000000ece00000, 0x00000000ece00000| Untracked 
| 207|0x00000000ecf00000, 0x00000000ecf00000, 0x00000000ed000000|  0%| F|  |TAMS 0x00000000ecf00000, 0x00000000ecf00000| Untracked 
| 208|0x00000000ed000000, 0x00000000ed000000, 0x00000000ed100000|  0%| F|  |TAMS 0x00000000ed000000, 0x00000000ed000000| Untracked 
| 209|0x00000000ed100000, 0x00000000ed100000, 0x00000000ed200000|  0%| F|  |TAMS 0x00000000ed100000, 0x00000000ed100000| Untracked 
| 210|0x00000000ed200000, 0x00000000ed200000, 0x00000000ed300000|  0%| F|  |TAMS 0x00000000ed200000, 0x00000000ed200000| Untracked 
| 211|0x00000000ed300000, 0x00000000ed300000, 0x00000000ed400000|  0%| F|  |TAMS 0x00000000ed300000, 0x00000000ed300000| Untracked 
| 212|0x00000000ed400000, 0x00000000ed400000, 0x00000000ed500000|  0%| F|  |TAMS 0x00000000ed400000, 0x00000000ed400000| Untracked 
| 213|0x00000000ed500000, 0x00000000ed500000, 0x00000000ed600000|  0%| F|  |TAMS 0x00000000ed500000, 0x00000000ed500000| Untracked 
| 214|0x00000000ed600000, 0x00000000ed600000, 0x00000000ed700000|  0%| F|  |TAMS 0x00000000ed600000, 0x00000000ed600000| Untracked 
| 215|0x00000000ed700000, 0x00000000ed700000, 0x00000000ed800000|  0%| F|  |TAMS 0x00000000ed700000, 0x00000000ed700000| Untracked 
| 216|0x00000000ed800000, 0x00000000ed800000, 0x00000000ed900000|  0%| F|  |TAMS 0x00000000ed800000, 0x00000000ed800000| Untracked 
| 217|0x00000000ed900000, 0x00000000ed900000, 0x00000000eda00000|  0%| F|  |TAMS 0x00000000ed900000, 0x00000000ed900000| Untracked 
| 218|0x00000000eda00000, 0x00000000eda00000, 0x00000000edb00000|  0%| F|  |TAMS 0x00000000eda00000, 0x00000000eda00000| Untracked 
| 219|0x00000000edb00000, 0x00000000edb00000, 0x00000000edc00000|  0%| F|  |TAMS 0x00000000edb00000, 0x00000000edb00000| Untracked 
| 220|0x00000000edc00000, 0x00000000edc00000, 0x00000000edd00000|  0%| F|  |TAMS 0x00000000edc00000, 0x00000000edc00000| Untracked 
| 221|0x00000000edd00000, 0x00000000edd00000, 0x00000000ede00000|  0%| F|  |TAMS 0x00000000edd00000, 0x00000000edd00000| Untracked 
| 222|0x00000000ede00000, 0x00000000ede00000, 0x00000000edf00000|  0%| F|  |TAMS 0x00000000ede00000, 0x00000000ede00000| Untracked 
| 223|0x00000000edf00000, 0x00000000edf00000, 0x00000000ee000000|  0%| F|  |TAMS 0x00000000edf00000, 0x00000000edf00000| Untracked 
| 224|0x00000000ee000000, 0x00000000ee000000, 0x00000000ee100000|  0%| F|  |TAMS 0x00000000ee000000, 0x00000000ee000000| Untracked 
| 225|0x00000000ee100000, 0x00000000ee100000, 0x00000000ee200000|  0%| F|  |TAMS 0x00000000ee100000, 0x00000000ee100000| Untracked 
| 226|0x00000000ee200000, 0x00000000ee200000, 0x00000000ee300000|  0%| F|  |TAMS 0x00000000ee200000, 0x00000000ee200000| Untracked 
| 227|0x00000000ee300000, 0x00000000ee300000, 0x00000000ee400000|  0%| F|  |TAMS 0x00000000ee300000, 0x00000000ee300000| Untracked 
| 228|0x00000000ee400000, 0x00000000ee400000, 0x00000000ee500000|  0%| F|  |TAMS 0x00000000ee400000, 0x00000000ee400000| Untracked 
| 229|0x00000000ee500000, 0x00000000ee500000, 0x00000000ee600000|  0%| F|  |TAMS 0x00000000ee500000, 0x00000000ee500000| Untracked 
| 230|0x00000000ee600000, 0x00000000ee600000, 0x00000000ee700000|  0%| F|  |TAMS 0x00000000ee600000, 0x00000000ee600000| Untracked 
| 231|0x00000000ee700000, 0x00000000ee700000, 0x00000000ee800000|  0%| F|  |TAMS 0x00000000ee700000, 0x00000000ee700000| Untracked 
| 232|0x00000000ee800000, 0x00000000ee900000, 0x00000000ee900000|100%| E|  |TAMS 0x00000000ee800000, 0x00000000ee800000| Complete 
| 233|0x00000000ee900000, 0x00000000eea00000, 0x00000000eea00000|100%| E|CS|TAMS 0x00000000ee900000, 0x00000000ee900000| Complete 
| 234|0x00000000eea00000, 0x00000000eeb00000, 0x00000000eeb00000|100%| E|CS|TAMS 0x00000000eea00000, 0x00000000eea00000| Complete 
| 235|0x00000000eeb00000, 0x00000000eec00000, 0x00000000eec00000|100%| E|CS|TAMS 0x00000000eeb00000, 0x00000000eeb00000| Complete 
| 236|0x00000000eec00000, 0x00000000eed00000, 0x00000000eed00000|100%| E|CS|TAMS 0x00000000eec00000, 0x00000000eec00000| Complete 
| 237|0x00000000eed00000, 0x00000000eee00000, 0x00000000eee00000|100%| E|CS|TAMS 0x00000000eed00000, 0x00000000eed00000| Complete 
| 238|0x00000000eee00000, 0x00000000eef00000, 0x00000000eef00000|100%| E|CS|TAMS 0x00000000eee00000, 0x00000000eee00000| Complete 
| 239|0x00000000eef00000, 0x00000000ef000000, 0x00000000ef000000|100%| E|CS|TAMS 0x00000000eef00000, 0x00000000eef00000| Complete 
| 240|0x00000000ef000000, 0x00000000ef100000, 0x00000000ef100000|100%| E|CS|TAMS 0x00000000ef000000, 0x00000000ef000000| Complete 
| 241|0x00000000ef100000, 0x00000000ef200000, 0x00000000ef200000|100%| E|CS|TAMS 0x00000000ef100000, 0x00000000ef100000| Complete 
| 242|0x00000000ef200000, 0x00000000ef300000, 0x00000000ef300000|100%| E|CS|TAMS 0x00000000ef200000, 0x00000000ef200000| Complete 
| 243|0x00000000ef300000, 0x00000000ef400000, 0x00000000ef400000|100%| E|CS|TAMS 0x00000000ef300000, 0x00000000ef300000| Complete 
| 244|0x00000000ef400000, 0x00000000ef500000, 0x00000000ef500000|100%| E|CS|TAMS 0x00000000ef400000, 0x00000000ef400000| Complete 
| 245|0x00000000ef500000, 0x00000000ef600000, 0x00000000ef600000|100%| E|CS|TAMS 0x00000000ef500000, 0x00000000ef500000| Complete 
| 246|0x00000000ef600000, 0x00000000ef700000, 0x00000000ef700000|100%| E|CS|TAMS 0x00000000ef600000, 0x00000000ef600000| Complete 
| 247|0x00000000ef700000, 0x00000000ef800000, 0x00000000ef800000|100%| E|CS|TAMS 0x00000000ef700000, 0x00000000ef700000| Complete 
| 248|0x00000000ef800000, 0x00000000ef900000, 0x00000000ef900000|100%| E|CS|TAMS 0x00000000ef800000, 0x00000000ef800000| Complete 
| 249|0x00000000ef900000, 0x00000000efa00000, 0x00000000efa00000|100%| E|CS|TAMS 0x00000000ef900000, 0x00000000ef900000| Complete 
| 250|0x00000000efa00000, 0x00000000efb00000, 0x00000000efb00000|100%| E|CS|TAMS 0x00000000efa00000, 0x00000000efa00000| Complete 
| 251|0x00000000efb00000, 0x00000000efc00000, 0x00000000efc00000|100%| E|CS|TAMS 0x00000000efb00000, 0x00000000efb00000| Complete 
| 252|0x00000000efc00000, 0x00000000efd00000, 0x00000000efd00000|100%| E|CS|TAMS 0x00000000efc00000, 0x00000000efc00000| Complete 
| 253|0x00000000efd00000, 0x00000000efe00000, 0x00000000efe00000|100%| E|CS|TAMS 0x00000000efd00000, 0x00000000efd00000| Complete 
| 254|0x00000000efe00000, 0x00000000eff00000, 0x00000000eff00000|100%| E|CS|TAMS 0x00000000efe00000, 0x00000000efe00000| Complete 
| 255|0x00000000eff00000, 0x00000000f0000000, 0x00000000f0000000|100%| E|CS|TAMS 0x00000000eff00000, 0x00000000eff00000| Complete 

Card table byte_map: [0x0000021975820000,0x0000021975920000] _byte_map_base: 0x0000021975120000

Marking Bits (Prev, Next): (CMBitMap*) 0x000002196dfa3e70, (CMBitMap*) 0x000002196dfa3e30
 Prev Bits: [0x0000021976220000, 0x0000021976a20000)
 Next Bits: [0x0000021975a20000, 0x0000021976220000)

Polling page: 0x000002196bd90000

Metaspace:

Usage:
  Non-class:     19.81 MB used.
      Class:      3.50 MB used.
       Both:     23.31 MB used.

Virtual space:
  Non-class space:       64.00 MB reserved,      20.00 MB ( 31%) committed,  1 nodes.
      Class space:      320.00 MB reserved,       3.62 MB (  1%) committed,  1 nodes.
             Both:      384.00 MB reserved,      23.62 MB (  6%) committed. 

Chunk freelists:
   Non-Class:  10.92 MB
       Class:  12.38 MB
        Both:  23.30 MB

MaxMetaspaceSize: 384.00 MB
CompressedClassSpaceSize: 320.00 MB
Initial GC threshold: 21.00 MB
Current GC threshold: 35.12 MB
CDS: on
MetaspaceReclaimPolicy: balanced
 - commit_granule_bytes: 65536.
 - commit_granule_words: 8192.
 - virtual_space_node_default_size: 8388608.
 - enlarge_chunks_in_place: 1.
 - new_chunks_are_fully_committed: 0.
 - uncommit_free_chunks: 1.
 - use_allocation_guard: 0.
 - handle_deallocations: 1.


Internal statistics:

num_allocs_failed_limit: 3.
num_arena_births: 248.
num_arena_deaths: 0.
num_vsnodes_births: 2.
num_vsnodes_deaths: 0.
num_space_committed: 378.
num_space_uncommitted: 0.
num_chunks_returned_to_freelist: 3.
num_chunks_taken_from_freelist: 1097.
num_chunk_merges: 3.
num_chunk_splits: 744.
num_chunks_enlarged: 553.
num_purges: 0.
num_inconsistent_stats: 0.

CodeHeap 'non-profiled nmethods': size=120000Kb used=1590Kb max_used=1590Kb free=118409Kb
 bounds [0x0000021907ad0000, 0x0000021907d40000, 0x000002190f000000]
CodeHeap 'profiled nmethods': size=120000Kb used=6008Kb max_used=6008Kb free=113991Kb
 bounds [0x0000021900000000, 0x00000219005e0000, 0x0000021907530000]
CodeHeap 'non-nmethods': size=5760Kb used=1238Kb max_used=1314Kb free=4521Kb
 bounds [0x0000021907530000, 0x00000219077a0000, 0x0000021907ad0000]
 total_blobs=3429 nmethods=2878 adapters=463
 compilation: enabled
              stopped_count=0, restarted_count=0
 full_count=0

Compilation events (20 events):
Event: 19.319 Thread 0x000002197ef29b50 2840       4       org.objectweb.asm.ByteVector::putByte (39 bytes)
Event: 19.320 Thread 0x000002197ef29b50 nmethod 2840 0x0000021907c51510 code [0x0000021907c516a0, 0x0000021907c517e8]
Event: 19.320 Thread 0x0000021978ff7a50 nmethod 2839 0x00000219005c4710 code [0x00000219005c4cc0, 0x00000219005c7ff8]
Event: 19.320 Thread 0x0000021978ff7a50 2841       3       org.gradle.model.internal.asm.MethodVisitorScope::_IRETURN_OF (12 bytes)
Event: 19.320 Thread 0x0000021978ff7a50 nmethod 2841 0x00000219005c8a10 code [0x00000219005c8bc0, 0x00000219005c8e78]
Event: 19.320 Thread 0x0000021978ff7a50 2843       3       org.objectweb.asm.SymbolTable::getType (7 bytes)
Event: 19.321 Thread 0x0000021978ff7a50 nmethod 2843 0x00000219005c8f90 code [0x00000219005c9120, 0x00000219005c9258]
Event: 19.321 Thread 0x0000021978ff7a50 2842       3       org.gradle.model.internal.asm.MethodVisitorScope::emit (11 bytes)
Event: 19.321 Thread 0x0000021978ff7a50 nmethod 2842 0x00000219005c9310 code [0x00000219005c94c0, 0x00000219005c96a8]
Event: 19.321 Thread 0x000002197ef29b50 2844       4       java.lang.invoke.MethodType::makeImpl (109 bytes)
Event: 19.324 Thread 0x0000021978ff7a50 2846       3       org.objectweb.asm.Type::getArgumentTypes (154 bytes)
Event: 19.325 Thread 0x0000021978ff7a50 nmethod 2846 0x00000219005c9790 code [0x00000219005c9c60, 0x00000219005cc508]
Event: 19.325 Thread 0x0000021978ff7a50 2847       3       org.objectweb.asm.MethodWriter::visitEnd (1 bytes)
Event: 19.325 Thread 0x0000021978ff7a50 nmethod 2847 0x00000219005cd410 code [0x00000219005cd5a0, 0x00000219005cd6b8]
Event: 19.326 Thread 0x0000021978ff7a50 2848       3       org.objectweb.asm.MethodWriter::putMethodInfo (1274 bytes)
Event: 19.328 Thread 0x0000021978ff7a50 nmethod 2848 0x00000219005cd790 code [0x00000219005cde60, 0x00000219005d0668]
Event: 19.348 Thread 0x0000021978ff7a50 2849       3       java.lang.invoke.MethodHandles$Lookup::maybeBindCaller (72 bytes)
Event: 19.349 Thread 0x0000021978ff7a50 nmethod 2849 0x00000219005d1990 code [0x00000219005d1bc0, 0x00000219005d2488]
Event: 19.358 Thread 0x0000021978ff7a50 2850       3       com.google.common.collect.ObjectArrays::checkElementNotNull (33 bytes)
Event: 19.359 Thread 0x0000021978ff7a50 nmethod 2850 0x00000219005d2790 code [0x00000219005d29c0, 0x00000219005d3018]

GC Heap History (8 events):
Event: 5.226 GC heap before
{Heap before GC invocations=0 (full 0):
 garbage-first heap   total 262144K, used 12288K [0x00000000e0000000, 0x0000000100000000)
  region size 1024K, 13 young (13312K), 0 survivors (0K)
 Metaspace       used 1045K, committed 1216K, reserved 393216K
  class space    used 80K, committed 128K, reserved 327680K
}
Event: 5.228 GC heap after
{Heap after GC invocations=1 (full 0):
 garbage-first heap   total 262144K, used 3704K [0x00000000e0000000, 0x0000000100000000)
  region size 1024K, 2 young (2048K), 2 survivors (2048K)
 Metaspace       used 1045K, committed 1216K, reserved 393216K
  class space    used 80K, committed 128K, reserved 327680K
}
Event: 9.160 GC heap before
{Heap before GC invocations=1 (full 0):
 garbage-first heap   total 262144K, used 22136K [0x00000000e0000000, 0x0000000100000000)
  region size 1024K, 17 young (17408K), 2 survivors (2048K)
 Metaspace       used 3855K, committed 4032K, reserved 393216K
  class space    used 484K, committed 576K, reserved 327680K
}
Event: 9.163 GC heap after
{Heap after GC invocations=2 (full 0):
 garbage-first heap   total 262144K, used 10930K [0x00000000e0000000, 0x0000000100000000)
  region size 1024K, 3 young (3072K), 3 survivors (3072K)
 Metaspace       used 3855K, committed 4032K, reserved 393216K
  class space    used 484K, committed 576K, reserved 327680K
}
Event: 11.548 GC heap before
{Heap before GC invocations=2 (full 0):
 garbage-first heap   total 262144K, used 32434K [0x00000000e0000000, 0x0000000100000000)
  region size 1024K, 25 young (25600K), 3 survivors (3072K)
 Metaspace       used 4052K, committed 4224K, reserved 393216K
  class space    used 497K, committed 576K, reserved 327680K
}
Event: 11.550 GC heap after
{Heap after GC invocations=3 (full 0):
 garbage-first heap   total 262144K, used 11476K [0x00000000e0000000, 0x0000000100000000)
  region size 1024K, 1 young (1024K), 1 survivors (1024K)
 Metaspace       used 4052K, committed 4224K, reserved 393216K
  class space    used 497K, committed 576K, reserved 327680K
}
Event: 19.115 GC heap before
{Heap before GC invocations=3 (full 0):
 garbage-first heap   total 262144K, used 128212K [0x00000000e0000000, 0x0000000100000000)
  region size 1024K, 116 young (118784K), 1 survivors (1024K)
 Metaspace       used 21246K, committed 21504K, reserved 393216K
  class space    used 3133K, committed 3264K, reserved 327680K
}
Event: 19.124 GC heap after
{Heap after GC invocations=4 (full 0):
 garbage-first heap   total 262144K, used 22828K [0x00000000e0000000, 0x0000000100000000)
  region size 1024K, 12 young (12288K), 12 survivors (12288K)
 Metaspace       used 21246K, committed 21504K, reserved 393216K
  class space    used 3133K, committed 3264K, reserved 327680K
}

Deoptimization events (20 events):
Event: 18.582 Thread 0x000002197fe6a5e0 Uncommon trap: trap_request=0xffffff45 fr.pc=0x0000021907bfa574 relative=0x0000000000000074
Event: 18.582 Thread 0x000002197fe6a5e0 Uncommon trap: reason=unstable_if action=reinterpret pc=0x0000021907bfa574 method=jdk.internal.misc.Unsafe.convEndian(ZI)I @ 4 c2
Event: 18.582 Thread 0x000002197fe6a5e0 DEOPT PACKING pc=0x0000021907bfa574 sp=0x0000001f3f9fa8b0
Event: 18.582 Thread 0x000002197fe6a5e0 DEOPT UNPACKING pc=0x00000219075823a3 sp=0x0000001f3f9fa7b8 mode 2
Event: 18.764 Thread 0x000002197fe6a5e0 Uncommon trap: trap_request=0xffffff45 fr.pc=0x0000021907bdc8b0 relative=0x00000000000003f0
Event: 18.764 Thread 0x000002197fe6a5e0 Uncommon trap: reason=unstable_if action=reinterpret pc=0x0000021907bdc8b0 method=java.util.HashMap.getNode(Ljava/lang/Object;)Ljava/util/HashMap$Node; @ 131 c2
Event: 18.764 Thread 0x000002197fe6a5e0 DEOPT PACKING pc=0x0000021907bdc8b0 sp=0x0000001f3f9faaa0
Event: 18.764 Thread 0x000002197fe6a5e0 DEOPT UNPACKING pc=0x00000219075823a3 sp=0x0000001f3f9fa9b0 mode 2
Event: 18.833 Thread 0x000002197fe6a5e0 Uncommon trap: trap_request=0xffffff45 fr.pc=0x0000021907af7384 relative=0x00000000000000e4
Event: 18.833 Thread 0x000002197fe6a5e0 Uncommon trap: reason=unstable_if action=reinterpret pc=0x0000021907af7384 method=java.util.HashMap.hash(Ljava/lang/Object;)I @ 1 c2
Event: 18.833 Thread 0x000002197fe6a5e0 DEOPT PACKING pc=0x0000021907af7384 sp=0x0000001f3f9f9a20
Event: 18.833 Thread 0x000002197fe6a5e0 DEOPT UNPACKING pc=0x00000219075823a3 sp=0x0000001f3f9f9960 mode 2
Event: 18.965 Thread 0x000002197fe6a5e0 Uncommon trap: trap_request=0xffffff76 fr.pc=0x0000021907c394a4 relative=0x0000000000000184
Event: 18.965 Thread 0x000002197fe6a5e0 Uncommon trap: reason=predicate action=maybe_recompile pc=0x0000021907c394a4 method=com.google.common.base.CharMatcher.indexIn(Ljava/lang/CharSequence;I)I @ 19 c2
Event: 18.965 Thread 0x000002197fe6a5e0 DEOPT PACKING pc=0x0000021907c394a4 sp=0x0000001f3f9fa150
Event: 18.965 Thread 0x000002197fe6a5e0 DEOPT UNPACKING pc=0x00000219075823a3 sp=0x0000001f3f9fa0e0 mode 2
Event: 19.235 Thread 0x000002197fe6a5e0 Uncommon trap: trap_request=0xffffff45 fr.pc=0x0000021907b19f3c relative=0x00000000000005fc
Event: 19.235 Thread 0x000002197fe6a5e0 Uncommon trap: reason=unstable_if action=reinterpret pc=0x0000021907b19f3c method=java.util.HashMap.hash(Ljava/lang/Object;)I @ 1 c2
Event: 19.235 Thread 0x000002197fe6a5e0 DEOPT PACKING pc=0x0000021907b19f3c sp=0x0000001f3f9f6a70
Event: 19.235 Thread 0x000002197fe6a5e0 DEOPT UNPACKING pc=0x00000219075823a3 sp=0x0000001f3f9f6918 mode 2

Classes unloaded (0 events):
No events

Classes redefined (0 events):
No events

Internal exceptions (20 events):
Event: 18.598 Thread 0x000002197fe6a5e0 Exception <a 'java/lang/IncompatibleClassChangeError'{0x00000000eb211d58}: Found class java.lang.Object, but interface was expected> (0x00000000eb211d58) 
thrown [s\open\src\hotspot\share\interpreter\linkResolver.cpp, line 826]
Event: 18.636 Thread 0x000002197fe6a5e0 Exception <a 'java/lang/NoSuchMethodError'{0x00000000eb086378}: 'int java.lang.invoke.DirectMethodHandle$Holder.invokeStatic(java.lang.Object, java.lang.Object, java.lang.Object, java.lang.Object)'> (0x00000000eb086378) 
thrown [s\open\src\hotspot\share\interpreter\linkResolver.cpp, line 759]
Event: 18.637 Thread 0x000002197fe6a5e0 Exception <a 'java/lang/NoSuchMethodError'{0x00000000eb08a1e8}: 'java.lang.Object java.lang.invoke.Invokers$Holder.invokeExact_MT(java.lang.Object, java.lang.Object, java.lang.Object, java.lang.Object, java.lang.Object, java.lang.Object)'> (0x00000000eb08a1e8) 
thrown [s\open\src\hotspot\share\interpreter\linkResolver.cpp, line 759]
Event: 18.751 Thread 0x000002197fe6a5e0 Exception <a 'java/lang/NoSuchMethodError'{0x00000000ea76bc60}: 'java.lang.Object java.lang.invoke.DirectMethodHandle$Holder.invokeVirtual(java.lang.Object, java.lang.Object, java.lang.Object, java.lang.Object)'> (0x00000000ea76bc60) 
thrown [s\open\src\hotspot\share\interpreter\linkResolver.cpp, line 759]
Event: 18.772 Thread 0x000002197fe6a5e0 Exception <a 'java/lang/NoSuchMethodError'{0x00000000ea6b3558}: 'java.lang.Object java.lang.invoke.DirectMethodHandle$Holder.newInvokeSpecial(java.lang.Object, java.lang.Object, java.lang.Object, java.lang.Object, java.lang.Object, java.lang.Object, java.lang.Object)'> (0x00000000ea6b3558) 
thrown [s\open\src\hotspot\share\interpreter\linkResolver.cpp, line 759]
Event: 18.773 Thread 0x000002197fe6a5e0 Exception <a 'java/lang/NoSuchMethodError'{0x00000000ea6b8228}: 'java.lang.Object java.lang.invoke.Invokers$Holder.linkToTargetMethod(java.lang.Object, java.lang.Object, java.lang.Object, java.lang.Object, java.lang.Object, java.lang.Object, java.lang.Object)'> (0x00000000ea6b8228) 
thrown [s\open\src\hotspot\share\interpreter\linkResolver.cpp, line 759]
Event: 18.789 Thread 0x000002197fe6a5e0 Exception <a 'java/lang/NoSuchMethodError'{0x00000000ea40f808}: 'java.lang.Object java.lang.invoke.DirectMethodHandle$Holder.invokeVirtual(java.lang.Object, java.lang.Object, java.lang.Object, java.lang.Object, java.lang.Object, java.lang.Object, java.lang.Object, java.lang.Object, java.lang.Object, java.lang.Object, java.lang.Object, java.lang.Object, java.lang.Object, java.lang.Object, java.lang.Object, java.lang.Object, java.lang.Object, java.lang.Object, java.lang.Object, java.lang.Object, java.lang.Ob
Event: 18.833 Thread 0x000002197fe6a5e0 Implicit null exception at 0x0000021907af72e0 to 0x0000021907af737a
Event: 18.991 Thread 0x000002197fe6a5e0 Exception <a 'java/lang/NoSuchMethodError'{0x00000000e952ad40}: 'void java.lang.invoke.DirectMethodHandle$Holder.invokeStatic(java.lang.Object, java.lang.Object, java.lang.Object, java.lang.Object)'> (0x00000000e952ad40) 
thrown [s\open\src\hotspot\share\interpreter\linkResolver.cpp, line 759]
Event: 18.993 Thread 0x000002197fe6a5e0 Exception <a 'java/lang/NoSuchMethodError'{0x00000000e953f3f8}: 'int java.lang.invoke.DirectMethodHandle$Holder.invokeVirtual(java.lang.Object, java.lang.Object)'> (0x00000000e953f3f8) 
thrown [s\open\src\hotspot\share\interpreter\linkResolver.cpp, line 759]
Event: 18.994 Thread 0x000002197fe6a5e0 Exception <a 'java/lang/NoSuchMethodError'{0x00000000e9551cc0}: 'java.lang.Object java.lang.invoke.DirectMethodHandle$Holder.invokeStaticInit(java.lang.Object, java.lang.Object, java.lang.Object)'> (0x00000000e9551cc0) 
thrown [s\open\src\hotspot\share\interpreter\linkResolver.cpp, line 759]
Event: 19.000 Thread 0x000002197fe6a5e0 Exception <a 'java/lang/NoSuchMethodError'{0x00000000e9578d48}: 'int java.lang.invoke.DirectMethodHandle$Holder.invokeVirtual(java.lang.Object, java.lang.Object, java.lang.Object)'> (0x00000000e9578d48) 
thrown [s\open\src\hotspot\share\interpreter\linkResolver.cpp, line 759]
Event: 19.153 Thread 0x000002197fe6a5e0 Exception <a 'java/lang/NoSuchMethodError'{0x00000000efd6fc88}: 'java.lang.Object java.lang.invoke.DirectMethodHandle$Holder.invokeSpecialIFC(java.lang.Object, java.lang.Object, java.lang.Object, java.lang.Object)'> (0x00000000efd6fc88) 
thrown [s\open\src\hotspot\share\interpreter\linkResolver.cpp, line 759]
Event: 19.160 Thread 0x000002197fe6a5e0 Exception <a 'java/lang/NoSuchMethodError'{0x00000000efc40bd8}: 'java.lang.Object java.lang.invoke.DirectMethodHandle$Holder.newInvokeSpecial(java.lang.Object, java.lang.Object, java.lang.Object, java.lang.Object, java.lang.Object, java.lang.Object, java.lang.Object, java.lang.Object, java.lang.Object, java.lang.Object)'> (0x00000000efc40bd8) 
thrown [s\open\src\hotspot\share\interpreter\linkResolver.cpp, line 759]
Event: 19.160 Thread 0x000002197fe6a5e0 Exception <a 'java/lang/NoSuchMethodError'{0x00000000efc45ac0}: 'java.lang.Object java.lang.invoke.Invokers$Holder.linkToTargetMethod(java.lang.Object, java.lang.Object, java.lang.Object, java.lang.Object, java.lang.Object, java.lang.Object, java.lang.Object, java.lang.Object, java.lang.Object, java.lang.Object)'> (0x00000000efc45ac0) 
thrown [s\open\src\hotspot\share\interpreter\linkResolver.cpp, line 759]
Event: 19.165 Thread 0x000002197fe6a5e0 Exception <a 'java/lang/NoSuchMethodError'{0x00000000efcb9498}: 'java.lang.Object java.lang.invoke.DirectMethodHandle$Holder.newInvokeSpecial(java.lang.Object, java.lang.Object, java.lang.Object, java.lang.Object, java.lang.Object, java.lang.Object, java.lang.Object, java.lang.Object, java.lang.Object, java.lang.Object, java.lang.Object)'> (0x00000000efcb9498) 
thrown [s\open\src\hotspot\share\interpreter\linkResolver.cpp, line 759]
Event: 19.165 Thread 0x000002197fe6a5e0 Exception <a 'java/lang/NoSuchMethodError'{0x00000000efcbefd0}: 'java.lang.Object java.lang.invoke.DirectMethodHandle$Holder.invokeSpecial(java.lang.Object, java.lang.Object, java.lang.Object, java.lang.Object, java.lang.Object, java.lang.Object, java.lang.Object, java.lang.Object, java.lang.Object, java.lang.Object, java.lang.Object, java.lang.Object)'> (0x00000000efcbefd0) 
thrown [s\open\src\hotspot\share\interpreter\linkResolver.cpp, line 759]
Event: 19.165 Thread 0x000002197fe6a5e0 Exception <a 'java/lang/NoSuchMethodError'{0x00000000efcc4918}: 'java.lang.Object java.lang.invoke.Invokers$Holder.linkToTargetMethod(java.lang.Object, java.lang.Object, java.lang.Object, java.lang.Object, java.lang.Object, java.lang.Object, java.lang.Object, java.lang.Object, java.lang.Object, java.lang.Object, java.lang.Object)'> (0x00000000efcc4918) 
thrown [s\open\src\hotspot\share\interpreter\linkResolver.cpp, line 759]
Event: 19.175 Thread 0x000002197fe6a5e0 Exception <a 'java/lang/NoSuchMethodError'{0x00000000efb51f48}: 'java.lang.Object java.lang.invoke.DirectMethodHandle$Holder.invokeStaticInit(java.lang.Object, java.lang.Object, java.lang.Object, java.lang.Object)'> (0x00000000efb51f48) 
thrown [s\open\src\hotspot\share\interpreter\linkResolver.cpp, line 759]
Event: 19.235 Thread 0x000002197fe6a5e0 Implicit null exception at 0x0000021907b1998f to 0x0000021907b19f1c

VM Operations (20 events):
Event: 17.616 Executing VM operation: Cleanup
Event: 17.616 Executing VM operation: Cleanup done
Event: 17.933 Executing VM operation: HandshakeAllThreads
Event: 17.933 Executing VM operation: HandshakeAllThreads done
Event: 18.160 Executing VM operation: HandshakeAllThreads
Event: 18.160 Executing VM operation: HandshakeAllThreads done
Event: 18.161 Executing VM operation: HandshakeAllThreads
Event: 18.161 Executing VM operation: HandshakeAllThreads done
Event: 18.332 Executing VM operation: ICBufferFull
Event: 18.332 Executing VM operation: ICBufferFull done
Event: 19.035 Executing VM operation: HandshakeAllThreads
Event: 19.035 Executing VM operation: HandshakeAllThreads done
Event: 19.115 Executing VM operation: CollectForMetadataAllocation
Event: 19.125 Executing VM operation: CollectForMetadataAllocation done
Event: 19.133 Executing VM operation: G1Concurrent
Event: 19.135 Executing VM operation: G1Concurrent done
Event: 19.136 Executing VM operation: G1Concurrent
Event: 19.136 Executing VM operation: G1Concurrent done
Event: 19.237 Executing VM operation: HandshakeAllThreads
Event: 19.237 Executing VM operation: HandshakeAllThreads done

Events (20 events):
Event: 18.998 loading class java/util/ArrayDeque$DeqSpliterator done
Event: 19.149 Thread 0x000002197e2dd720 Thread added: 0x000002197e2dd720
Event: 19.170 Thread 0x000002197e2db0a0 Thread added: 0x000002197e2db0a0
Event: 19.184 Thread 0x000002197e2dcd80 Thread added: 0x000002197e2dcd80
Event: 19.192 Thread 0x000002197e2dbf10 Thread added: 0x000002197e2dbf10
Event: 19.229 loading class java/lang/invoke/SerializedLambda
Event: 19.230 loading class java/lang/invoke/SerializedLambda done
Event: 19.233 loading class java/lang/reflect/AnnotatedType
Event: 19.233 loading class java/lang/reflect/AnnotatedType done
Event: 19.235 loading class sun/reflect/misc/ReflectUtil
Event: 19.235 loading class sun/reflect/misc/ReflectUtil done
Event: 19.238 loading class java/lang/Class$EnclosingMethodInfo
Event: 19.239 loading class java/lang/Class$EnclosingMethodInfo done
Event: 19.240 loading class sun/reflect/generics/tree/IntSignature
Event: 19.240 loading class sun/reflect/generics/tree/IntSignature done
Event: 19.240 loading class sun/reflect/generics/tree/ArrayTypeSignature
Event: 19.240 loading class sun/reflect/generics/tree/ArrayTypeSignature done
Event: 19.242 loading class java/lang/SafeVarargs
Event: 19.242 loading class java/lang/SafeVarargs done
Event: 19.285 Thread 0x000002197e2db570 Thread added: 0x000002197e2db570


Dynamic libraries:
0x00007ff7bd6c0000 - 0x00007ff7bd6d0000 	C:\Program Files\Java\jdk-17\bin\java.exe
0x00007ffd6d870000 - 0x00007ffd6da68000 	C:\WINDOWS\SYSTEM32\ntdll.dll
0x00007ffd35520000 - 0x00007ffd35539000 	C:\Program Files\Avast Software\Avast\aswhook.dll
0x00007ffd6d510000 - 0x00007ffd6d5cd000 	C:\WINDOWS\System32\KERNEL32.DLL
0x00007ffd6af50000 - 0x00007ffd6b246000 	C:\WINDOWS\System32\KERNELBASE.dll
0x00007ffd6b4d0000 - 0x00007ffd6b5d0000 	C:\WINDOWS\System32\ucrtbase.dll
0x00007ffd687a0000 - 0x00007ffd687b9000 	C:\Program Files\Java\jdk-17\bin\jli.dll
0x00007ffd6bca0000 - 0x00007ffd6bd4f000 	C:\WINDOWS\System32\ADVAPI32.dll
0x00007ffd6c390000 - 0x00007ffd6c42e000 	C:\WINDOWS\System32\msvcrt.dll
0x00007ffd6bba0000 - 0x00007ffd6bc3c000 	C:\WINDOWS\System32\sechost.dll
0x00007ffd6bd50000 - 0x00007ffd6be76000 	C:\WINDOWS\System32\RPCRT4.dll
0x00007ffd6ba00000 - 0x00007ffd6bb9e000 	C:\WINDOWS\System32\USER32.dll
0x00007ffd66a50000 - 0x00007ffd66a6b000 	C:\Program Files\Java\jdk-17\bin\VCRUNTIME140.dll
0x00007ffd549e0000 - 0x00007ffd54c7a000 	C:\WINDOWS\WinSxS\amd64_microsoft.windows.common-controls_6595b64144ccf1df_6.0.19041.3636_none_60b6a03d71f818d5\COMCTL32.dll
0x00007ffd6c000000 - 0x00007ffd6c02c000 	C:\WINDOWS\System32\GDI32.dll
0x00007ffd6b2e0000 - 0x00007ffd6b302000 	C:\WINDOWS\System32\win32u.dll
0x00007ffd6b380000 - 0x00007ffd6b49a000 	C:\WINDOWS\System32\gdi32full.dll
0x00007ffd6b6d0000 - 0x00007ffd6b76d000 	C:\WINDOWS\System32\msvcp_win.dll
0x00007ffd64fc0000 - 0x00007ffd64fca000 	C:\WINDOWS\SYSTEM32\VERSION.dll
0x00007ffd6d1d0000 - 0x00007ffd6d200000 	C:\WINDOWS\System32\IMM32.DLL
0x00007ffd68790000 - 0x00007ffd6879c000 	C:\Program Files\Java\jdk-17\bin\vcruntime140_1.dll
0x00007ffd58570000 - 0x00007ffd585fe000 	C:\Program Files\Java\jdk-17\bin\msvcp140.dll
0x00007ffd249c0000 - 0x00007ffd2559e000 	C:\Program Files\Java\jdk-17\bin\server\jvm.dll
0x00007ffd6d700000 - 0x00007ffd6d708000 	C:\WINDOWS\System32\PSAPI.DLL
0x00007ffd517d0000 - 0x00007ffd517d9000 	C:\WINDOWS\SYSTEM32\WSOCK32.dll
0x00007ffd6d7c0000 - 0x00007ffd6d82b000 	C:\WINDOWS\System32\WS2_32.dll
0x00007ffd5cbf0000 - 0x00007ffd5cc17000 	C:\WINDOWS\SYSTEM32\WINMM.dll
0x00007ffd68e20000 - 0x00007ffd68e32000 	C:\WINDOWS\SYSTEM32\kernel.appcore.dll
0x00007ffd66a40000 - 0x00007ffd66a4a000 	C:\Program Files\Java\jdk-17\bin\jimage.dll
0x00007ffd5c690000 - 0x00007ffd5c874000 	C:\WINDOWS\SYSTEM32\DBGHELP.DLL
0x00007ffd5c3e0000 - 0x00007ffd5c414000 	C:\WINDOWS\SYSTEM32\dbgcore.DLL
0x00007ffd6b250000 - 0x00007ffd6b2d2000 	C:\WINDOWS\System32\bcryptPrimitives.dll
0x00007ffd669a0000 - 0x00007ffd669ae000 	C:\Program Files\Java\jdk-17\bin\instrument.dll
0x00007ffd5bb50000 - 0x00007ffd5bb75000 	C:\Program Files\Java\jdk-17\bin\java.dll
0x00007ffd49660000 - 0x00007ffd49737000 	C:\Program Files\Java\jdk-17\bin\jsvml.dll
0x00007ffd6c580000 - 0x00007ffd6ccc5000 	C:\WINDOWS\System32\SHELL32.dll
0x00007ffd69020000 - 0x00007ffd697bb000 	C:\WINDOWS\SYSTEM32\windows.storage.dll
0x00007ffd6c030000 - 0x00007ffd6c384000 	C:\WINDOWS\System32\combase.dll
0x00007ffd6a990000 - 0x00007ffd6a9bd000 	C:\WINDOWS\SYSTEM32\Wldp.dll
0x00007ffd6d710000 - 0x00007ffd6d7bd000 	C:\WINDOWS\System32\SHCORE.dll
0x00007ffd6d200000 - 0x00007ffd6d255000 	C:\WINDOWS\System32\shlwapi.dll
0x00007ffd6ae80000 - 0x00007ffd6aea5000 	C:\WINDOWS\SYSTEM32\profapi.dll
0x00007ffd5cab0000 - 0x00007ffd5cac8000 	C:\Program Files\Java\jdk-17\bin\zip.dll
0x00007ffd669b0000 - 0x00007ffd669c9000 	C:\Program Files\Java\jdk-17\bin\net.dll
0x00007ffd65560000 - 0x00007ffd6566a000 	C:\WINDOWS\SYSTEM32\WINHTTP.dll
0x00007ffd6a6f0000 - 0x00007ffd6a75a000 	C:\WINDOWS\system32\mswsock.dll
0x00007ffd5cad0000 - 0x00007ffd5cae6000 	C:\Program Files\Java\jdk-17\bin\nio.dll
0x00007ffd5be20000 - 0x00007ffd5be30000 	C:\Program Files\Java\jdk-17\bin\verify.dll
0x00007ffd584e0000 - 0x00007ffd58507000 	C:\Users\user\.gradle\native\c067742578af261105cb4f569cf0c3c89f3d7b1fecec35dd04571415982c5e48\windows-amd64\native-platform.dll
0x00007ffd49e90000 - 0x00007ffd49fd4000 	C:\Users\user\.gradle\native\38dada09dfb8b06ba9b0570ebf7e218e3eb74d4ef43ca46872605cf95ebc2f47\windows-amd64\native-platform-file-events.dll
0x00007ffd66950000 - 0x00007ffd6695a000 	C:\Program Files\Java\jdk-17\bin\management.dll
0x00007ffd5be40000 - 0x00007ffd5be4b000 	C:\Program Files\Java\jdk-17\bin\management_ext.dll
0x00007ffd6a8f0000 - 0x00007ffd6a908000 	C:\WINDOWS\SYSTEM32\CRYPTSP.dll
0x00007ffd69fb0000 - 0x00007ffd69fe4000 	C:\WINDOWS\system32\rsaenh.dll
0x00007ffd6b4a0000 - 0x00007ffd6b4c7000 	C:\WINDOWS\System32\bcrypt.dll
0x00007ffd6ae00000 - 0x00007ffd6ae2e000 	C:\WINDOWS\SYSTEM32\USERENV.dll
0x00007ffd6a8e0000 - 0x00007ffd6a8ec000 	C:\WINDOWS\SYSTEM32\CRYPTBASE.dll
0x00007ffd6a390000 - 0x00007ffd6a3cb000 	C:\WINDOWS\SYSTEM32\IPHLPAPI.DLL
0x00007ffd6b9f0000 - 0x00007ffd6b9f8000 	C:\WINDOWS\System32\NSI.dll
0x00007ffd65190000 - 0x00007ffd651a7000 	C:\WINDOWS\SYSTEM32\dhcpcsvc6.DLL
0x00007ffd65170000 - 0x00007ffd6518d000 	C:\WINDOWS\SYSTEM32\dhcpcsvc.DLL
0x00007ffd6a3d0000 - 0x00007ffd6a49a000 	C:\WINDOWS\SYSTEM32\DNSAPI.dll
0x00007ffd584d0000 - 0x00007ffd584de000 	C:\Program Files\Java\jdk-17\bin\sunmscapi.dll
0x00007ffd6b770000 - 0x00007ffd6b8cd000 	C:\WINDOWS\System32\CRYPT32.dll
0x00007ffd6aa00000 - 0x00007ffd6aa27000 	C:\WINDOWS\SYSTEM32\ncrypt.dll
0x00007ffd6a9c0000 - 0x00007ffd6a9fb000 	C:\WINDOWS\SYSTEM32\NTASN1.dll
0x00007ffd57f80000 - 0x00007ffd57f87000 	C:\WINDOWS\system32\wshunix.dll

dbghelp: loaded successfully - version: 4.0.5 - missing functions: none
symbol engine: initialized successfully - sym options: 0x614 - pdb path: .;C:\Program Files\Java\jdk-17\bin;C:\WINDOWS\SYSTEM32;C:\Program Files\Avast Software\Avast;C:\WINDOWS\WinSxS\amd64_microsoft.windows.common-controls_6595b64144ccf1df_6.0.19041.3636_none_60b6a03d71f818d5;C:\Program Files\Java\jdk-17\bin\server;C:\Users\user\.gradle\native\c067742578af261105cb4f569cf0c3c89f3d7b1fecec35dd04571415982c5e48\windows-amd64;C:\Users\user\.gradle\native\38dada09dfb8b06ba9b0570ebf7e218e3eb74d4ef43ca46872605cf95ebc2f47\windows-amd64

VM Arguments:
jvm_args: --add-opens=java.base/java.util=ALL-UNNAMED --add-opens=java.base/java.lang=ALL-UNNAMED --add-opens=java.base/java.lang.invoke=ALL-UNNAMED --add-opens=java.prefs/java.util.prefs=ALL-UNNAMED --add-opens=java.base/java.nio.charset=ALL-UNNAMED --add-opens=java.base/java.net=ALL-UNNAMED --add-opens=java.base/java.util.concurrent.atomic=ALL-UNNAMED -XX:MaxMetaspaceSize=384m -XX:+HeapDumpOnOutOfMemoryError -Xms256m -Xmx512m -Dfile.encoding=UTF-8 -Duser.country=KR -Duser.language=ko -Duser.variant -javaagent:C:\Users\user\.gradle\wrapper\dists\gradle-8.5-bin\5t9huq95ubn472n8rpzujfbqh\gradle-8.5\lib\agents\gradle-instrumentation-agent-8.5.jar 
java_command: org.gradle.launcher.daemon.bootstrap.GradleDaemon 8.5
java_class_path (initial): C:\Users\user\.gradle\wrapper\dists\gradle-8.5-bin\5t9huq95ubn472n8rpzujfbqh\gradle-8.5\lib\gradle-launcher-8.5.jar
Launcher Type: SUN_STANDARD

[Global flags]
     intx CICompilerCount                          = 3                                         {product} {ergonomic}
   size_t CompressedClassSpaceSize                 = 335544320                                 {product} {ergonomic}
     uint ConcGCThreads                            = 1                                         {product} {ergonomic}
     uint G1ConcRefinementThreads                  = 4                                         {product} {ergonomic}
   size_t G1HeapRegionSize                         = 1048576                                   {product} {ergonomic}
    uintx GCDrainStackTargetSize                   = 64                                        {product} {ergonomic}
     bool HeapDumpOnOutOfMemoryError               = true                                   {manageable} {command line}
   size_t InitialHeapSize                          = 268435456                                 {product} {command line}
   size_t MarkStackSize                            = 4194304                                   {product} {ergonomic}
   size_t MaxHeapSize                              = 536870912                                 {product} {command line}
   size_t MaxMetaspaceSize                         = 402653184                                 {product} {command line}
   size_t MaxNewSize                               = 321912832                                 {product} {ergonomic}
   size_t MinHeapDeltaBytes                        = 1048576                                   {product} {ergonomic}
   size_t MinHeapSize                              = 268435456                                 {product} {command line}
    uintx NonNMethodCodeHeapSize                   = 5832780                                {pd product} {ergonomic}
    uintx NonProfiledCodeHeapSize                  = 122912730                              {pd product} {ergonomic}
    uintx ProfiledCodeHeapSize                     = 122912730                              {pd product} {ergonomic}
    uintx ReservedCodeCacheSize                    = 251658240                              {pd product} {ergonomic}
     bool SegmentedCodeCache                       = true                                      {product} {ergonomic}
   size_t SoftMaxHeapSize                          = 536870912                              {manageable} {ergonomic}
     bool UseCompressedClassPointers               = true                           {product lp64_product} {ergonomic}
     bool UseCompressedOops                        = true                           {product lp64_product} {ergonomic}
     bool UseG1GC                                  = true                                      {product} {ergonomic}
     bool UseLargePagesIndividualAllocation        = false                                  {pd product} {ergonomic}

Logging:
Log output configuration:
 #0: stdout all=warning uptime,level,tags
 #1: stderr all=off uptime,level,tags

Environment Variables:
JAVA_HOME=C:\Program Files\Java\jdk-17
PATH=C:\wjdahr12\apache-tomcat-9.0.80\bin;C:\Program Files\Java\jdk-17\bin;C:\oraclexe\app\oracle\product\11.2.0\server\bin;C:\Program Files\Zulu\zulu-17\bin\;C:\Program Files\Common Files\Oracle\Java\javapath;C:\Program Files (x86)\NAT Service;C:\WINDOWS\system32;C:\WINDOWS;C:\WINDOWS\System32\Wbem;C:\WINDOWS\System32\WindowsPowerShell\v1.0\;C:\WINDOWS\System32\OpenSSH\;C:\Program Files\Git\cmd;C:\Program Files\Bandizip\;C:\Program Files\nodejs\;C:\Users\user\AppData\Local\Microsoft\WindowsApps;C:\Users\user\AppData\Local\Programs\Microsoft VS Code\bin;C:\Program Files\Java\jdk-20\bin;C:\Users\user\AppData\Roaming\npm;C:\Program Files\JetBrains\IntelliJ IDEA Community Edition 2023.2.5\bin;;C:\Program Files\MariaDB 10.6\bin;
USERNAME=user
OS=Windows_NT
PROCESSOR_IDENTIFIER=Intel64 Family 6 Model 158 Stepping 9, GenuineIntel



---------------  S Y S T E M  ---------------

OS:
 Windows 10 , 64 bit Build 19041 (10.0.19041.3636)
OS uptime: 0 days 18:48 hours

CPU: total 4 (initial active 4) (4 cores per cpu, 1 threads per core) family 6 model 158 stepping 9 microcode 0xb4, cx8, cmov, fxsr, mmx, 3dnowpref, sse, sse2, sse3, ssse3, sse4.1, sse4.2, popcnt, lzcnt, tsc, tscinvbit, avx, avx2, aes, erms, clmul, bmi1, bmi2, rtm, adx, fma, vzeroupper, clflush, clflushopt

Memory: 4k page, system-wide physical 8155M (343M free)
TotalPageFile size 19155M (AvailPageFile size 5M)
current process WorkingSet (physical memory assigned to process): 269M, peak: 269M
current process commit charge ("private bytes"): 430M, peak: 430M

vm_info: Java HotSpot(TM) 64-Bit Server VM (17.0.8+9-LTS-211) for windows-amd64 JRE (17.0.8+9-LTS-211), built on Jun 14 2023 10:34:31 by "mach5one" with MS VC++ 17.1 (VS2022)

END.
