#
# There is insufficient memory for the Java Runtime Environment to continue.
# Native memory allocation (malloc) failed to allocate 1335856 bytes for Chunk::new
# Possible reasons:
#   The system is out of physical RAM or swap space
#   The process is running with CompressedOops enabled, and the Java Heap may be blocking the growth of the native heap
# Possible solutions:
#   Reduce memory load on the system
#   Increase physical memory or swap space
#   Check if swap backing store is full
#   Decrease Java heap size (-Xmx/-Xms)
#   Decrease number of Java threads
#   Decrease Java thread stack sizes (-Xss)
#   Set larger code cache with -XX:ReservedCodeCacheSize=
#   JVM is running with Unscaled Compressed Oops mode in which the Java heap is
#     placed in the first 4GB address space. The Java Heap base address is the
#     maximum limit for the native heap growth. Please use -XX:HeapBaseMinAddress
#     to set the Java Heap base and to place the Java Heap above 4GB virtual address.
# This output file may be truncated or incomplete.
#
#  Out of Memory Error (arena.cpp:189), pid=18700, tid=14252
#
# JRE version: Java(TM) SE Runtime Environment (17.0.8+9) (build 17.0.8+9-LTS-211)
# Java VM: Java HotSpot(TM) 64-Bit Server VM (17.0.8+9-LTS-211, mixed mode, sharing, tiered, compressed oops, compressed class ptrs, g1 gc, windows-amd64)
# No core dump will be written. Minidumps are not enabled by default on client versions of Windows
#

---------------  S U M M A R Y ------------

Command Line: --add-opens=java.base/java.util=ALL-UNNAMED --add-opens=java.base/java.lang=ALL-UNNAMED --add-opens=java.base/java.lang.invoke=ALL-UNNAMED --add-opens=java.prefs/java.util.prefs=ALL-UNNAMED --add-opens=java.base/java.nio.charset=ALL-UNNAMED --add-opens=java.base/java.net=ALL-UNNAMED --add-opens=java.base/java.util.concurrent.atomic=ALL-UNNAMED -XX:MaxMetaspaceSize=384m -XX:+HeapDumpOnOutOfMemoryError -Xms256m -Xmx512m -Dfile.encoding=UTF-8 -Duser.country=KR -Duser.language=ko -Duser.variant -javaagent:C:\Users\user\.gradle\wrapper\dists\gradle-8.5-bin\5t9huq95ubn472n8rpzujfbqh\gradle-8.5\lib\agents\gradle-instrumentation-agent-8.5.jar org.gradle.launcher.daemon.bootstrap.GradleDaemon 8.5

Host: Intel(R) Core(TM) i5-7500 CPU @ 3.40GHz, 4 cores, 7G,  Windows 10 , 64 bit Build 19041 (10.0.19041.3636)
Time: Wed Dec 27 23:16:08 2023  Windows 10 , 64 bit Build 19041 (10.0.19041.3636) elapsed time: 5073.324945 seconds (0d 1h 24m 33s)

---------------  T H R E A D  ---------------

Current thread (0x00000191e5c9cd70):  JavaThread "C2 CompilerThread0" daemon [_thread_in_native, id=14252, stack(0x0000006ed8800000,0x0000006ed8900000)]


Current CompileTask:
C2:5073325 13221   !   4       org.gradle.launcher.daemon.server.SynchronizedDispatchConnection::dispatchAndFlush (118 bytes)

Stack: [0x0000006ed8800000,0x0000006ed8900000]
Native frames: (J=compiled Java code, j=interpreted, Vv=VM code, C=native code)
V  [jvm.dll+0x677d0a]
V  [jvm.dll+0x7d8c54]
V  [jvm.dll+0x7da3fe]
V  [jvm.dll+0x7daa63]
V  [jvm.dll+0x245c5f]
V  [jvm.dll+0xaaa6b]
V  [jvm.dll+0xab00c]
V  [jvm.dll+0x361e8e]
V  [jvm.dll+0x32c551]
V  [jvm.dll+0x32b9ea]
V  [jvm.dll+0x217fff]
V  [jvm.dll+0x217431]
V  [jvm.dll+0x1a3af0]
V  [jvm.dll+0x2270be]
V  [jvm.dll+0x22535b]
V  [jvm.dll+0x78e7bc]
V  [jvm.dll+0x788bba]
V  [jvm.dll+0x676b35]
C  [ucrtbase.dll+0x21bb2]
C  [KERNEL32.DLL+0x17344]
C  [ntdll.dll+0x526b1]


---------------  P R O C E S S  ---------------

Threads class SMR info:
_java_thread_list=0x00000191803069f0, length=85, elements={
0x00000191c9d06520, 0x00000191e5c7d3f0, 0x00000191e5c7e260, 0x00000191e5c96cb0,
0x00000191e5c98870, 0x00000191e5c9b630, 0x00000191e5c9bfe0, 0x00000191e5c9cd70,
0x00000191e5c9e820, 0x00000191e5d0d680, 0x00000191e5c67190, 0x00000191ff144030,
0x000001918077b7f0, 0x00000191800fc3e0, 0x0000019181f9e770, 0x00000191ff3747b0,
0x00000191ff375af0, 0x00000191ff374c80, 0x0000019180e46700, 0x0000019180e44550,
0x0000019180e43bb0, 0x0000019180e46bd0, 0x0000019180e47f10, 0x0000019180e42d40,
0x0000019180e483e0, 0x0000019180e41a00, 0x000001918299d070, 0x0000019183856550,
0x0000019183854870, 0x0000019183853530, 0x0000019183853060, 0x0000019183850510,
0x0000019183856ef0, 0x0000019183852b90, 0x00000191838509e0, 0x00000191838573c0,
0x0000019183850eb0, 0x0000019183851850, 0x00000191838543a0, 0x0000019183851d20,
0x0000019183854d40, 0x0000019183853a00, 0x00000191828fb920, 0x00000191828f75c0,
0x00000191828faab0, 0x00000191828f7f60, 0x00000191828f9770, 0x00000191828f8900,
0x00000191828f40d0, 0x00000191828f45a0, 0x00000191828f7a90, 0x00000191828f4a70,
0x00000191828f58e0, 0x00000191828f4f40, 0x00000191828f8430, 0x00000191828f5410,
0x00000191828f5db0, 0x00000191828f6280, 0x00000191828fa110, 0x00000191828f6750,
0x00000191828f6c20, 0x00000191828f8dd0, 0x00000191828f92a0, 0x00000191829a13d0,
0x00000191829a2710, 0x00000191829a0f00, 0x00000191829a2240, 0x00000191829a48c0,
0x00000191829a1d70, 0x00000191829a0090, 0x000001918299d540, 0x000001918299da10,
0x000001918299dee0, 0x00000191829a2be0, 0x000001918299fbc0, 0x00000191829a43f0,
0x000001918299f220, 0x00000191829a30b0, 0x000001918299f6f0, 0x00000191829a0560,
0x00000191829a18a0, 0x00000191829a3580, 0x00000191829a3f20, 0x00000191829a3a50,
0x0000019180e470a0
}

Java Threads: ( => current thread )
  0x00000191c9d06520 JavaThread "main" [_thread_blocked, id=18052, stack(0x0000006ed7b00000,0x0000006ed7c00000)]
  0x00000191e5c7d3f0 JavaThread "Reference Handler" daemon [_thread_blocked, id=9908, stack(0x0000006ed8200000,0x0000006ed8300000)]
  0x00000191e5c7e260 JavaThread "Finalizer" daemon [_thread_blocked, id=4728, stack(0x0000006ed8300000,0x0000006ed8400000)]
  0x00000191e5c96cb0 JavaThread "Signal Dispatcher" daemon [_thread_blocked, id=17832, stack(0x0000006ed8400000,0x0000006ed8500000)]
  0x00000191e5c98870 JavaThread "Attach Listener" daemon [_thread_blocked, id=13480, stack(0x0000006ed8500000,0x0000006ed8600000)]
  0x00000191e5c9b630 JavaThread "Service Thread" daemon [_thread_blocked, id=16756, stack(0x0000006ed8600000,0x0000006ed8700000)]
  0x00000191e5c9bfe0 JavaThread "Monitor Deflation Thread" daemon [_thread_blocked, id=10824, stack(0x0000006ed8700000,0x0000006ed8800000)]
=>0x00000191e5c9cd70 JavaThread "C2 CompilerThread0" daemon [_thread_in_native, id=14252, stack(0x0000006ed8800000,0x0000006ed8900000)]
  0x00000191e5c9e820 JavaThread "C1 CompilerThread0" daemon [_thread_blocked, id=13476, stack(0x0000006ed8900000,0x0000006ed8a00000)]
  0x00000191e5d0d680 JavaThread "Sweeper thread" daemon [_thread_blocked, id=12368, stack(0x0000006ed8a00000,0x0000006ed8b00000)]
  0x00000191e5c67190 JavaThread "Common-Cleaner" daemon [_thread_blocked, id=3364, stack(0x0000006ed8b00000,0x0000006ed8c00000)]
  0x00000191ff144030 JavaThread "Notification Thread" daemon [_thread_blocked, id=14672, stack(0x0000006ed8c00000,0x0000006ed8d00000)]
  0x000001918077b7f0 JavaThread "Daemon health stats" [_thread_blocked, id=15920, stack(0x0000006ed9200000,0x0000006ed9300000)]
  0x00000191800fc3e0 JavaThread "Incoming local TCP Connector on port 9308" [_thread_in_native, id=17564, stack(0x0000006ed9100000,0x0000006ed9200000)]
  0x0000019181f9e770 JavaThread "Daemon periodic checks" [_thread_blocked, id=17624, stack(0x0000006ed9300000,0x0000006ed9400000)]
  0x00000191ff3747b0 JavaThread "Cache worker for journal cache (C:\Users\user\.gradle\caches\journal-1)" [_thread_blocked, id=20060, stack(0x0000006ed9b00000,0x0000006ed9c00000)]
  0x00000191ff375af0 JavaThread "File lock request listener" [_thread_in_native, id=20136, stack(0x0000006ed9c00000,0x0000006ed9d00000)]
  0x00000191ff374c80 JavaThread "Cache worker for file hash cache (C:\Users\user\.gradle\caches\8.5\fileHashes)" [_thread_blocked, id=5340, stack(0x0000006ed9e00000,0x0000006ed9f00000)]
  0x0000019180e46700 JavaThread "File watcher server" daemon [_thread_in_native, id=10136, stack(0x0000006ed9f00000,0x0000006eda000000)]
  0x0000019180e44550 JavaThread "File watcher consumer" daemon [_thread_blocked, id=18540, stack(0x0000006eda000000,0x0000006eda100000)]
  0x0000019180e43bb0 JavaThread "Cache worker for file content cache (C:\Users\user\.gradle\caches\8.5\fileContent)" [_thread_blocked, id=4864, stack(0x0000006eda500000,0x0000006eda600000)]
  0x0000019180e46bd0 JavaThread "Cache worker for execution history cache (C:\Users\user\.gradle\caches\8.5\executionHistory)" [_thread_blocked, id=20196, stack(0x0000006eda600000,0x0000006eda700000)]
  0x0000019180e47f10 JavaThread "jar transforms" [_thread_blocked, id=2068, stack(0x0000006eda700000,0x0000006eda800000)]
  0x0000019180e42d40 JavaThread "jar transforms Thread 2" [_thread_blocked, id=19344, stack(0x0000006eda800000,0x0000006eda900000)]
  0x0000019180e483e0 JavaThread "jar transforms Thread 3" [_thread_blocked, id=2124, stack(0x0000006eda900000,0x0000006edaa00000)]
  0x0000019180e41a00 JavaThread "jar transforms Thread 4" [_thread_blocked, id=5192, stack(0x0000006edaa00000,0x0000006edab00000)]
  0x000001918299d070 JavaThread "Memory manager" [_thread_blocked, id=9932, stack(0x0000006edb000000,0x0000006edb100000)]
  0x0000019183856550 JavaThread "Daemon Thread 2" [_thread_blocked, id=12912, stack(0x0000006ed7800000,0x0000006ed7900000)]
  0x0000019183854870 JavaThread "Handler for socket connection from /127.0.0.1:9308 to /127.0.0.1:12256" [_thread_in_native, id=18976, stack(0x0000006ed7900000,0x0000006ed7a00000)]
  0x0000019183853530 JavaThread "Cancel handler" [_thread_blocked, id=7840, stack(0x0000006ed7a00000,0x0000006ed7b00000)]
  0x0000019183853060 JavaThread "Daemon worker Thread 2" [_thread_blocked, id=17684, stack(0x0000006ed9400000,0x0000006ed9500000)]
  0x0000019183850510 JavaThread "Asynchronous log dispatcher for DefaultDaemonConnection: socket connection from /127.0.0.1:9308 to /127.0.0.1:12256" [_thread_blocked, id=19208, stack(0x0000006ed9500000,0x0000006ed9600000)]
  0x0000019183856ef0 JavaThread "Stdin handler" [_thread_blocked, id=4924, stack(0x0000006ed9600000,0x0000006ed9700000)]
  0x0000019183852b90 JavaThread "Daemon client event forwarder" [_thread_blocked, id=19500, stack(0x0000006ed9700000,0x0000006ed9800000)]
  0x00000191838509e0 JavaThread "Cache worker for checksums cache (C:\wjdahr12\shoppingMall\vue3\gallery\backend\.gradle\8.5\checksums)" [_thread_blocked, id=17240, stack(0x0000006ed9800000,0x0000006ed9900000)]
  0x00000191838573c0 JavaThread "Cache worker for file hash cache (C:\wjdahr12\shoppingMall\vue3\gallery\backend\.gradle\8.5\fileHashes)" [_thread_blocked, id=3988, stack(0x0000006ed9900000,0x0000006ed9a00000)]
  0x0000019183850eb0 JavaThread "Cache worker for cache directory md-supplier (C:\Users\user\.gradle\caches\8.5\md-supplier)" [_thread_blocked, id=6548, stack(0x0000006ed9a00000,0x0000006ed9b00000)]
  0x0000019183851850 JavaThread "Cache worker for cache directory md-rule (C:\Users\user\.gradle\caches\8.5\md-rule)" [_thread_blocked, id=19672, stack(0x0000006ed9d00000,0x0000006ed9e00000)]
  0x00000191838543a0 JavaThread "Cache worker for dependencies-accessors (C:\wjdahr12\shoppingMall\vue3\gallery\backend\.gradle\8.5\dependencies-accessors)" [_thread_blocked, id=19580, stack(0x0000006eda100000,0x0000006eda200000)]
  0x0000019183851d20 JavaThread "Cache worker for Build Output Cleanup Cache (C:\wjdahr12\shoppingMall\vue3\gallery\backend\.gradle\buildOutputCleanup)" [_thread_blocked, id=14520, stack(0x0000006eda200000,0x0000006eda300000)]
  0x0000019183854d40 JavaThread "Unconstrained build operations" [_thread_blocked, id=15296, stack(0x0000006eda300000,0x0000006eda400000)]
  0x0000019183853a00 JavaThread "Unconstrained build operations Thread 2" [_thread_blocked, id=18572, stack(0x0000006eda400000,0x0000006eda500000)]
  0x00000191828fb920 JavaThread "Unconstrained build operations Thread 3" [_thread_blocked, id=17536, stack(0x0000006edab00000,0x0000006edac00000)]
  0x00000191828f75c0 JavaThread "included builds" [_thread_in_native, id=9936, stack(0x0000006edac00000,0x0000006edad00000)]
  0x00000191828faab0 JavaThread "Execution worker" [_thread_blocked, id=19788, stack(0x0000006edad00000,0x0000006edae00000)]
  0x00000191828f7f60 JavaThread "Execution worker Thread 2" [_thread_blocked, id=14552, stack(0x0000006edae00000,0x0000006edaf00000)]
  0x00000191828f9770 JavaThread "Execution worker Thread 3" [_thread_blocked, id=19776, stack(0x0000006edaf00000,0x0000006edb000000)]
  0x00000191828f8900 JavaThread "Cache worker for execution history cache (C:\wjdahr12\shoppingMall\vue3\gallery\backend\.gradle\8.5\executionHistory)" [_thread_blocked, id=11628, stack(0x0000006edb100000,0x0000006edb200000)]
  0x00000191828f40d0 JavaThread "Unconstrained build operations Thread 4" [_thread_blocked, id=16136, stack(0x0000006edb200000,0x0000006edb300000)]
  0x00000191828f45a0 JavaThread "Unconstrained build operations Thread 5" [_thread_blocked, id=648, stack(0x0000006edb300000,0x0000006edb400000)]
  0x00000191828f7a90 JavaThread "Unconstrained build operations Thread 6" [_thread_blocked, id=5604, stack(0x0000006edb400000,0x0000006edb500000)]
  0x00000191828f4a70 JavaThread "Unconstrained build operations Thread 7" [_thread_blocked, id=20236, stack(0x0000006edb500000,0x0000006edb600000)]
  0x00000191828f58e0 JavaThread "Unconstrained build operations Thread 8" [_thread_blocked, id=8884, stack(0x0000006edb700000,0x0000006edb800000)]
  0x00000191828f4f40 JavaThread "Unconstrained build operations Thread 9" [_thread_blocked, id=19560, stack(0x0000006edb800000,0x0000006edb900000)]
  0x00000191828f8430 JavaThread "Unconstrained build operations Thread 10" [_thread_blocked, id=11956, stack(0x0000006edb900000,0x0000006edba00000)]
  0x00000191828f5410 JavaThread "Unconstrained build operations Thread 11" [_thread_blocked, id=15332, stack(0x0000006edba00000,0x0000006edbb00000)]
  0x00000191828f5db0 JavaThread "Unconstrained build operations Thread 12" [_thread_blocked, id=4176, stack(0x0000006edbb00000,0x0000006edbc00000)]
  0x00000191828f6280 JavaThread "Unconstrained build operations Thread 13" [_thread_blocked, id=7724, stack(0x0000006edbc00000,0x0000006edbd00000)]
  0x00000191828fa110 JavaThread "Unconstrained build operations Thread 14" [_thread_blocked, id=14584, stack(0x0000006edbd00000,0x0000006edbe00000)]
  0x00000191828f6750 JavaThread "Unconstrained build operations Thread 15" [_thread_blocked, id=19688, stack(0x0000006edbe00000,0x0000006edbf00000)]
  0x00000191828f6c20 JavaThread "Unconstrained build operations Thread 16" [_thread_blocked, id=14940, stack(0x0000006edbf00000,0x0000006edc000000)]
  0x00000191828f8dd0 JavaThread "Unconstrained build operations Thread 17" [_thread_blocked, id=18972, stack(0x0000006edc000000,0x0000006edc100000)]
  0x00000191828f92a0 JavaThread "Unconstrained build operations Thread 18" [_thread_blocked, id=19224, stack(0x0000006edc100000,0x0000006edc200000)]
  0x00000191829a13d0 JavaThread "Unconstrained build operations Thread 19" [_thread_blocked, id=12052, stack(0x0000006edc200000,0x0000006edc300000)]
  0x00000191829a2710 JavaThread "Unconstrained build operations Thread 20" [_thread_blocked, id=14180, stack(0x0000006edc300000,0x0000006edc400000)]
  0x00000191829a0f00 JavaThread "Unconstrained build operations Thread 21" [_thread_blocked, id=18272, stack(0x0000006edc400000,0x0000006edc500000)]
  0x00000191829a2240 JavaThread "Unconstrained build operations Thread 22" [_thread_blocked, id=17112, stack(0x0000006edc500000,0x0000006edc600000)]
  0x00000191829a48c0 JavaThread "Unconstrained build operations Thread 23" [_thread_blocked, id=5204, stack(0x0000006edc800000,0x0000006edc900000)]
  0x00000191829a1d70 JavaThread "Unconstrained build operations Thread 24" [_thread_blocked, id=19300, stack(0x0000006edc900000,0x0000006edca00000)]
  0x00000191829a0090 JavaThread "Unconstrained build operations Thread 25" [_thread_blocked, id=19700, stack(0x0000006edca00000,0x0000006edcb00000)]
  0x000001918299d540 JavaThread "Unconstrained build operations Thread 26" [_thread_blocked, id=12020, stack(0x0000006edcb00000,0x0000006edcc00000)]
  0x000001918299da10 JavaThread "Unconstrained build operations Thread 27" [_thread_blocked, id=19000, stack(0x0000006edcc00000,0x0000006edcd00000)]
  0x000001918299dee0 JavaThread "Unconstrained build operations Thread 28" [_thread_blocked, id=8104, stack(0x0000006edcd00000,0x0000006edce00000)]
  0x00000191829a2be0 JavaThread "Unconstrained build operations Thread 29" [_thread_blocked, id=7312, stack(0x0000006edce00000,0x0000006edcf00000)]
  0x000001918299fbc0 JavaThread "Unconstrained build operations Thread 30" [_thread_blocked, id=4300, stack(0x0000006edcf00000,0x0000006edd000000)]
  0x00000191829a43f0 JavaThread "Unconstrained build operations Thread 31" [_thread_blocked, id=18764, stack(0x0000006edd000000,0x0000006edd100000)]
  0x000001918299f220 JavaThread "Unconstrained build operations Thread 32" [_thread_blocked, id=1172, stack(0x0000006edd100000,0x0000006edd200000)]
  0x00000191829a30b0 JavaThread "Unconstrained build operations Thread 33" [_thread_blocked, id=732, stack(0x0000006edd200000,0x0000006edd300000)]
  0x000001918299f6f0 JavaThread "Unconstrained build operations Thread 34" [_thread_blocked, id=14352, stack(0x0000006edd300000,0x0000006edd400000)]
  0x00000191829a0560 JavaThread "Unconstrained build operations Thread 35" [_thread_blocked, id=1752, stack(0x0000006edd400000,0x0000006edd500000)]
  0x00000191829a18a0 JavaThread "Unconstrained build operations Thread 36" [_thread_blocked, id=7400, stack(0x0000006edd500000,0x0000006edd600000)]
  0x00000191829a3580 JavaThread "Unconstrained build operations Thread 37" [_thread_blocked, id=14140, stack(0x0000006edd600000,0x0000006edd700000)]
  0x00000191829a3f20 JavaThread "Unconstrained build operations Thread 38" [_thread_blocked, id=19492, stack(0x0000006edd700000,0x0000006edd800000)]
  0x00000191829a3a50 JavaThread "Unconstrained build operations Thread 39" [_thread_blocked, id=15228, stack(0x0000006edd800000,0x0000006edd900000)]
  0x0000019180e470a0 JavaThread "Unconstrained build operations Thread 40" [_thread_blocked, id=19716, stack(0x0000006edd900000,0x0000006edda00000)]

Other Threads:
  0x00000191e5c753d0 VMThread "VM Thread" [stack: 0x0000006ed8100000,0x0000006ed8200000] [id=19476]
  0x00000191c9d4a8a0 WatcherThread [stack: 0x0000006ed8d00000,0x0000006ed8e00000] [id=12544]
  0x00000191c9d34630 GCTaskThread "GC Thread#0" [stack: 0x0000006ed7c00000,0x0000006ed7d00000] [id=6332]
  0x00000191ff2ae930 GCTaskThread "GC Thread#1" [stack: 0x0000006ed8e00000,0x0000006ed8f00000] [id=6028]
  0x00000191ff2aebe0 GCTaskThread "GC Thread#2" [stack: 0x0000006ed8f00000,0x0000006ed9000000] [id=13796]
  0x00000191ff2aee90 GCTaskThread "GC Thread#3" [stack: 0x0000006ed9000000,0x0000006ed9100000] [id=16960]
  0x00000191c9d39570 ConcurrentGCThread "G1 Main Marker" [stack: 0x0000006ed7d00000,0x0000006ed7e00000] [id=5856]
  0x00000191c9d3a050 ConcurrentGCThread "G1 Conc#0" [stack: 0x0000006ed7e00000,0x0000006ed7f00000] [id=16736]
  0x00000191e5b420c0 ConcurrentGCThread "G1 Refine#0" [stack: 0x0000006ed7f00000,0x0000006ed8000000] [id=19712]
  0x000001918184ea30 ConcurrentGCThread "G1 Refine#1" [stack: 0x0000006edb600000,0x0000006edb700000] [id=18928]
  0x000001918184e750 ConcurrentGCThread "G1 Refine#2" [stack: 0x0000006edc600000,0x0000006edc700000] [id=5800]
  0x00000191807f6240 ConcurrentGCThread "G1 Refine#3" [stack: 0x0000006edc700000,0x0000006edc800000] [id=15260]
  0x00000191e5b42ae0 ConcurrentGCThread "G1 Service" [stack: 0x0000006ed8000000,0x0000006ed8100000] [id=6736]

Threads with active compile tasks:
C2 CompilerThread0  5073418 13221   !   4       org.gradle.launcher.daemon.server.SynchronizedDispatchConnection::dispatchAndFlush (118 bytes)

VM state: not at safepoint (normal execution)

VM Mutex/Monitor currently owned by a thread: None

Heap address: 0x00000000e0000000, size: 512 MB, Compressed Oops mode: 32-bit

CDS archive(s) mapped at: [0x00000191e6000000-0x00000191e6bd0000-0x00000191e6bd0000), size 12386304, SharedBaseAddress: 0x00000191e6000000, ArchiveRelocationMode: 1.
Compressed class space mapped at: 0x00000191e7000000-0x00000191fb000000, reserved size: 335544320
Narrow klass base: 0x00000191e6000000, Narrow klass shift: 0, Narrow klass range: 0x100000000

GC Precious Log:
 CPUs: 4 total, 4 available
 Memory: 8155M
 Large Page Support: Disabled
 NUMA Support: Disabled
 Compressed Oops: Enabled (32-bit)
 Heap Region Size: 1M
 Heap Min Capacity: 256M
 Heap Initial Capacity: 256M
 Heap Max Capacity: 512M
 Pre-touch: Disabled
 Parallel Workers: 4
 Concurrent Workers: 1
 Concurrent Refinement Workers: 4
 Periodic GC: Disabled

Heap:
 garbage-first heap   total 262144K, used 87167K [0x00000000e0000000, 0x0000000100000000)
  region size 1024K, 43 young (44032K), 1 survivors (1024K)
 Metaspace       used 55741K, committed 56384K, reserved 393216K
  class space    used 7474K, committed 7808K, reserved 327680K

Heap Regions: E=young(eden), S=young(survivor), O=old, HS=humongous(starts), HC=humongous(continues), CS=collection set, F=free, OA=open archive, CA=closed archive, TAMS=top-at-mark-start (previous, next)
|   0|0x00000000e0000000, 0x00000000e0100000, 0x00000000e0100000|100%| O|  |TAMS 0x00000000e0100000, 0x00000000e0000000| Untracked 
|   1|0x00000000e0100000, 0x00000000e0200000, 0x00000000e0200000|100%| O|  |TAMS 0x00000000e0200000, 0x00000000e0100000| Untracked 
|   2|0x00000000e0200000, 0x00000000e0300000, 0x00000000e0300000|100%|HS|  |TAMS 0x00000000e0300000, 0x00000000e0200000| Complete 
|   3|0x00000000e0300000, 0x00000000e0400000, 0x00000000e0400000|100%|HC|  |TAMS 0x00000000e0400000, 0x00000000e0300000| Complete 
|   4|0x00000000e0400000, 0x00000000e0500000, 0x00000000e0500000|100%|HC|  |TAMS 0x00000000e0500000, 0x00000000e0400000| Complete 
|   5|0x00000000e0500000, 0x00000000e0600000, 0x00000000e0600000|100%|HC|  |TAMS 0x00000000e0600000, 0x00000000e0500000| Complete 
|   6|0x00000000e0600000, 0x00000000e0700000, 0x00000000e0700000|100%| O|  |TAMS 0x00000000e0700000, 0x00000000e0600000| Untracked 
|   7|0x00000000e0700000, 0x00000000e0800000, 0x00000000e0800000|100%| O|  |TAMS 0x00000000e0800000, 0x00000000e0700000| Untracked 
|   8|0x00000000e0800000, 0x00000000e0900000, 0x00000000e0900000|100%| O|  |TAMS 0x00000000e0900000, 0x00000000e0800000| Untracked 
|   9|0x00000000e0900000, 0x00000000e0a00000, 0x00000000e0a00000|100%| O|  |TAMS 0x00000000e0a00000, 0x00000000e0900000| Untracked 
|  10|0x00000000e0a00000, 0x00000000e0b00000, 0x00000000e0b00000|100%| O|  |TAMS 0x00000000e0aafc00, 0x00000000e0a00000| Untracked 
|  11|0x00000000e0b00000, 0x00000000e0c00000, 0x00000000e0c00000|100%| O|  |TAMS 0x00000000e0b00000, 0x00000000e0b00000| Untracked 
|  12|0x00000000e0c00000, 0x00000000e0d00000, 0x00000000e0d00000|100%| O|  |TAMS 0x00000000e0c00000, 0x00000000e0c00000| Untracked 
|  13|0x00000000e0d00000, 0x00000000e0e00000, 0x00000000e0e00000|100%| O|  |TAMS 0x00000000e0d00000, 0x00000000e0d00000| Untracked 
|  14|0x00000000e0e00000, 0x00000000e0f00000, 0x00000000e0f00000|100%| O|  |TAMS 0x00000000e0e00000, 0x00000000e0e00000| Untracked 
|  15|0x00000000e0f00000, 0x00000000e1000000, 0x00000000e1000000|100%| O|  |TAMS 0x00000000e0f00000, 0x00000000e0f00000| Untracked 
|  16|0x00000000e1000000, 0x00000000e1100000, 0x00000000e1100000|100%| O|  |TAMS 0x00000000e1000000, 0x00000000e1000000| Untracked 
|  17|0x00000000e1100000, 0x00000000e1200000, 0x00000000e1200000|100%| O|  |TAMS 0x00000000e1100000, 0x00000000e1100000| Untracked 
|  18|0x00000000e1200000, 0x00000000e1300000, 0x00000000e1300000|100%| O|  |TAMS 0x00000000e1200000, 0x00000000e1200000| Untracked 
|  19|0x00000000e1300000, 0x00000000e1400000, 0x00000000e1400000|100%| O|  |TAMS 0x00000000e1300000, 0x00000000e1300000| Untracked 
|  20|0x00000000e1400000, 0x00000000e1500000, 0x00000000e1500000|100%| O|  |TAMS 0x00000000e1400000, 0x00000000e1400000| Untracked 
|  21|0x00000000e1500000, 0x00000000e1600000, 0x00000000e1600000|100%| O|  |TAMS 0x00000000e1500000, 0x00000000e1500000| Untracked 
|  22|0x00000000e1600000, 0x00000000e1700000, 0x00000000e1700000|100%| O|  |TAMS 0x00000000e1600000, 0x00000000e1600000| Untracked 
|  23|0x00000000e1700000, 0x00000000e1800000, 0x00000000e1800000|100%| O|  |TAMS 0x00000000e1700000, 0x00000000e1700000| Untracked 
|  24|0x00000000e1800000, 0x00000000e1900000, 0x00000000e1900000|100%| O|  |TAMS 0x00000000e1800000, 0x00000000e1800000| Untracked 
|  25|0x00000000e1900000, 0x00000000e1a00000, 0x00000000e1a00000|100%| O|  |TAMS 0x00000000e1900000, 0x00000000e1900000| Untracked 
|  26|0x00000000e1a00000, 0x00000000e1b00000, 0x00000000e1b00000|100%| O|  |TAMS 0x00000000e1a00000, 0x00000000e1a00000| Untracked 
|  27|0x00000000e1b00000, 0x00000000e1c00000, 0x00000000e1c00000|100%| O|  |TAMS 0x00000000e1b00000, 0x00000000e1b00000| Untracked 
|  28|0x00000000e1c00000, 0x00000000e1d00000, 0x00000000e1d00000|100%| O|  |TAMS 0x00000000e1c00000, 0x00000000e1c00000| Untracked 
|  29|0x00000000e1d00000, 0x00000000e1e00000, 0x00000000e1e00000|100%| O|  |TAMS 0x00000000e1d00000, 0x00000000e1d00000| Untracked 
|  30|0x00000000e1e00000, 0x00000000e1f00000, 0x00000000e1f00000|100%| O|  |TAMS 0x00000000e1e00000, 0x00000000e1e00000| Untracked 
|  31|0x00000000e1f00000, 0x00000000e2000000, 0x00000000e2000000|100%| O|  |TAMS 0x00000000e1f00000, 0x00000000e1f00000| Untracked 
|  32|0x00000000e2000000, 0x00000000e2100000, 0x00000000e2100000|100%| O|  |TAMS 0x00000000e2000000, 0x00000000e2000000| Untracked 
|  33|0x00000000e2100000, 0x00000000e2200000, 0x00000000e2200000|100%| O|  |TAMS 0x00000000e2100000, 0x00000000e2100000| Untracked 
|  34|0x00000000e2200000, 0x00000000e2300000, 0x00000000e2300000|100%| O|  |TAMS 0x00000000e2200000, 0x00000000e2200000| Untracked 
|  35|0x00000000e2300000, 0x00000000e2400000, 0x00000000e2400000|100%| O|  |TAMS 0x00000000e2300000, 0x00000000e2300000| Untracked 
|  36|0x00000000e2400000, 0x00000000e2500000, 0x00000000e2500000|100%| O|  |TAMS 0x00000000e2400000, 0x00000000e2400000| Untracked 
|  37|0x00000000e2500000, 0x00000000e2600000, 0x00000000e2600000|100%| O|  |TAMS 0x00000000e2500000, 0x00000000e2500000| Untracked 
|  38|0x00000000e2600000, 0x00000000e2700000, 0x00000000e2700000|100%| O|  |TAMS 0x00000000e2600000, 0x00000000e2600000| Untracked 
|  39|0x00000000e2700000, 0x00000000e2800000, 0x00000000e2800000|100%| O|  |TAMS 0x00000000e2700000, 0x00000000e2700000| Untracked 
|  40|0x00000000e2800000, 0x00000000e2900000, 0x00000000e2900000|100%| O|  |TAMS 0x00000000e2800000, 0x00000000e2800000| Untracked 
|  41|0x00000000e2900000, 0x00000000e2a00000, 0x00000000e2a00000|100%| O|  |TAMS 0x00000000e2900000, 0x00000000e2900000| Untracked 
|  42|0x00000000e2a00000, 0x00000000e2b00000, 0x00000000e2b00000|100%| O|  |TAMS 0x00000000e2a00000, 0x00000000e2a00000| Untracked 
|  43|0x00000000e2b00000, 0x00000000e2c00000, 0x00000000e2c00000|100%| O|  |TAMS 0x00000000e2b00000, 0x00000000e2b00000| Untracked 
|  44|0x00000000e2c00000, 0x00000000e2c1fe00, 0x00000000e2d00000| 12%| O|  |TAMS 0x00000000e2c00000, 0x00000000e2c00000| Untracked 
|  45|0x00000000e2d00000, 0x00000000e2d00000, 0x00000000e2e00000|  0%| F|  |TAMS 0x00000000e2d00000, 0x00000000e2d00000| Untracked 
|  46|0x00000000e2e00000, 0x00000000e2e00000, 0x00000000e2f00000|  0%| F|  |TAMS 0x00000000e2e00000, 0x00000000e2e00000| Untracked 
|  47|0x00000000e2f00000, 0x00000000e2f00000, 0x00000000e3000000|  0%| F|  |TAMS 0x00000000e2f00000, 0x00000000e2f00000| Untracked 
|  48|0x00000000e3000000, 0x00000000e3000000, 0x00000000e3100000|  0%| F|  |TAMS 0x00000000e3000000, 0x00000000e3000000| Untracked 
|  49|0x00000000e3100000, 0x00000000e3100000, 0x00000000e3200000|  0%| F|  |TAMS 0x00000000e3100000, 0x00000000e3100000| Untracked 
|  50|0x00000000e3200000, 0x00000000e3200000, 0x00000000e3300000|  0%| F|  |TAMS 0x00000000e3200000, 0x00000000e3200000| Untracked 
|  51|0x00000000e3300000, 0x00000000e3300000, 0x00000000e3400000|  0%| F|  |TAMS 0x00000000e3300000, 0x00000000e3300000| Untracked 
|  52|0x00000000e3400000, 0x00000000e3400000, 0x00000000e3500000|  0%| F|  |TAMS 0x00000000e3400000, 0x00000000e3400000| Untracked 
|  53|0x00000000e3500000, 0x00000000e3500000, 0x00000000e3600000|  0%| F|  |TAMS 0x00000000e3500000, 0x00000000e3500000| Untracked 
|  54|0x00000000e3600000, 0x00000000e3600000, 0x00000000e3700000|  0%| F|  |TAMS 0x00000000e3600000, 0x00000000e3600000| Untracked 
|  55|0x00000000e3700000, 0x00000000e3700000, 0x00000000e3800000|  0%| F|  |TAMS 0x00000000e3700000, 0x00000000e3700000| Untracked 
|  56|0x00000000e3800000, 0x00000000e3800000, 0x00000000e3900000|  0%| F|  |TAMS 0x00000000e3800000, 0x00000000e3800000| Untracked 
|  57|0x00000000e3900000, 0x00000000e3900000, 0x00000000e3a00000|  0%| F|  |TAMS 0x00000000e3900000, 0x00000000e3900000| Untracked 
|  58|0x00000000e3a00000, 0x00000000e3a00000, 0x00000000e3b00000|  0%| F|  |TAMS 0x00000000e3a00000, 0x00000000e3a00000| Untracked 
|  59|0x00000000e3b00000, 0x00000000e3b00000, 0x00000000e3c00000|  0%| F|  |TAMS 0x00000000e3b00000, 0x00000000e3b00000| Untracked 
|  60|0x00000000e3c00000, 0x00000000e3c00000, 0x00000000e3d00000|  0%| F|  |TAMS 0x00000000e3c00000, 0x00000000e3c00000| Untracked 
|  61|0x00000000e3d00000, 0x00000000e3d00000, 0x00000000e3e00000|  0%| F|  |TAMS 0x00000000e3d00000, 0x00000000e3d00000| Untracked 
|  62|0x00000000e3e00000, 0x00000000e3e00000, 0x00000000e3f00000|  0%| F|  |TAMS 0x00000000e3e00000, 0x00000000e3e00000| Untracked 
|  63|0x00000000e3f00000, 0x00000000e3f00000, 0x00000000e4000000|  0%| F|  |TAMS 0x00000000e3f00000, 0x00000000e3f00000| Untracked 
|  64|0x00000000e4000000, 0x00000000e4000000, 0x00000000e4100000|  0%| F|  |TAMS 0x00000000e4000000, 0x00000000e4000000| Untracked 
|  65|0x00000000e4100000, 0x00000000e4100000, 0x00000000e4200000|  0%| F|  |TAMS 0x00000000e4100000, 0x00000000e4100000| Untracked 
|  66|0x00000000e4200000, 0x00000000e4200000, 0x00000000e4300000|  0%| F|  |TAMS 0x00000000e4200000, 0x00000000e4200000| Untracked 
|  67|0x00000000e4300000, 0x00000000e4300000, 0x00000000e4400000|  0%| F|  |TAMS 0x00000000e4300000, 0x00000000e4300000| Untracked 
|  68|0x00000000e4400000, 0x00000000e4400000, 0x00000000e4500000|  0%| F|  |TAMS 0x00000000e4400000, 0x00000000e4400000| Untracked 
|  69|0x00000000e4500000, 0x00000000e4500000, 0x00000000e4600000|  0%| F|  |TAMS 0x00000000e4500000, 0x00000000e4500000| Untracked 
|  70|0x00000000e4600000, 0x00000000e4600000, 0x00000000e4700000|  0%| F|  |TAMS 0x00000000e4600000, 0x00000000e4600000| Untracked 
|  71|0x00000000e4700000, 0x00000000e4700000, 0x00000000e4800000|  0%| F|  |TAMS 0x00000000e4700000, 0x00000000e4700000| Untracked 
|  72|0x00000000e4800000, 0x00000000e4800000, 0x00000000e4900000|  0%| F|  |TAMS 0x00000000e4800000, 0x00000000e4800000| Untracked 
|  73|0x00000000e4900000, 0x00000000e4900000, 0x00000000e4a00000|  0%| F|  |TAMS 0x00000000e4900000, 0x00000000e4900000| Untracked 
|  74|0x00000000e4a00000, 0x00000000e4a00000, 0x00000000e4b00000|  0%| F|  |TAMS 0x00000000e4a00000, 0x00000000e4a00000| Untracked 
|  75|0x00000000e4b00000, 0x00000000e4b00000, 0x00000000e4c00000|  0%| F|  |TAMS 0x00000000e4b00000, 0x00000000e4b00000| Untracked 
|  76|0x00000000e4c00000, 0x00000000e4c00000, 0x00000000e4d00000|  0%| F|  |TAMS 0x00000000e4c00000, 0x00000000e4c00000| Untracked 
|  77|0x00000000e4d00000, 0x00000000e4d00000, 0x00000000e4e00000|  0%| F|  |TAMS 0x00000000e4d00000, 0x00000000e4d00000| Untracked 
|  78|0x00000000e4e00000, 0x00000000e4e00000, 0x00000000e4f00000|  0%| F|  |TAMS 0x00000000e4e00000, 0x00000000e4e00000| Untracked 
|  79|0x00000000e4f00000, 0x00000000e4f00000, 0x00000000e5000000|  0%| F|  |TAMS 0x00000000e4f00000, 0x00000000e4f00000| Untracked 
|  80|0x00000000e5000000, 0x00000000e5000000, 0x00000000e5100000|  0%| F|  |TAMS 0x00000000e5000000, 0x00000000e5000000| Untracked 
|  81|0x00000000e5100000, 0x00000000e5100000, 0x00000000e5200000|  0%| F|  |TAMS 0x00000000e5100000, 0x00000000e5100000| Untracked 
|  82|0x00000000e5200000, 0x00000000e5200000, 0x00000000e5300000|  0%| F|  |TAMS 0x00000000e5200000, 0x00000000e5200000| Untracked 
|  83|0x00000000e5300000, 0x00000000e5300000, 0x00000000e5400000|  0%| F|  |TAMS 0x00000000e5300000, 0x00000000e5300000| Untracked 
|  84|0x00000000e5400000, 0x00000000e5400000, 0x00000000e5500000|  0%| F|  |TAMS 0x00000000e5400000, 0x00000000e5400000| Untracked 
|  85|0x00000000e5500000, 0x00000000e5500000, 0x00000000e5600000|  0%| F|  |TAMS 0x00000000e5500000, 0x00000000e5500000| Untracked 
|  86|0x00000000e5600000, 0x00000000e5600000, 0x00000000e5700000|  0%| F|  |TAMS 0x00000000e5600000, 0x00000000e5600000| Untracked 
|  87|0x00000000e5700000, 0x00000000e5700000, 0x00000000e5800000|  0%| F|  |TAMS 0x00000000e5700000, 0x00000000e5700000| Untracked 
|  88|0x00000000e5800000, 0x00000000e5800000, 0x00000000e5900000|  0%| F|  |TAMS 0x00000000e5800000, 0x00000000e5800000| Untracked 
|  89|0x00000000e5900000, 0x00000000e5900000, 0x00000000e5a00000|  0%| F|  |TAMS 0x00000000e5900000, 0x00000000e5900000| Untracked 
|  90|0x00000000e5a00000, 0x00000000e5a00000, 0x00000000e5b00000|  0%| F|  |TAMS 0x00000000e5a00000, 0x00000000e5a00000| Untracked 
|  91|0x00000000e5b00000, 0x00000000e5b00000, 0x00000000e5c00000|  0%| F|  |TAMS 0x00000000e5b00000, 0x00000000e5b00000| Untracked 
|  92|0x00000000e5c00000, 0x00000000e5c00000, 0x00000000e5d00000|  0%| F|  |TAMS 0x00000000e5c00000, 0x00000000e5c00000| Untracked 
|  93|0x00000000e5d00000, 0x00000000e5d00000, 0x00000000e5e00000|  0%| F|  |TAMS 0x00000000e5d00000, 0x00000000e5d00000| Untracked 
|  94|0x00000000e5e00000, 0x00000000e5e00000, 0x00000000e5f00000|  0%| F|  |TAMS 0x00000000e5e00000, 0x00000000e5e00000| Untracked 
|  95|0x00000000e5f00000, 0x00000000e5f00000, 0x00000000e6000000|  0%| F|  |TAMS 0x00000000e5f00000, 0x00000000e5f00000| Untracked 
|  96|0x00000000e6000000, 0x00000000e6000000, 0x00000000e6100000|  0%| F|  |TAMS 0x00000000e6000000, 0x00000000e6000000| Untracked 
|  97|0x00000000e6100000, 0x00000000e6100000, 0x00000000e6200000|  0%| F|  |TAMS 0x00000000e6100000, 0x00000000e6100000| Untracked 
|  98|0x00000000e6200000, 0x00000000e6200000, 0x00000000e6300000|  0%| F|  |TAMS 0x00000000e6200000, 0x00000000e6200000| Untracked 
|  99|0x00000000e6300000, 0x00000000e6300000, 0x00000000e6400000|  0%| F|  |TAMS 0x00000000e6300000, 0x00000000e6300000| Untracked 
| 100|0x00000000e6400000, 0x00000000e6400000, 0x00000000e6500000|  0%| F|  |TAMS 0x00000000e6400000, 0x00000000e6400000| Untracked 
| 101|0x00000000e6500000, 0x00000000e6500000, 0x00000000e6600000|  0%| F|  |TAMS 0x00000000e6500000, 0x00000000e6500000| Untracked 
| 102|0x00000000e6600000, 0x00000000e6700000, 0x00000000e6700000|100%| S|CS|TAMS 0x00000000e6600000, 0x00000000e6600000| Complete 
| 103|0x00000000e6700000, 0x00000000e6700000, 0x00000000e6800000|  0%| F|  |TAMS 0x00000000e6700000, 0x00000000e6700000| Untracked 
| 104|0x00000000e6800000, 0x00000000e6800000, 0x00000000e6900000|  0%| F|  |TAMS 0x00000000e6800000, 0x00000000e6800000| Untracked 
| 105|0x00000000e6900000, 0x00000000e6900000, 0x00000000e6a00000|  0%| F|  |TAMS 0x00000000e6900000, 0x00000000e6900000| Untracked 
| 106|0x00000000e6a00000, 0x00000000e6a00000, 0x00000000e6b00000|  0%| F|  |TAMS 0x00000000e6a00000, 0x00000000e6a00000| Untracked 
| 107|0x00000000e6b00000, 0x00000000e6b00000, 0x00000000e6c00000|  0%| F|  |TAMS 0x00000000e6b00000, 0x00000000e6b00000| Untracked 
| 108|0x00000000e6c00000, 0x00000000e6c00000, 0x00000000e6d00000|  0%| F|  |TAMS 0x00000000e6c00000, 0x00000000e6c00000| Untracked 
| 109|0x00000000e6d00000, 0x00000000e6d00000, 0x00000000e6e00000|  0%| F|  |TAMS 0x00000000e6d00000, 0x00000000e6d00000| Untracked 
| 110|0x00000000e6e00000, 0x00000000e6e00000, 0x00000000e6f00000|  0%| F|  |TAMS 0x00000000e6e00000, 0x00000000e6e00000| Untracked 
| 111|0x00000000e6f00000, 0x00000000e6f00000, 0x00000000e7000000|  0%| F|  |TAMS 0x00000000e6f00000, 0x00000000e6f00000| Untracked 
| 112|0x00000000e7000000, 0x00000000e7000000, 0x00000000e7100000|  0%| F|  |TAMS 0x00000000e7000000, 0x00000000e7000000| Untracked 
| 113|0x00000000e7100000, 0x00000000e7100000, 0x00000000e7200000|  0%| F|  |TAMS 0x00000000e7100000, 0x00000000e7100000| Untracked 
| 114|0x00000000e7200000, 0x00000000e7200000, 0x00000000e7300000|  0%| F|  |TAMS 0x00000000e7200000, 0x00000000e7200000| Untracked 
| 115|0x00000000e7300000, 0x00000000e7300000, 0x00000000e7400000|  0%| F|  |TAMS 0x00000000e7300000, 0x00000000e7300000| Untracked 
| 116|0x00000000e7400000, 0x00000000e7400000, 0x00000000e7500000|  0%| F|  |TAMS 0x00000000e7400000, 0x00000000e7400000| Untracked 
| 117|0x00000000e7500000, 0x00000000e7500000, 0x00000000e7600000|  0%| F|  |TAMS 0x00000000e7500000, 0x00000000e7500000| Untracked 
| 118|0x00000000e7600000, 0x00000000e7600000, 0x00000000e7700000|  0%| F|  |TAMS 0x00000000e7600000, 0x00000000e7600000| Untracked 
| 119|0x00000000e7700000, 0x00000000e7700000, 0x00000000e7800000|  0%| F|  |TAMS 0x00000000e7700000, 0x00000000e7700000| Untracked 
| 120|0x00000000e7800000, 0x00000000e7800000, 0x00000000e7900000|  0%| F|  |TAMS 0x00000000e7800000, 0x00000000e7800000| Untracked 
| 121|0x00000000e7900000, 0x00000000e7900000, 0x00000000e7a00000|  0%| F|  |TAMS 0x00000000e7900000, 0x00000000e7900000| Untracked 
| 122|0x00000000e7a00000, 0x00000000e7a00000, 0x00000000e7b00000|  0%| F|  |TAMS 0x00000000e7a00000, 0x00000000e7a00000| Untracked 
| 123|0x00000000e7b00000, 0x00000000e7b00000, 0x00000000e7c00000|  0%| F|  |TAMS 0x00000000e7b00000, 0x00000000e7b00000| Untracked 
| 124|0x00000000e7c00000, 0x00000000e7c00000, 0x00000000e7d00000|  0%| F|  |TAMS 0x00000000e7c00000, 0x00000000e7c00000| Untracked 
| 125|0x00000000e7d00000, 0x00000000e7d00000, 0x00000000e7e00000|  0%| F|  |TAMS 0x00000000e7d00000, 0x00000000e7d00000| Untracked 
| 126|0x00000000e7e00000, 0x00000000e7e00000, 0x00000000e7f00000|  0%| F|  |TAMS 0x00000000e7e00000, 0x00000000e7e00000| Untracked 
| 127|0x00000000e7f00000, 0x00000000e7f00000, 0x00000000e8000000|  0%| F|  |TAMS 0x00000000e7f00000, 0x00000000e7f00000| Untracked 
| 128|0x00000000e8000000, 0x00000000e8000000, 0x00000000e8100000|  0%| F|  |TAMS 0x00000000e8000000, 0x00000000e8000000| Untracked 
| 129|0x00000000e8100000, 0x00000000e8100000, 0x00000000e8200000|  0%| F|  |TAMS 0x00000000e8100000, 0x00000000e8100000| Untracked 
| 130|0x00000000e8200000, 0x00000000e8200000, 0x00000000e8300000|  0%| F|  |TAMS 0x00000000e8200000, 0x00000000e8200000| Untracked 
| 131|0x00000000e8300000, 0x00000000e8300000, 0x00000000e8400000|  0%| F|  |TAMS 0x00000000e8300000, 0x00000000e8300000| Untracked 
| 132|0x00000000e8400000, 0x00000000e8400000, 0x00000000e8500000|  0%| F|  |TAMS 0x00000000e8400000, 0x00000000e8400000| Untracked 
| 133|0x00000000e8500000, 0x00000000e8500000, 0x00000000e8600000|  0%| F|  |TAMS 0x00000000e8500000, 0x00000000e8500000| Untracked 
| 134|0x00000000e8600000, 0x00000000e8600000, 0x00000000e8700000|  0%| F|  |TAMS 0x00000000e8600000, 0x00000000e8600000| Untracked 
| 135|0x00000000e8700000, 0x00000000e8700000, 0x00000000e8800000|  0%| F|  |TAMS 0x00000000e8700000, 0x00000000e8700000| Untracked 
| 136|0x00000000e8800000, 0x00000000e8800000, 0x00000000e8900000|  0%| F|  |TAMS 0x00000000e8800000, 0x00000000e8800000| Untracked 
| 137|0x00000000e8900000, 0x00000000e8900000, 0x00000000e8a00000|  0%| F|  |TAMS 0x00000000e8900000, 0x00000000e8900000| Untracked 
| 138|0x00000000e8a00000, 0x00000000e8a00000, 0x00000000e8b00000|  0%| F|  |TAMS 0x00000000e8a00000, 0x00000000e8a00000| Untracked 
| 139|0x00000000e8b00000, 0x00000000e8b00000, 0x00000000e8c00000|  0%| F|  |TAMS 0x00000000e8b00000, 0x00000000e8b00000| Untracked 
| 140|0x00000000e8c00000, 0x00000000e8c00000, 0x00000000e8d00000|  0%| F|  |TAMS 0x00000000e8c00000, 0x00000000e8c00000| Untracked 
| 141|0x00000000e8d00000, 0x00000000e8d00000, 0x00000000e8e00000|  0%| F|  |TAMS 0x00000000e8d00000, 0x00000000e8d00000| Untracked 
| 142|0x00000000e8e00000, 0x00000000e8e00000, 0x00000000e8f00000|  0%| F|  |TAMS 0x00000000e8e00000, 0x00000000e8e00000| Untracked 
| 143|0x00000000e8f00000, 0x00000000e8f00000, 0x00000000e9000000|  0%| F|  |TAMS 0x00000000e8f00000, 0x00000000e8f00000| Untracked 
| 144|0x00000000e9000000, 0x00000000e9000000, 0x00000000e9100000|  0%| F|  |TAMS 0x00000000e9000000, 0x00000000e9000000| Untracked 
| 145|0x00000000e9100000, 0x00000000e9100000, 0x00000000e9200000|  0%| F|  |TAMS 0x00000000e9100000, 0x00000000e9100000| Untracked 
| 146|0x00000000e9200000, 0x00000000e9200000, 0x00000000e9300000|  0%| F|  |TAMS 0x00000000e9200000, 0x00000000e9200000| Untracked 
| 147|0x00000000e9300000, 0x00000000e9300000, 0x00000000e9400000|  0%| F|  |TAMS 0x00000000e9300000, 0x00000000e9300000| Untracked 
| 148|0x00000000e9400000, 0x00000000e9400000, 0x00000000e9500000|  0%| F|  |TAMS 0x00000000e9400000, 0x00000000e9400000| Untracked 
| 149|0x00000000e9500000, 0x00000000e9500000, 0x00000000e9600000|  0%| F|  |TAMS 0x00000000e9500000, 0x00000000e9500000| Untracked 
| 150|0x00000000e9600000, 0x00000000e9600000, 0x00000000e9700000|  0%| F|  |TAMS 0x00000000e9600000, 0x00000000e9600000| Untracked 
| 151|0x00000000e9700000, 0x00000000e9700000, 0x00000000e9800000|  0%| F|  |TAMS 0x00000000e9700000, 0x00000000e9700000| Untracked 
| 152|0x00000000e9800000, 0x00000000e9800000, 0x00000000e9900000|  0%| F|  |TAMS 0x00000000e9800000, 0x00000000e9800000| Untracked 
| 153|0x00000000e9900000, 0x00000000e9900000, 0x00000000e9a00000|  0%| F|  |TAMS 0x00000000e9900000, 0x00000000e9900000| Untracked 
| 154|0x00000000e9a00000, 0x00000000e9a00000, 0x00000000e9b00000|  0%| F|  |TAMS 0x00000000e9a00000, 0x00000000e9a00000| Untracked 
| 155|0x00000000e9b00000, 0x00000000e9b00000, 0x00000000e9c00000|  0%| F|  |TAMS 0x00000000e9b00000, 0x00000000e9b00000| Untracked 
| 156|0x00000000e9c00000, 0x00000000e9c00000, 0x00000000e9d00000|  0%| F|  |TAMS 0x00000000e9c00000, 0x00000000e9c00000| Untracked 
| 157|0x00000000e9d00000, 0x00000000e9d00000, 0x00000000e9e00000|  0%| F|  |TAMS 0x00000000e9d00000, 0x00000000e9d00000| Untracked 
| 158|0x00000000e9e00000, 0x00000000e9e00000, 0x00000000e9f00000|  0%| F|  |TAMS 0x00000000e9e00000, 0x00000000e9e00000| Untracked 
| 159|0x00000000e9f00000, 0x00000000e9f00000, 0x00000000ea000000|  0%| F|  |TAMS 0x00000000e9f00000, 0x00000000e9f00000| Untracked 
| 160|0x00000000ea000000, 0x00000000ea000000, 0x00000000ea100000|  0%| F|  |TAMS 0x00000000ea000000, 0x00000000ea000000| Untracked 
| 161|0x00000000ea100000, 0x00000000ea100000, 0x00000000ea200000|  0%| F|  |TAMS 0x00000000ea100000, 0x00000000ea100000| Untracked 
| 162|0x00000000ea200000, 0x00000000ea200000, 0x00000000ea300000|  0%| F|  |TAMS 0x00000000ea200000, 0x00000000ea200000| Untracked 
| 163|0x00000000ea300000, 0x00000000ea300000, 0x00000000ea400000|  0%| F|  |TAMS 0x00000000ea300000, 0x00000000ea300000| Untracked 
| 164|0x00000000ea400000, 0x00000000ea400000, 0x00000000ea500000|  0%| F|  |TAMS 0x00000000ea400000, 0x00000000ea400000| Untracked 
| 165|0x00000000ea500000, 0x00000000ea500000, 0x00000000ea600000|  0%| F|  |TAMS 0x00000000ea500000, 0x00000000ea500000| Untracked 
| 166|0x00000000ea600000, 0x00000000ea600000, 0x00000000ea700000|  0%| F|  |TAMS 0x00000000ea600000, 0x00000000ea600000| Untracked 
| 167|0x00000000ea700000, 0x00000000ea700000, 0x00000000ea800000|  0%| F|  |TAMS 0x00000000ea700000, 0x00000000ea700000| Untracked 
| 168|0x00000000ea800000, 0x00000000ea800000, 0x00000000ea900000|  0%| F|  |TAMS 0x00000000ea800000, 0x00000000ea800000| Untracked 
| 169|0x00000000ea900000, 0x00000000ea900000, 0x00000000eaa00000|  0%| F|  |TAMS 0x00000000ea900000, 0x00000000ea900000| Untracked 
| 170|0x00000000eaa00000, 0x00000000eaa00000, 0x00000000eab00000|  0%| F|  |TAMS 0x00000000eaa00000, 0x00000000eaa00000| Untracked 
| 171|0x00000000eab00000, 0x00000000eab00000, 0x00000000eac00000|  0%| F|  |TAMS 0x00000000eab00000, 0x00000000eab00000| Untracked 
| 172|0x00000000eac00000, 0x00000000eac00000, 0x00000000ead00000|  0%| F|  |TAMS 0x00000000eac00000, 0x00000000eac00000| Untracked 
| 173|0x00000000ead00000, 0x00000000ead00000, 0x00000000eae00000|  0%| F|  |TAMS 0x00000000ead00000, 0x00000000ead00000| Untracked 
| 174|0x00000000eae00000, 0x00000000eae00000, 0x00000000eaf00000|  0%| F|  |TAMS 0x00000000eae00000, 0x00000000eae00000| Untracked 
| 175|0x00000000eaf00000, 0x00000000eaf00000, 0x00000000eb000000|  0%| F|  |TAMS 0x00000000eaf00000, 0x00000000eaf00000| Untracked 
| 176|0x00000000eb000000, 0x00000000eb000000, 0x00000000eb100000|  0%| F|  |TAMS 0x00000000eb000000, 0x00000000eb000000| Untracked 
| 177|0x00000000eb100000, 0x00000000eb100000, 0x00000000eb200000|  0%| F|  |TAMS 0x00000000eb100000, 0x00000000eb100000| Untracked 
| 178|0x00000000eb200000, 0x00000000eb200000, 0x00000000eb300000|  0%| F|  |TAMS 0x00000000eb200000, 0x00000000eb200000| Untracked 
| 179|0x00000000eb300000, 0x00000000eb300000, 0x00000000eb400000|  0%| F|  |TAMS 0x00000000eb300000, 0x00000000eb300000| Untracked 
| 180|0x00000000eb400000, 0x00000000eb400000, 0x00000000eb500000|  0%| F|  |TAMS 0x00000000eb400000, 0x00000000eb400000| Untracked 
| 181|0x00000000eb500000, 0x00000000eb500000, 0x00000000eb600000|  0%| F|  |TAMS 0x00000000eb500000, 0x00000000eb500000| Untracked 
| 182|0x00000000eb600000, 0x00000000eb600000, 0x00000000eb700000|  0%| F|  |TAMS 0x00000000eb600000, 0x00000000eb600000| Untracked 
| 183|0x00000000eb700000, 0x00000000eb700000, 0x00000000eb800000|  0%| F|  |TAMS 0x00000000eb700000, 0x00000000eb700000| Untracked 
| 184|0x00000000eb800000, 0x00000000eb800000, 0x00000000eb900000|  0%| F|  |TAMS 0x00000000eb800000, 0x00000000eb800000| Untracked 
| 185|0x00000000eb900000, 0x00000000eb900000, 0x00000000eba00000|  0%| F|  |TAMS 0x00000000eb900000, 0x00000000eb900000| Untracked 
| 186|0x00000000eba00000, 0x00000000eba00000, 0x00000000ebb00000|  0%| F|  |TAMS 0x00000000eba00000, 0x00000000eba00000| Untracked 
| 187|0x00000000ebb00000, 0x00000000ebb00000, 0x00000000ebc00000|  0%| F|  |TAMS 0x00000000ebb00000, 0x00000000ebb00000| Untracked 
| 188|0x00000000ebc00000, 0x00000000ebc00000, 0x00000000ebd00000|  0%| F|  |TAMS 0x00000000ebc00000, 0x00000000ebc00000| Untracked 
| 189|0x00000000ebd00000, 0x00000000ebd00000, 0x00000000ebe00000|  0%| F|  |TAMS 0x00000000ebd00000, 0x00000000ebd00000| Untracked 
| 190|0x00000000ebe00000, 0x00000000ebe00000, 0x00000000ebf00000|  0%| F|  |TAMS 0x00000000ebe00000, 0x00000000ebe00000| Untracked 
| 191|0x00000000ebf00000, 0x00000000ebf00000, 0x00000000ec000000|  0%| F|  |TAMS 0x00000000ebf00000, 0x00000000ebf00000| Untracked 
| 192|0x00000000ec000000, 0x00000000ec000000, 0x00000000ec100000|  0%| F|  |TAMS 0x00000000ec000000, 0x00000000ec000000| Untracked 
| 193|0x00000000ec100000, 0x00000000ec100000, 0x00000000ec200000|  0%| F|  |TAMS 0x00000000ec100000, 0x00000000ec100000| Untracked 
| 194|0x00000000ec200000, 0x00000000ec200000, 0x00000000ec300000|  0%| F|  |TAMS 0x00000000ec200000, 0x00000000ec200000| Untracked 
| 195|0x00000000ec300000, 0x00000000ec300000, 0x00000000ec400000|  0%| F|  |TAMS 0x00000000ec300000, 0x00000000ec300000| Untracked 
| 196|0x00000000ec400000, 0x00000000ec400000, 0x00000000ec500000|  0%| F|  |TAMS 0x00000000ec400000, 0x00000000ec400000| Untracked 
| 197|0x00000000ec500000, 0x00000000ec500000, 0x00000000ec600000|  0%| F|  |TAMS 0x00000000ec500000, 0x00000000ec500000| Untracked 
| 198|0x00000000ec600000, 0x00000000ec600000, 0x00000000ec700000|  0%| F|  |TAMS 0x00000000ec600000, 0x00000000ec600000| Untracked 
| 199|0x00000000ec700000, 0x00000000ec700000, 0x00000000ec800000|  0%| F|  |TAMS 0x00000000ec700000, 0x00000000ec700000| Untracked 
| 200|0x00000000ec800000, 0x00000000ec800000, 0x00000000ec900000|  0%| F|  |TAMS 0x00000000ec800000, 0x00000000ec800000| Untracked 
| 201|0x00000000ec900000, 0x00000000ec900000, 0x00000000eca00000|  0%| F|  |TAMS 0x00000000ec900000, 0x00000000ec900000| Untracked 
| 202|0x00000000eca00000, 0x00000000eca00000, 0x00000000ecb00000|  0%| F|  |TAMS 0x00000000eca00000, 0x00000000eca00000| Untracked 
| 203|0x00000000ecb00000, 0x00000000ecb00000, 0x00000000ecc00000|  0%| F|  |TAMS 0x00000000ecb00000, 0x00000000ecb00000| Untracked 
| 204|0x00000000ecc00000, 0x00000000ecc00000, 0x00000000ecd00000|  0%| F|  |TAMS 0x00000000ecc00000, 0x00000000ecc00000| Untracked 
| 205|0x00000000ecd00000, 0x00000000ecd00000, 0x00000000ece00000|  0%| F|  |TAMS 0x00000000ecd00000, 0x00000000ecd00000| Untracked 
| 206|0x00000000ece00000, 0x00000000ece00000, 0x00000000ecf00000|  0%| F|  |TAMS 0x00000000ece00000, 0x00000000ece00000| Untracked 
| 207|0x00000000ecf00000, 0x00000000ecf00000, 0x00000000ed000000|  0%| F|  |TAMS 0x00000000ecf00000, 0x00000000ecf00000| Untracked 
| 208|0x00000000ed000000, 0x00000000ed000000, 0x00000000ed100000|  0%| F|  |TAMS 0x00000000ed000000, 0x00000000ed000000| Untracked 
| 209|0x00000000ed100000, 0x00000000ed100000, 0x00000000ed200000|  0%| F|  |TAMS 0x00000000ed100000, 0x00000000ed100000| Untracked 
| 210|0x00000000ed200000, 0x00000000ed200000, 0x00000000ed300000|  0%| F|  |TAMS 0x00000000ed200000, 0x00000000ed200000| Untracked 
| 211|0x00000000ed300000, 0x00000000ed300000, 0x00000000ed400000|  0%| F|  |TAMS 0x00000000ed300000, 0x00000000ed300000| Untracked 
| 212|0x00000000ed400000, 0x00000000ed400000, 0x00000000ed500000|  0%| F|  |TAMS 0x00000000ed400000, 0x00000000ed400000| Untracked 
| 213|0x00000000ed500000, 0x00000000ed52faf8, 0x00000000ed600000| 18%| E|  |TAMS 0x00000000ed500000, 0x00000000ed500000| Complete 
| 214|0x00000000ed600000, 0x00000000ed700000, 0x00000000ed700000|100%| E|CS|TAMS 0x00000000ed600000, 0x00000000ed600000| Complete 
| 215|0x00000000ed700000, 0x00000000ed800000, 0x00000000ed800000|100%| E|  |TAMS 0x00000000ed700000, 0x00000000ed700000| Complete 
| 216|0x00000000ed800000, 0x00000000ed900000, 0x00000000ed900000|100%| E|CS|TAMS 0x00000000ed800000, 0x00000000ed800000| Complete 
| 217|0x00000000ed900000, 0x00000000eda00000, 0x00000000eda00000|100%| E|CS|TAMS 0x00000000ed900000, 0x00000000ed900000| Complete 
| 218|0x00000000eda00000, 0x00000000edb00000, 0x00000000edb00000|100%| E|CS|TAMS 0x00000000eda00000, 0x00000000eda00000| Complete 
| 219|0x00000000edb00000, 0x00000000edc00000, 0x00000000edc00000|100%| E|CS|TAMS 0x00000000edb00000, 0x00000000edb00000| Complete 
| 220|0x00000000edc00000, 0x00000000edd00000, 0x00000000edd00000|100%| E|CS|TAMS 0x00000000edc00000, 0x00000000edc00000| Complete 
| 221|0x00000000edd00000, 0x00000000ede00000, 0x00000000ede00000|100%| E|CS|TAMS 0x00000000edd00000, 0x00000000edd00000| Complete 
| 222|0x00000000ede00000, 0x00000000edf00000, 0x00000000edf00000|100%| E|CS|TAMS 0x00000000ede00000, 0x00000000ede00000| Complete 
| 223|0x00000000edf00000, 0x00000000ee000000, 0x00000000ee000000|100%| E|CS|TAMS 0x00000000edf00000, 0x00000000edf00000| Complete 
| 224|0x00000000ee000000, 0x00000000ee100000, 0x00000000ee100000|100%| E|CS|TAMS 0x00000000ee000000, 0x00000000ee000000| Complete 
| 225|0x00000000ee100000, 0x00000000ee200000, 0x00000000ee200000|100%| E|CS|TAMS 0x00000000ee100000, 0x00000000ee100000| Complete 
| 226|0x00000000ee200000, 0x00000000ee300000, 0x00000000ee300000|100%| E|CS|TAMS 0x00000000ee200000, 0x00000000ee200000| Complete 
| 227|0x00000000ee300000, 0x00000000ee400000, 0x00000000ee400000|100%| E|CS|TAMS 0x00000000ee300000, 0x00000000ee300000| Complete 
| 228|0x00000000ee400000, 0x00000000ee500000, 0x00000000ee500000|100%| E|CS|TAMS 0x00000000ee400000, 0x00000000ee400000| Complete 
| 229|0x00000000ee500000, 0x00000000ee600000, 0x00000000ee600000|100%| E|CS|TAMS 0x00000000ee500000, 0x00000000ee500000| Complete 
| 230|0x00000000ee600000, 0x00000000ee700000, 0x00000000ee700000|100%| E|CS|TAMS 0x00000000ee600000, 0x00000000ee600000| Complete 
| 231|0x00000000ee700000, 0x00000000ee800000, 0x00000000ee800000|100%| E|CS|TAMS 0x00000000ee700000, 0x00000000ee700000| Complete 
| 232|0x00000000ee800000, 0x00000000ee900000, 0x00000000ee900000|100%| E|CS|TAMS 0x00000000ee800000, 0x00000000ee800000| Complete 
| 233|0x00000000ee900000, 0x00000000eea00000, 0x00000000eea00000|100%| E|CS|TAMS 0x00000000ee900000, 0x00000000ee900000| Complete 
| 234|0x00000000eea00000, 0x00000000eeb00000, 0x00000000eeb00000|100%| E|CS|TAMS 0x00000000eea00000, 0x00000000eea00000| Complete 
| 235|0x00000000eeb00000, 0x00000000eec00000, 0x00000000eec00000|100%| E|CS|TAMS 0x00000000eeb00000, 0x00000000eeb00000| Complete 
| 236|0x00000000eec00000, 0x00000000eed00000, 0x00000000eed00000|100%| E|CS|TAMS 0x00000000eec00000, 0x00000000eec00000| Complete 
| 237|0x00000000eed00000, 0x00000000eee00000, 0x00000000eee00000|100%| E|CS|TAMS 0x00000000eed00000, 0x00000000eed00000| Complete 
| 238|0x00000000eee00000, 0x00000000eef00000, 0x00000000eef00000|100%| E|CS|TAMS 0x00000000eee00000, 0x00000000eee00000| Complete 
| 239|0x00000000eef00000, 0x00000000ef000000, 0x00000000ef000000|100%| E|CS|TAMS 0x00000000eef00000, 0x00000000eef00000| Complete 
| 240|0x00000000ef000000, 0x00000000ef100000, 0x00000000ef100000|100%| E|CS|TAMS 0x00000000ef000000, 0x00000000ef000000| Complete 
| 241|0x00000000ef100000, 0x00000000ef200000, 0x00000000ef200000|100%| E|CS|TAMS 0x00000000ef100000, 0x00000000ef100000| Complete 
| 242|0x00000000ef200000, 0x00000000ef300000, 0x00000000ef300000|100%| E|CS|TAMS 0x00000000ef200000, 0x00000000ef200000| Complete 
| 243|0x00000000ef300000, 0x00000000ef400000, 0x00000000ef400000|100%| E|CS|TAMS 0x00000000ef300000, 0x00000000ef300000| Complete 
| 244|0x00000000ef400000, 0x00000000ef500000, 0x00000000ef500000|100%| E|CS|TAMS 0x00000000ef400000, 0x00000000ef400000| Complete 
| 245|0x00000000ef500000, 0x00000000ef600000, 0x00000000ef600000|100%| E|CS|TAMS 0x00000000ef500000, 0x00000000ef500000| Complete 
| 246|0x00000000ef600000, 0x00000000ef700000, 0x00000000ef700000|100%| E|CS|TAMS 0x00000000ef600000, 0x00000000ef600000| Complete 
| 247|0x00000000ef700000, 0x00000000ef800000, 0x00000000ef800000|100%| E|CS|TAMS 0x00000000ef700000, 0x00000000ef700000| Complete 
| 248|0x00000000ef800000, 0x00000000ef900000, 0x00000000ef900000|100%| E|CS|TAMS 0x00000000ef800000, 0x00000000ef800000| Complete 
| 249|0x00000000ef900000, 0x00000000efa00000, 0x00000000efa00000|100%| E|CS|TAMS 0x00000000ef900000, 0x00000000ef900000| Complete 
| 250|0x00000000efa00000, 0x00000000efb00000, 0x00000000efb00000|100%| E|CS|TAMS 0x00000000efa00000, 0x00000000efa00000| Complete 
| 251|0x00000000efb00000, 0x00000000efc00000, 0x00000000efc00000|100%| E|CS|TAMS 0x00000000efb00000, 0x00000000efb00000| Complete 
| 252|0x00000000efc00000, 0x00000000efd00000, 0x00000000efd00000|100%| E|CS|TAMS 0x00000000efc00000, 0x00000000efc00000| Complete 
| 253|0x00000000efd00000, 0x00000000efe00000, 0x00000000efe00000|100%| E|CS|TAMS 0x00000000efd00000, 0x00000000efd00000| Complete 
| 254|0x00000000efe00000, 0x00000000eff00000, 0x00000000eff00000|100%| E|CS|TAMS 0x00000000efe00000, 0x00000000efe00000| Complete 
| 255|0x00000000eff00000, 0x00000000f0000000, 0x00000000f0000000|100%| E|CS|TAMS 0x00000000eff00000, 0x00000000eff00000| Complete 

Card table byte_map: [0x00000191e24d0000,0x00000191e25d0000] _byte_map_base: 0x00000191e1dd0000

Marking Bits (Prev, Next): (CMBitMap*) 0x00000191c9d34c40, (CMBitMap*) 0x00000191c9d34c80
 Prev Bits: [0x00000191e26d0000, 0x00000191e2ed0000)
 Next Bits: [0x00000191e2ed0000, 0x00000191e36d0000)

Polling page: 0x00000191c9de0000

Metaspace:

Usage:
  Non-class:     47.14 MB used.
      Class:      7.30 MB used.
       Both:     54.43 MB used.

Virtual space:
  Non-class space:       64.00 MB reserved,      47.44 MB ( 74%) committed,  1 nodes.
      Class space:      320.00 MB reserved,       7.62 MB (  2%) committed,  1 nodes.
             Both:      384.00 MB reserved,      55.06 MB ( 14%) committed. 

Chunk freelists:
   Non-Class:  288.00 KB
       Class:  8.28 MB
        Both:  8.57 MB

MaxMetaspaceSize: 384.00 MB
CompressedClassSpaceSize: 320.00 MB
Initial GC threshold: 21.00 MB
Current GC threshold: 58.88 MB
CDS: on
MetaspaceReclaimPolicy: balanced
 - commit_granule_bytes: 65536.
 - commit_granule_words: 8192.
 - virtual_space_node_default_size: 8388608.
 - enlarge_chunks_in_place: 1.
 - new_chunks_are_fully_committed: 0.
 - uncommit_free_chunks: 1.
 - use_allocation_guard: 0.
 - handle_deallocations: 1.


Internal statistics:

num_allocs_failed_limit: 6.
num_arena_births: 842.
num_arena_deaths: 0.
num_vsnodes_births: 2.
num_vsnodes_deaths: 0.
num_space_committed: 881.
num_space_uncommitted: 0.
num_chunks_returned_to_freelist: 6.
num_chunks_taken_from_freelist: 3260.
num_chunk_merges: 6.
num_chunk_splits: 2011.
num_chunks_enlarged: 1206.
num_purges: 0.
num_inconsistent_stats: 0.

CodeHeap 'non-profiled nmethods': size=120000Kb used=8599Kb max_used=8599Kb free=111400Kb
 bounds [0x00000191da880000, 0x00000191db0f0000, 0x00000191e1db0000]
CodeHeap 'profiled nmethods': size=120000Kb used=23851Kb max_used=23851Kb free=96148Kb
 bounds [0x00000191d2db0000, 0x00000191d4500000, 0x00000191da2e0000]
CodeHeap 'non-nmethods': size=5760Kb used=2326Kb max_used=2435Kb free=3433Kb
 bounds [0x00000191da2e0000, 0x00000191da550000, 0x00000191da880000]
 total_blobs=12480 nmethods=11639 adapters=752
 compilation: enabled
              stopped_count=0, restarted_count=0
 full_count=0

Compilation events (20 events):
Event: 5072.700 Thread 0x00000191e5c9cd70 nmethod 13211 0x00000191db0e1590 code [0x00000191db0e1720, 0x00000191db0e1a38]
Event: 5072.958 Thread 0x00000191e5c9cd70 13212       4       org.gradle.internal.Describables$FixedDescribable::getDisplayName (41 bytes)
Event: 5072.961 Thread 0x00000191e5c9cd70 nmethod 13212 0x00000191db0e1b90 code [0x00000191db0e1d40, 0x00000191db0e1ff8]
Event: 5072.971 Thread 0x00000191e5c9cd70 13213       4       java.util.HashMap$ValueIterator::next (8 bytes)
Event: 5072.976 Thread 0x00000191e5c9cd70 nmethod 13213 0x00000191db0e2210 code [0x00000191db0e23a0, 0x00000191db0e27d8]
Event: 5072.988 Thread 0x00000191e5c9cd70 13214   !   4       java.nio.ByteBuffer::putArray (122 bytes)
Event: 5072.991 Thread 0x00000191e5c9cd70 nmethod 13214 0x00000191db0e2990 code [0x00000191db0e2b20, 0x00000191db0e2dc8]
Event: 5072.995 Thread 0x00000191e5c9cd70 13215       4       org.gradle.internal.component.external.model.AbstractLazyModuleComponentResolveMetadata::getAttributesSchema (5 bytes)
Event: 5072.995 Thread 0x00000191e5c9cd70 nmethod 13215 0x00000191db0e3110 code [0x00000191db0e3280, 0x00000191db0e32f8]
Event: 5073.030 Thread 0x00000191e5c9cd70 13216       4       org.gradle.internal.component.model.DelegatingDependencyMetadata::isEndorsingStrictVersions (10 bytes)
Event: 5073.031 Thread 0x00000191e5c9cd70 nmethod 13216 0x00000191db0e3410 code [0x00000191db0e3580, 0x00000191db0e3638]
Event: 5073.050 Thread 0x00000191e5c9cd70 13217       4       org.gradle.internal.component.external.model.DefaultImmutableCapability::<init> (58 bytes)
Event: 5073.074 Thread 0x00000191e5c9cd70 nmethod 13217 0x00000191db0e3710 code [0x00000191db0e38e0, 0x00000191db0e48c8]
Event: 5073.077 Thread 0x00000191e5c9e820 13218   !   3       java.util.concurrent.locks.AbstractQueuedSynchronizer::acquire (407 bytes)
Event: 5073.078 Thread 0x00000191e5c9e820 nmethod 13218 0x00000191d44f4890 code [0x00000191d44f4c20, 0x00000191d44f67a8]
Event: 5073.082 Thread 0x00000191e5c9cd70 13219       4       org.gradle.workers.internal.WorkerDaemonClientsManager$LogLevelChangeEventListener::onOutput (25 bytes)
Event: 5073.082 Thread 0x00000191e5c9cd70 nmethod 13219 0x00000191db0e4d90 code [0x00000191db0e4f20, 0x00000191db0e4fe8]
Event: 5073.220 Thread 0x00000191e5c9cd70 13220   !   4       org.gradle.internal.remote.internal.inet.SocketConnection::flush (46 bytes)
Event: 5073.226 Thread 0x00000191e5c9cd70 nmethod 13220 0x00000191db0e5110 code [0x00000191db0e52e0, 0x00000191db0e5848]
Event: 5073.226 Thread 0x00000191e5c9cd70 13221   !   4       org.gradle.launcher.daemon.server.SynchronizedDispatchConnection::dispatchAndFlush (118 bytes)

GC Heap History (20 events):
Event: 12.511 GC heap before
{Heap before GC invocations=2 (full 0):
 garbage-first heap   total 262144K, used 32441K [0x00000000e0000000, 0x0000000100000000)
  region size 1024K, 25 young (25600K), 3 survivors (3072K)
 Metaspace       used 4060K, committed 4224K, reserved 393216K
  class space    used 497K, committed 576K, reserved 327680K
}
Event: 12.513 GC heap after
{Heap after GC invocations=3 (full 0):
 garbage-first heap   total 262144K, used 11463K [0x00000000e0000000, 0x0000000100000000)
  region size 1024K, 1 young (1024K), 1 survivors (1024K)
 Metaspace       used 4060K, committed 4224K, reserved 393216K
  class space    used 497K, committed 576K, reserved 327680K
}
Event: 21.972 GC heap before
{Heap before GC invocations=3 (full 0):
 garbage-first heap   total 262144K, used 130247K [0x00000000e0000000, 0x0000000100000000)
  region size 1024K, 117 young (119808K), 1 survivors (1024K)
 Metaspace       used 21222K, committed 21504K, reserved 393216K
  class space    used 3122K, committed 3264K, reserved 327680K
}
Event: 21.982 GC heap after
{Heap after GC invocations=4 (full 0):
 garbage-first heap   total 262144K, used 22894K [0x00000000e0000000, 0x0000000100000000)
  region size 1024K, 12 young (12288K), 12 survivors (12288K)
 Metaspace       used 21222K, committed 21504K, reserved 393216K
  class space    used 3122K, committed 3264K, reserved 327680K
}
Event: 23.863 GC heap before
{Heap before GC invocations=5 (full 0):
 garbage-first heap   total 262144K, used 138606K [0x00000000e0000000, 0x0000000100000000)
  region size 1024K, 122 young (124928K), 12 survivors (12288K)
 Metaspace       used 35623K, committed 35968K, reserved 393216K
  class space    used 4992K, committed 5184K, reserved 327680K
}
Event: 23.876 GC heap after
{Heap after GC invocations=6 (full 0):
 garbage-first heap   total 262144K, used 32114K [0x00000000e0000000, 0x0000000100000000)
  region size 1024K, 10 young (10240K), 10 survivors (10240K)
 Metaspace       used 35623K, committed 35968K, reserved 393216K
  class space    used 4992K, committed 5184K, reserved 327680K
}
Event: 30.623 GC heap before
{Heap before GC invocations=7 (full 0):
 garbage-first heap   total 262144K, used 179570K [0x00000000e0000000, 0x0000000100000000)
  region size 1024K, 153 young (156672K), 10 survivors (10240K)
 Metaspace       used 48739K, committed 49280K, reserved 393216K
  class space    used 7033K, committed 7296K, reserved 327680K
}
Event: 30.641 GC heap after
{Heap after GC invocations=8 (full 0):
 garbage-first heap   total 262144K, used 40858K [0x00000000e0000000, 0x0000000100000000)
  region size 1024K, 18 young (18432K), 18 survivors (18432K)
 Metaspace       used 48739K, committed 49280K, reserved 393216K
  class space    used 7033K, committed 7296K, reserved 327680K
}
Event: 86.723 GC heap before
{Heap before GC invocations=8 (full 0):
 garbage-first heap   total 262144K, used 178074K [0x00000000e0000000, 0x0000000100000000)
  region size 1024K, 153 young (156672K), 18 survivors (18432K)
 Metaspace       used 53043K, committed 53568K, reserved 393216K
  class space    used 7413K, committed 7680K, reserved 327680K
}
Event: 86.742 GC heap after
{Heap after GC invocations=9 (full 0):
 garbage-first heap   total 262144K, used 48506K [0x00000000e0000000, 0x0000000100000000)
  region size 1024K, 18 young (18432K), 18 survivors (18432K)
 Metaspace       used 53043K, committed 53568K, reserved 393216K
  class space    used 7413K, committed 7680K, reserved 327680K
}
Event: 112.167 GC heap before
{Heap before GC invocations=9 (full 0):
 garbage-first heap   total 262144K, used 185722K [0x00000000e0000000, 0x0000000100000000)
  region size 1024K, 153 young (156672K), 18 survivors (18432K)
 Metaspace       used 54241K, committed 54848K, reserved 393216K
  class space    used 7438K, committed 7744K, reserved 327680K
}
Event: 112.181 GC heap after
{Heap after GC invocations=10 (full 0):
 garbage-first heap   total 262144K, used 51820K [0x00000000e0000000, 0x0000000100000000)
  region size 1024K, 11 young (11264K), 11 survivors (11264K)
 Metaspace       used 54241K, committed 54848K, reserved 393216K
  class space    used 7438K, committed 7744K, reserved 327680K
}
Event: 187.942 GC heap before
{Heap before GC invocations=10 (full 0):
 garbage-first heap   total 262144K, used 196204K [0x00000000e0000000, 0x0000000100000000)
  region size 1024K, 153 young (156672K), 11 survivors (11264K)
 Metaspace       used 54797K, committed 55424K, reserved 393216K
  class space    used 7444K, committed 7744K, reserved 327680K
}
Event: 187.948 GC heap after
{Heap after GC invocations=11 (full 0):
 garbage-first heap   total 262144K, used 46700K [0x00000000e0000000, 0x0000000100000000)
  region size 1024K, 6 young (6144K), 6 survivors (6144K)
 Metaspace       used 54797K, committed 55424K, reserved 393216K
  class space    used 7444K, committed 7744K, reserved 327680K
}
Event: 198.680 GC heap before
{Heap before GC invocations=11 (full 0):
 garbage-first heap   total 262144K, used 196204K [0x00000000e0000000, 0x0000000100000000)
  region size 1024K, 153 young (156672K), 6 survivors (6144K)
 Metaspace       used 55120K, committed 55744K, reserved 393216K
  class space    used 7456K, committed 7744K, reserved 327680K
}
Event: 198.689 GC heap after
{Heap after GC invocations=12 (full 0):
 garbage-first heap   total 262144K, used 51486K [0x00000000e0000000, 0x0000000100000000)
  region size 1024K, 11 young (11264K), 11 survivors (11264K)
 Metaspace       used 55120K, committed 55744K, reserved 393216K
  class space    used 7456K, committed 7744K, reserved 327680K
}
Event: 226.545 GC heap before
{Heap before GC invocations=12 (full 0):
 garbage-first heap   total 262144K, used 195870K [0x00000000e0000000, 0x0000000100000000)
  region size 1024K, 153 young (156672K), 11 survivors (11264K)
 Metaspace       used 55438K, committed 56064K, reserved 393216K
  class space    used 7472K, committed 7808K, reserved 327680K
}
Event: 226.555 GC heap after
{Heap after GC invocations=13 (full 0):
 garbage-first heap   total 262144K, used 48728K [0x00000000e0000000, 0x0000000100000000)
  region size 1024K, 4 young (4096K), 4 survivors (4096K)
 Metaspace       used 55438K, committed 56064K, reserved 393216K
  class space    used 7472K, committed 7808K, reserved 327680K
}
Event: 4257.731 GC heap before
{Heap before GC invocations=13 (full 0):
 garbage-first heap   total 262144K, used 200280K [0x00000000e0000000, 0x0000000100000000)
  region size 1024K, 153 young (156672K), 4 survivors (4096K)
 Metaspace       used 55684K, committed 56320K, reserved 393216K
  class space    used 7473K, committed 7808K, reserved 327680K
}
Event: 4257.746 GC heap after
{Heap after GC invocations=14 (full 0):
 garbage-first heap   total 262144K, used 46207K [0x00000000e0000000, 0x0000000100000000)
  region size 1024K, 1 young (1024K), 1 survivors (1024K)
 Metaspace       used 55684K, committed 56320K, reserved 393216K
  class space    used 7473K, committed 7808K, reserved 327680K
}

Deoptimization events (20 events):
Event: 5072.025 Thread 0x00000191828fb920 DEOPT PACKING pc=0x00000191db026b28 sp=0x0000006edabfde80
Event: 5072.025 Thread 0x00000191828fb920 DEOPT UNPACKING pc=0x00000191da3323a3 sp=0x0000006edabfddd8 mode 2
Event: 5072.048 Thread 0x0000019183853060 DEOPT PACKING pc=0x00000191d343af66 sp=0x0000006ed94f8a90
Event: 5072.048 Thread 0x0000019183853060 DEOPT UNPACKING pc=0x00000191da332b43 sp=0x0000006ed94f7f58 mode 0
Event: 5072.161 Thread 0x00000191828f75c0 Uncommon trap: trap_request=0xffffffd6 fr.pc=0x00000191db0d0638 relative=0x0000000000000b18
Event: 5072.161 Thread 0x00000191828f75c0 Uncommon trap: reason=array_check action=maybe_recompile pc=0x00000191db0d0638 method=com.google.common.collect.RegularImmutableMap.fromEntryArrayCheckingBucketOverflow(I[Ljava/util/Map$Entry;Z)Lcom/google/common/collect/ImmutableMap; @ 220 c2
Event: 5072.161 Thread 0x00000191828f75c0 DEOPT PACKING pc=0x00000191db0d0638 sp=0x0000006edacfc8c0
Event: 5072.161 Thread 0x00000191828f75c0 DEOPT UNPACKING pc=0x00000191da3323a3 sp=0x0000006edacfc868 mode 2
Event: 5072.285 Thread 0x00000191828f75c0 Uncommon trap: trap_request=0xffffffd6 fr.pc=0x00000191db0d0638 relative=0x0000000000000b18
Event: 5072.285 Thread 0x00000191828f75c0 Uncommon trap: reason=array_check action=maybe_recompile pc=0x00000191db0d0638 method=com.google.common.collect.RegularImmutableMap.fromEntryArrayCheckingBucketOverflow(I[Ljava/util/Map$Entry;Z)Lcom/google/common/collect/ImmutableMap; @ 220 c2
Event: 5072.285 Thread 0x00000191828f75c0 DEOPT PACKING pc=0x00000191db0d0638 sp=0x0000006edacf9cb0
Event: 5072.285 Thread 0x00000191828f75c0 DEOPT UNPACKING pc=0x00000191da3323a3 sp=0x0000006edacf9c58 mode 2
Event: 5072.285 Thread 0x00000191828f75c0 Uncommon trap: trap_request=0xffffffd6 fr.pc=0x00000191db0d0638 relative=0x0000000000000b18
Event: 5072.285 Thread 0x00000191828f75c0 Uncommon trap: reason=array_check action=maybe_recompile pc=0x00000191db0d0638 method=com.google.common.collect.RegularImmutableMap.fromEntryArrayCheckingBucketOverflow(I[Ljava/util/Map$Entry;Z)Lcom/google/common/collect/ImmutableMap; @ 220 c2
Event: 5072.285 Thread 0x00000191828f75c0 DEOPT PACKING pc=0x00000191db0d0638 sp=0x0000006edacf9cb0
Event: 5072.285 Thread 0x00000191828f75c0 DEOPT UNPACKING pc=0x00000191da3323a3 sp=0x0000006edacf9c58 mode 2
Event: 5072.930 Thread 0x00000191828f75c0 Uncommon trap: trap_request=0xffffffd6 fr.pc=0x00000191db0d0638 relative=0x0000000000000b18
Event: 5072.930 Thread 0x00000191828f75c0 Uncommon trap: reason=array_check action=maybe_recompile pc=0x00000191db0d0638 method=com.google.common.collect.RegularImmutableMap.fromEntryArrayCheckingBucketOverflow(I[Ljava/util/Map$Entry;Z)Lcom/google/common/collect/ImmutableMap; @ 220 c2
Event: 5072.930 Thread 0x00000191828f75c0 DEOPT PACKING pc=0x00000191db0d0638 sp=0x0000006edacf8230
Event: 5072.930 Thread 0x00000191828f75c0 DEOPT UNPACKING pc=0x00000191da3323a3 sp=0x0000006edacf81d8 mode 2

Classes unloaded (0 events):
No events

Classes redefined (0 events):
No events

Internal exceptions (20 events):
Event: 197.877 Thread 0x00000191800af030 Exception <a 'java/lang/NoClassDefFoundError'{0x00000000e9fb6d88}: org/jetbrains/kotlin/gradle/plugin/KotlinPluginWrapper> (0x00000000e9fb6d88) 
thrown [s\open\src\hotspot\share\oops\constantPool.cpp, line 835]
Event: 197.877 Thread 0x00000191800af030 Exception <a 'java/lang/NoClassDefFoundError'{0x00000000e9fb93d0}: org/graalvm/buildtools/gradle/NativeImagePlugin> (0x00000000e9fb93d0) 
thrown [s\open\src\hotspot\share\oops\constantPool.cpp, line 835]
Event: 220.228 Thread 0x00000191800af030 Exception <a 'sun/nio/fs/WindowsException'{0x00000000ed7374e8}> (0x00000000ed7374e8) 
thrown [s\open\src\hotspot\share\prims\jni.cpp, line 516]
Event: 220.229 Thread 0x00000191800af030 Exception <a 'sun/nio/fs/WindowsException'{0x00000000ed738a50}> (0x00000000ed738a50) 
thrown [s\open\src\hotspot\share\prims\jni.cpp, line 516]
Event: 220.230 Thread 0x00000191800af030 Exception <a 'sun/nio/fs/WindowsException'{0x00000000ed739fb8}> (0x00000000ed739fb8) 
thrown [s\open\src\hotspot\share\prims\jni.cpp, line 516]
Event: 220.231 Thread 0x00000191800af030 Exception <a 'sun/nio/fs/WindowsException'{0x00000000ed73b510}> (0x00000000ed73b510) 
thrown [s\open\src\hotspot\share\prims\jni.cpp, line 516]
Event: 220.421 Thread 0x00000191800af030 Exception <a 'java/lang/NoClassDefFoundError'{0x00000000ed370d78}: org/jetbrains/kotlin/gradle/plugin/KotlinPluginWrapper> (0x00000000ed370d78) 
thrown [s\open\src\hotspot\share\oops\constantPool.cpp, line 835]
Event: 220.421 Thread 0x00000191800af030 Exception <a 'java/lang/NoClassDefFoundError'{0x00000000ed3733c0}: org/graalvm/buildtools/gradle/NativeImagePlugin> (0x00000000ed3733c0) 
thrown [s\open\src\hotspot\share\oops\constantPool.cpp, line 835]
Event: 226.268 Thread 0x00000191800af030 Exception <a 'sun/nio/fs/WindowsException'{0x00000000e7c709a0}> (0x00000000e7c709a0) 
thrown [s\open\src\hotspot\share\prims\jni.cpp, line 516]
Event: 226.274 Thread 0x00000191800af030 Exception <a 'sun/nio/fs/WindowsException'{0x00000000e7c71f08}> (0x00000000e7c71f08) 
thrown [s\open\src\hotspot\share\prims\jni.cpp, line 516]
Event: 226.276 Thread 0x00000191800af030 Exception <a 'sun/nio/fs/WindowsException'{0x00000000e7c73470}> (0x00000000e7c73470) 
thrown [s\open\src\hotspot\share\prims\jni.cpp, line 516]
Event: 226.278 Thread 0x00000191800af030 Exception <a 'sun/nio/fs/WindowsException'{0x00000000e7c749c8}> (0x00000000e7c749c8) 
thrown [s\open\src\hotspot\share\prims\jni.cpp, line 516]
Event: 226.465 Thread 0x00000191800af030 Exception <a 'java/lang/NoClassDefFoundError'{0x00000000e78fa9e8}: org/jetbrains/kotlin/gradle/plugin/KotlinPluginWrapper> (0x00000000e78fa9e8) 
thrown [s\open\src\hotspot\share\oops\constantPool.cpp, line 835]
Event: 226.465 Thread 0x00000191800af030 Exception <a 'java/lang/NoClassDefFoundError'{0x00000000e78fd030}: org/graalvm/buildtools/gradle/NativeImagePlugin> (0x00000000e78fd030) 
thrown [s\open\src\hotspot\share\oops\constantPool.cpp, line 835]
Event: 5071.698 Thread 0x0000019183853060 Exception <a 'sun/nio/fs/WindowsException'{0x00000000ef07ee40}> (0x00000000ef07ee40) 
thrown [s\open\src\hotspot\share\prims\jni.cpp, line 516]
Event: 5071.701 Thread 0x0000019183853060 Exception <a 'sun/nio/fs/WindowsException'{0x00000000ef0803a8}> (0x00000000ef0803a8) 
thrown [s\open\src\hotspot\share\prims\jni.cpp, line 516]
Event: 5071.701 Thread 0x0000019183853060 Exception <a 'sun/nio/fs/WindowsException'{0x00000000ef081910}> (0x00000000ef081910) 
thrown [s\open\src\hotspot\share\prims\jni.cpp, line 516]
Event: 5071.722 Thread 0x0000019183853060 Exception <a 'sun/nio/fs/WindowsException'{0x00000000ef082e68}> (0x00000000ef082e68) 
thrown [s\open\src\hotspot\share\prims\jni.cpp, line 516]
Event: 5072.100 Thread 0x0000019183853060 Exception <a 'java/lang/NoClassDefFoundError'{0x00000000eeb2d3d0}: org/jetbrains/kotlin/gradle/plugin/KotlinPluginWrapper> (0x00000000eeb2d3d0) 
thrown [s\open\src\hotspot\share\oops\constantPool.cpp, line 835]
Event: 5072.100 Thread 0x0000019183853060 Exception <a 'java/lang/NoClassDefFoundError'{0x00000000eeb2fcd0}: org/graalvm/buildtools/gradle/NativeImagePlugin> (0x00000000eeb2fcd0) 
thrown [s\open\src\hotspot\share\oops\constantPool.cpp, line 835]

VM Operations (20 events):
Event: 3165.981 Executing VM operation: Cleanup
Event: 3165.981 Executing VM operation: Cleanup done
Event: 3391.101 Executing VM operation: Cleanup
Event: 3391.101 Executing VM operation: Cleanup done
Event: 3440.560 Executing VM operation: Cleanup
Event: 3440.560 Executing VM operation: Cleanup done
Event: 4151.150 Executing VM operation: Cleanup
Event: 4151.150 Executing VM operation: Cleanup done
Event: 4156.199 Executing VM operation: Cleanup
Event: 4156.199 Executing VM operation: Cleanup done
Event: 4257.731 Executing VM operation: G1CollectForAllocation
Event: 4257.746 Executing VM operation: G1CollectForAllocation done
Event: 4691.100 Executing VM operation: Cleanup
Event: 4691.100 Executing VM operation: Cleanup done
Event: 4720.370 Executing VM operation: Cleanup
Event: 4720.370 Executing VM operation: Cleanup done
Event: 5071.758 Executing VM operation: Cleanup
Event: 5071.758 Executing VM operation: Cleanup done
Event: 5072.769 Executing VM operation: Cleanup
Event: 5072.769 Executing VM operation: Cleanup done

Events (20 events):
Event: 5073.004 Thread 0x00000191828f92a0 Thread added: 0x00000191828f92a0
Event: 5073.024 Thread 0x00000191829a13d0 Thread added: 0x00000191829a13d0
Event: 5073.035 Thread 0x00000191829a2710 Thread added: 0x00000191829a2710
Event: 5073.051 Thread 0x00000191829a0f00 Thread added: 0x00000191829a0f00
Event: 5073.069 Thread 0x00000191829a2240 Thread added: 0x00000191829a2240
Event: 5073.082 Thread 0x00000191829a48c0 Thread added: 0x00000191829a48c0
Event: 5073.092 Thread 0x00000191829a1d70 Thread added: 0x00000191829a1d70
Event: 5073.101 Thread 0x00000191829a0090 Thread added: 0x00000191829a0090
Event: 5073.114 Thread 0x000001918299d540 Thread added: 0x000001918299d540
Event: 5073.133 Thread 0x000001918299da10 Thread added: 0x000001918299da10
Event: 5073.146 Thread 0x000001918299dee0 Thread added: 0x000001918299dee0
Event: 5073.158 Thread 0x00000191829a2be0 Thread added: 0x00000191829a2be0
Event: 5073.174 Thread 0x000001918299fbc0 Thread added: 0x000001918299fbc0
Event: 5073.188 Thread 0x00000191829a43f0 Thread added: 0x00000191829a43f0
Event: 5073.198 Thread 0x000001918299f220 Thread added: 0x000001918299f220
Event: 5073.206 Thread 0x00000191829a30b0 Thread added: 0x00000191829a30b0
Event: 5073.217 Thread 0x000001918299f6f0 Thread added: 0x000001918299f6f0
Event: 5073.267 Thread 0x00000191829a0560 Thread added: 0x00000191829a0560
Event: 5073.287 Thread 0x00000191829a18a0 Thread added: 0x00000191829a18a0
Event: 5073.302 Thread 0x00000191829a3580 Thread added: 0x00000191829a3580


Dynamic libraries:
0x00007ff694fc0000 - 0x00007ff694fd0000 	C:\Program Files\Java\jdk-17\bin\java.exe
0x00007fffeb8d0000 - 0x00007fffebac8000 	C:\WINDOWS\SYSTEM32\ntdll.dll
0x00007fffb55b0000 - 0x00007fffb55c9000 	C:\Program Files\Avast Software\Avast\aswhook.dll
0x00007fffeadf0000 - 0x00007fffeaead000 	C:\WINDOWS\System32\KERNEL32.DLL
0x00007fffe93b0000 - 0x00007fffe96a6000 	C:\WINDOWS\System32\KERNELBASE.dll
0x00007fffe96b0000 - 0x00007fffe97b0000 	C:\WINDOWS\System32\ucrtbase.dll
0x00007fffdd0c0000 - 0x00007fffdd0db000 	C:\Program Files\Java\jdk-17\bin\VCRUNTIME140.dll
0x00007fffdd0e0000 - 0x00007fffdd0f9000 	C:\Program Files\Java\jdk-17\bin\jli.dll
0x00007fffeb240000 - 0x00007fffeb2ef000 	C:\WINDOWS\System32\ADVAPI32.dll
0x00007fffeb2f0000 - 0x00007fffeb38e000 	C:\WINDOWS\System32\msvcrt.dll
0x00007fffeaf60000 - 0x00007fffeaffc000 	C:\WINDOWS\System32\sechost.dll
0x00007fffe9cd0000 - 0x00007fffe9df6000 	C:\WINDOWS\System32\RPCRT4.dll
0x00007fffea3d0000 - 0x00007fffea56e000 	C:\WINDOWS\System32\USER32.dll
0x00007fffe97b0000 - 0x00007fffe97d2000 	C:\WINDOWS\System32\win32u.dll
0x00007fffeb060000 - 0x00007fffeb08c000 	C:\WINDOWS\System32\GDI32.dll
0x00007fffe8fb0000 - 0x00007fffe90ca000 	C:\WINDOWS\System32\gdi32full.dll
0x00007fffe97e0000 - 0x00007fffe987d000 	C:\WINDOWS\System32\msvcp_win.dll
0x00007fffdc160000 - 0x00007fffdc3fa000 	C:\WINDOWS\WinSxS\amd64_microsoft.windows.common-controls_6595b64144ccf1df_6.0.19041.3636_none_60b6a03d71f818d5\COMCTL32.dll
0x00007fffe2e30000 - 0x00007fffe2e3a000 	C:\WINDOWS\SYSTEM32\VERSION.dll
0x00007fffead60000 - 0x00007fffead90000 	C:\WINDOWS\System32\IMM32.DLL
0x00007fffe6600000 - 0x00007fffe660c000 	C:\Program Files\Java\jdk-17\bin\vcruntime140_1.dll
0x00007fffb5740000 - 0x00007fffb57ce000 	C:\Program Files\Java\jdk-17\bin\msvcp140.dll
0x00007fffa4860000 - 0x00007fffa543e000 	C:\Program Files\Java\jdk-17\bin\server\jvm.dll
0x00007fffe9e10000 - 0x00007fffe9e18000 	C:\WINDOWS\System32\PSAPI.DLL
0x00007fffe06a0000 - 0x00007fffe06c7000 	C:\WINDOWS\SYSTEM32\WINMM.dll
0x00007fffd0560000 - 0x00007fffd0569000 	C:\WINDOWS\SYSTEM32\WSOCK32.dll
0x00007fffea570000 - 0x00007fffea5db000 	C:\WINDOWS\System32\WS2_32.dll
0x00007fffe6e90000 - 0x00007fffe6ea2000 	C:\WINDOWS\SYSTEM32\kernel.appcore.dll
0x00007fffde5e0000 - 0x00007fffde5ea000 	C:\Program Files\Java\jdk-17\bin\jimage.dll
0x00007fffda170000 - 0x00007fffda354000 	C:\WINDOWS\SYSTEM32\DBGHELP.DLL
0x00007fffd9ec0000 - 0x00007fffd9ef4000 	C:\WINDOWS\SYSTEM32\dbgcore.DLL
0x00007fffe9320000 - 0x00007fffe93a2000 	C:\WINDOWS\System32\bcryptPrimitives.dll
0x00007fffdbcf0000 - 0x00007fffdbcfe000 	C:\Program Files\Java\jdk-17\bin\instrument.dll
0x00007fffdd090000 - 0x00007fffdd0b5000 	C:\Program Files\Java\jdk-17\bin\java.dll
0x00007fffb4350000 - 0x00007fffb4427000 	C:\Program Files\Java\jdk-17\bin\jsvml.dll
0x00007fffea5f0000 - 0x00007fffead35000 	C:\WINDOWS\System32\SHELL32.dll
0x00007fffe7090000 - 0x00007fffe782b000 	C:\WINDOWS\SYSTEM32\windows.storage.dll
0x00007fffe9f40000 - 0x00007fffea294000 	C:\WINDOWS\System32\combase.dll
0x00007fffe89f0000 - 0x00007fffe8a1d000 	C:\WINDOWS\SYSTEM32\Wldp.dll
0x00007fffe9ba0000 - 0x00007fffe9c4d000 	C:\WINDOWS\System32\SHCORE.dll
0x00007fffead90000 - 0x00007fffeade5000 	C:\WINDOWS\System32\shlwapi.dll
0x00007fffe8ee0000 - 0x00007fffe8f05000 	C:\WINDOWS\SYSTEM32\profapi.dll
0x00007fffd12c0000 - 0x00007fffd12d8000 	C:\Program Files\Java\jdk-17\bin\zip.dll
0x00007fffdab10000 - 0x00007fffdab29000 	C:\Program Files\Java\jdk-17\bin\net.dll
0x00007fffe3290000 - 0x00007fffe339a000 	C:\WINDOWS\SYSTEM32\WINHTTP.dll
0x00007fffe8750000 - 0x00007fffe87ba000 	C:\WINDOWS\system32\mswsock.dll
0x00007fffda9c0000 - 0x00007fffda9d6000 	C:\Program Files\Java\jdk-17\bin\nio.dll
0x00007fffd11d0000 - 0x00007fffd11e0000 	C:\Program Files\Java\jdk-17\bin\verify.dll
0x00007fffd11e0000 - 0x00007fffd1207000 	C:\Users\user\.gradle\native\c067742578af261105cb4f569cf0c3c89f3d7b1fecec35dd04571415982c5e48\windows-amd64\native-platform.dll
0x00007fffafa10000 - 0x00007fffafb54000 	C:\Users\user\.gradle\native\38dada09dfb8b06ba9b0570ebf7e218e3eb74d4ef43ca46872605cf95ebc2f47\windows-amd64\native-platform-file-events.dll
0x00007fffd1040000 - 0x00007fffd104a000 	C:\Program Files\Java\jdk-17\bin\management.dll
0x00007fffd0f20000 - 0x00007fffd0f2b000 	C:\Program Files\Java\jdk-17\bin\management_ext.dll
0x00007fffe8950000 - 0x00007fffe8968000 	C:\WINDOWS\SYSTEM32\CRYPTSP.dll
0x00007fffe8010000 - 0x00007fffe8044000 	C:\WINDOWS\system32\rsaenh.dll
0x00007fffe92a0000 - 0x00007fffe92c7000 	C:\WINDOWS\System32\bcrypt.dll
0x00007fffe8ea0000 - 0x00007fffe8ece000 	C:\WINDOWS\SYSTEM32\USERENV.dll
0x00007fffe8940000 - 0x00007fffe894c000 	C:\WINDOWS\SYSTEM32\CRYPTBASE.dll
0x00007fffe83f0000 - 0x00007fffe842b000 	C:\WINDOWS\SYSTEM32\IPHLPAPI.DLL
0x00007fffea5e0000 - 0x00007fffea5e8000 	C:\WINDOWS\System32\NSI.dll
0x00007fffe2ab0000 - 0x00007fffe2ac7000 	C:\WINDOWS\SYSTEM32\dhcpcsvc6.DLL
0x00007fffe2a90000 - 0x00007fffe2aad000 	C:\WINDOWS\SYSTEM32\dhcpcsvc.DLL
0x00007fffe8440000 - 0x00007fffe850a000 	C:\WINDOWS\SYSTEM32\DNSAPI.dll
0x00007fffd0f10000 - 0x00007fffd0f1e000 	C:\Program Files\Java\jdk-17\bin\sunmscapi.dll
0x00007fffe9140000 - 0x00007fffe929d000 	C:\WINDOWS\System32\CRYPT32.dll
0x00007fffe8a60000 - 0x00007fffe8a87000 	C:\WINDOWS\SYSTEM32\ncrypt.dll
0x00007fffe8a20000 - 0x00007fffe8a5b000 	C:\WINDOWS\SYSTEM32\NTASN1.dll
0x00007fffc2000000 - 0x00007fffc2007000 	C:\WINDOWS\system32\wshunix.dll

dbghelp: loaded successfully - version: 4.0.5 - missing functions: none
symbol engine: initialized successfully - sym options: 0x614 - pdb path: .;C:\Program Files\Java\jdk-17\bin;C:\WINDOWS\SYSTEM32;C:\Program Files\Avast Software\Avast;C:\WINDOWS\WinSxS\amd64_microsoft.windows.common-controls_6595b64144ccf1df_6.0.19041.3636_none_60b6a03d71f818d5;C:\Program Files\Java\jdk-17\bin\server;C:\Users\user\.gradle\native\c067742578af261105cb4f569cf0c3c89f3d7b1fecec35dd04571415982c5e48\windows-amd64;C:\Users\user\.gradle\native\38dada09dfb8b06ba9b0570ebf7e218e3eb74d4ef43ca46872605cf95ebc2f47\windows-amd64

VM Arguments:
jvm_args: --add-opens=java.base/java.util=ALL-UNNAMED --add-opens=java.base/java.lang=ALL-UNNAMED --add-opens=java.base/java.lang.invoke=ALL-UNNAMED --add-opens=java.prefs/java.util.prefs=ALL-UNNAMED --add-opens=java.base/java.nio.charset=ALL-UNNAMED --add-opens=java.base/java.net=ALL-UNNAMED --add-opens=java.base/java.util.concurrent.atomic=ALL-UNNAMED -XX:MaxMetaspaceSize=384m -XX:+HeapDumpOnOutOfMemoryError -Xms256m -Xmx512m -Dfile.encoding=UTF-8 -Duser.country=KR -Duser.language=ko -Duser.variant -javaagent:C:\Users\user\.gradle\wrapper\dists\gradle-8.5-bin\5t9huq95ubn472n8rpzujfbqh\gradle-8.5\lib\agents\gradle-instrumentation-agent-8.5.jar 
java_command: org.gradle.launcher.daemon.bootstrap.GradleDaemon 8.5
java_class_path (initial): C:\Users\user\.gradle\wrapper\dists\gradle-8.5-bin\5t9huq95ubn472n8rpzujfbqh\gradle-8.5\lib\gradle-launcher-8.5.jar
Launcher Type: SUN_STANDARD

[Global flags]
     intx CICompilerCount                          = 3                                         {product} {ergonomic}
   size_t CompressedClassSpaceSize                 = 335544320                                 {product} {ergonomic}
     uint ConcGCThreads                            = 1                                         {product} {ergonomic}
     uint G1ConcRefinementThreads                  = 4                                         {product} {ergonomic}
   size_t G1HeapRegionSize                         = 1048576                                   {product} {ergonomic}
    uintx GCDrainStackTargetSize                   = 64                                        {product} {ergonomic}
     bool HeapDumpOnOutOfMemoryError               = true                                   {manageable} {command line}
   size_t InitialHeapSize                          = 268435456                                 {product} {command line}
   size_t MarkStackSize                            = 4194304                                   {product} {ergonomic}
   size_t MaxHeapSize                              = 536870912                                 {product} {command line}
   size_t MaxMetaspaceSize                         = 402653184                                 {product} {command line}
   size_t MaxNewSize                               = 321912832                                 {product} {ergonomic}
   size_t MinHeapDeltaBytes                        = 1048576                                   {product} {ergonomic}
   size_t MinHeapSize                              = 268435456                                 {product} {command line}
    uintx NonNMethodCodeHeapSize                   = 5832780                                {pd product} {ergonomic}
    uintx NonProfiledCodeHeapSize                  = 122912730                              {pd product} {ergonomic}
    uintx ProfiledCodeHeapSize                     = 122912730                              {pd product} {ergonomic}
    uintx ReservedCodeCacheSize                    = 251658240                              {pd product} {ergonomic}
     bool SegmentedCodeCache                       = true                                      {product} {ergonomic}
   size_t SoftMaxHeapSize                          = 536870912                              {manageable} {ergonomic}
     bool UseCompressedClassPointers               = true                           {product lp64_product} {ergonomic}
     bool UseCompressedOops                        = true                           {product lp64_product} {ergonomic}
     bool UseG1GC                                  = true                                      {product} {ergonomic}
     bool UseLargePagesIndividualAllocation        = false                                  {pd product} {ergonomic}

Logging:
Log output configuration:
 #0: stdout all=warning uptime,level,tags
 #1: stderr all=off uptime,level,tags

Environment Variables:
JAVA_HOME=C:\Program Files\Java\jdk-17
PATH=C:\wjdahr12\apache-tomcat-9.0.80\bin;C:\Program Files\Java\jdk-17\bin;C:\oraclexe\app\oracle\product\11.2.0\server\bin;C:\Program Files\Zulu\zulu-17\bin\;C:\Program Files\Common Files\Oracle\Java\javapath;C:\Program Files (x86)\NAT Service;C:\WINDOWS\system32;C:\WINDOWS;C:\WINDOWS\System32\Wbem;C:\WINDOWS\System32\WindowsPowerShell\v1.0\;C:\WINDOWS\System32\OpenSSH\;C:\Program Files\Git\cmd;C:\Program Files\Bandizip\;C:\Program Files\nodejs\;C:\Users\user\AppData\Local\Microsoft\WindowsApps;C:\Users\user\AppData\Local\Programs\Microsoft VS Code\bin;C:\Program Files\Java\jdk-20\bin;C:\Users\user\AppData\Roaming\npm;C:\Program Files\JetBrains\IntelliJ IDEA Community Edition 2023.2.5\bin;;C:\Program Files\MariaDB 10.6\bin;
USERNAME=user
OS=Windows_NT
PROCESSOR_IDENTIFIER=Intel64 Family 6 Model 158 Stepping 9, GenuineIntel



---------------  S Y S T E M  ---------------

OS:
 Windows 10 , 64 bit Build 19041 (10.0.19041.3636)
OS uptime: 1 days 11:40 hours

CPU: total 4 (initial active 4) (4 cores per cpu, 1 threads per core) family 6 model 158 stepping 9 microcode 0xb4, cx8, cmov, fxsr, mmx, 3dnowpref, sse, sse2, sse3, ssse3, sse4.1, sse4.2, popcnt, lzcnt, tsc, tscinvbit, avx, avx2, aes, erms, clmul, bmi1, bmi2, rtm, adx, fma, vzeroupper, clflush, clflushopt

Memory: 4k page, system-wide physical 8155M (697M free)
TotalPageFile size 19155M (AvailPageFile size 39M)
current process WorkingSet (physical memory assigned to process): 273M, peak: 446M
current process commit charge ("private bytes"): 500M, peak: 528M

vm_info: Java HotSpot(TM) 64-Bit Server VM (17.0.8+9-LTS-211) for windows-amd64 JRE (17.0.8+9-LTS-211), built on Jun 14 2023 10:34:31 by "mach5one" with MS VC++ 17.1 (VS2022)

END.
